2026-02-28 14:19:28.361 [info] Reading sessions from keychain...
2026-02-28 14:19:28.361 [info] Getting sessions for all scopes...
2026-02-28 14:19:28.361 [info] Got stored sessions!
2026-02-28 14:19:28.361 [info] Got 1 verified sessions.
2026-02-28 14:19:28.361 [info] Got 1 sessions for ...
2026-02-28 14:19:28.361 [info] Getting sessions for all scopes...
2026-02-28 14:19:28.361 [info] Got 1 sessions for ...
2026-02-28 14:19:28.361 [info] Getting sessions for all scopes...
2026-02-28 14:19:28.361 [info] Got 1 sessions for ...
2026-02-28 14:19:28.361 [info] Getting sessions for all scopes...
2026-02-28 14:19:28.361 [info] Got 1 sessions for ...
2026-02-28 14:19:28.361 [info] Getting sessions for all scopes...
2026-02-28 14:19:28.361 [info] Got 1 sessions for ...
2026-02-28 14:19:28.361 [info] Getting sessions for all scopes...
2026-02-28 14:19:28.361 [info] Got 1 sessions for ...
2026-02-28 14:19:28.361 [info] Getting sessions for all scopes...
2026-02-28 14:19:28.361 [info] Got 1 sessions for ...
2026-02-28 14:19:28.361 [info] Getting sessions for all scopes...
2026-02-28 14:19:28.361 [info] Got 1 sessions for ...
2026-02-28 14:19:28.361 [info] Getting sessions for all scopes...
2026-02-28 14:19:28.361 [info] Got 1 sessions for ...
2026-02-28 14:19:28.361 [info] Getting sessions for all scopes...
2026-02-28 14:19:28.361 [info] Got 1 sessions for ...
2026-02-28 14:19:28.361 [info] Getting sessions for all scopes...
2026-02-28 14:19:28.361 [info] Got 1 sessions for ...
2026-02-28 14:19:28.361 [info] Getting sessions for all scopes...
2026-02-28 14:19:28.361 [info] Got 1 sessions for ...
2026-02-28 14:19:28.361 [info] Getting sessions for all scopes...
2026-02-28 14:19:28.361 [info] Got 1 sessions for ...
2026-02-28 14:19:28.361 [info] Getting sessions for all scopes...
2026-02-28 14:19:28.361 [info] Got 1 sessions for ...
2026-02-28 14:19:28.362 [info] Getting sessions for all scopes...
2026-02-28 14:19:28.362 [info] Got 1 sessions for ...
2026-02-28 14:19:28.362 [info] Getting sessions for all scopes...
2026-02-28 14:19:28.362 [info] Got 1 sessions for ...
2026-02-28 14:19:28.362 [info] Getting sessions for all scopes...
2026-02-28 14:19:28.362 [info] Got 1 sessions for ...
2026-02-28 14:19:28.362 [info] Getting sessions for all scopes...
2026-02-28 14:19:28.362 [info] Got 1 sessions for ...
2026-02-28 14:19:28.367 [info] Getting sessions for read:user,repo,user:email,workflow...
2026-02-28 14:19:28.367 [info] Got 1 sessions for read:user,repo,user:email,workflow...
2026-02-28 14:19:28.853 [info] Getting sessions for all scopes...
2026-02-28 14:19:28.853 [info] Got 1 sessions for ...
2026-02-28 14:19:28.996 [info] Getting sessions for all scopes...
2026-02-28 14:19:28.996 [info] Got 1 sessions for ...
2026-02-28 14:19:29.291 [info] Getting sessions for all scopes...
2026-02-28 14:19:29.291 [info] Got 1 sessions for ...
2026-02-28 14:19:29.292 [info] Getting sessions for all scopes...
2026-02-28 14:19:29.292 [info] Got 1 sessions for ...
2026-02-28 14:19:29.346 [info] Getting sessions for read:user,repo,user:email,workflow...
2026-02-28 14:19:29.346 [info] Got 1 sessions for read:user,repo,user:email,workflow...
2026-02-28 14:19:29.368 [info] Getting sessions for read:user,repo,user:email,workflow...
2026-02-28 14:19:29.368 [info] Got 1 sessions for read:user,repo,user:email,workflow...
2026-02-28 14:19:29.914 [info] FetcherService: Electron fetch failed with status: 429 
2026-02-28 14:19:29.915 [info] Unable to resolve optional EDU details. Status: 429 
2026-02-28 14:19:31.404 [info] Getting sessions for all scopes...
2026-02-28 14:19:31.405 [info] Got 1 sessions for ...
2026-02-28 14:19:31.405 [info] Getting sessions for all scopes...
2026-02-28 14:19:31.405 [info] Got 1 sessions for ...
2026-02-28 14:19:31.491 [info] Getting sessions for read:user,repo,user:email,workflow...
2026-02-28 14:19:31.491 [info] Got 1 sessions for read:user,repo,user:email,workflow...
2026-02-28 14:19:31.676 [info] Getting sessions for all scopes...
2026-02-28 14:19:31.676 [info] Got 1 sessions for ...
2026-02-28 14:19:31.677 [info] Getting sessions for all scopes...
2026-02-28 14:19:31.677 [info] Got 1 sessions for ...
2026-02-28 14:19:31.678 [info] Getting sessions for all scopes...
2026-02-28 14:19:31.678 [info] Got 1 sessions for ...
2026-02-28 14:19:31.748 [info] Getting sessions for all scopes...
2026-02-28 14:19:31.748 [info] Got 1 sessions for ...
2026-02-28 14:19:31.850 [info] Getting sessions for read:user,repo,user:email,workflow...
2026-02-28 14:19:31.850 [info] Got 1 sessions for read:user,repo,user:email,workflow...
2026-02-28 14:19:32.785 [info] Getting sessions for all scopes...
2026-02-28 14:19:32.785 [info] Got 1 sessions for ...
2026-02-28 14:19:33.000 [info] Getting sessions for read:user,repo,user:email,workflow...
2026-02-28 14:19:33.000 [info] Got 1 sessions for read:user,repo,user:email,workflow...
2026-02-28 14:19:34.044 [info] Getting sessions for all scopes...
2026-02-28 14:19:34.044 [info] Got 1 sessions for ...
2026-02-28 14:19:34.054 [info] Getting sessions for read:user,repo,user:email,workflow...
2026-02-28 14:19:34.054 [info] Got 1 sessions for read:user,repo,user:email,workflow...
2026-02-28 14:19:38.329 [info] Getting sessions for all scopes...
2026-02-28 14:19:38.329 [info] Got 1 sessions for ...
2026-02-28 14:19:38.337 [info] Getting sessions for read:user,repo,user:email,workflow...
2026-02-28 14:19:38.337 [info] Got 1 sessions for read:user,repo,user:email,workflow...
2026-02-28 14:23:23.503 [info] Getting sessions for all scopes...
2026-02-28 14:23:23.503 [info] Got 1 sessions for ...
2026-02-28 14:23:23.535 [info] Getting sessions for read:user,repo,user:email,workflow...
2026-02-28 14:23:23.535 [info] Got 1 sessions for read:user,repo,user:email,workflow...
2026-02-28 14:24:40.384 [info] Getting sessions for read:user,repo,user:email,workflow...
2026-02-28 14:24:40.384 [info] Got 1 sessions for read:user,repo,user:email,workflow...
2026-02-28 14:26:43.011 [info] Getting sessions for all scopes...
2026-02-28 14:26:43.011 [info] Got 1 sessions for ...
2026-02-28 14:26:43.011 [info] Getting sessions for read:user,repo,user:email,workflow...
2026-02-28 14:26:43.012 [info] Got 1 sessions for read:user,repo,user:email,workflow...
2026-02-28 14:26:47.093 [info] Getting sessions for read:user,repo,user:email,workflow...
2026-02-28 14:26:47.093 [info] Got 1 sessions for read:user,repo,user:email,workflow...
