2026-01-19 19:02:27.451 [info] Reading sessions from keychain...
2026-01-19 19:02:27.451 [info] Getting sessions for all scopes...
2026-01-19 19:02:27.453 [info] Got stored sessions!
2026-01-19 19:02:27.454 [info] Got 1 verified sessions.
2026-01-19 19:02:27.454 [info] Got 1 sessions for ...
2026-01-19 19:02:27.454 [info] Getting sessions for all scopes...
2026-01-19 19:02:27.454 [info] Got 1 sessions for ...
2026-01-19 19:02:27.454 [info] Getting sessions for all scopes...
2026-01-19 19:02:27.454 [info] Got 1 sessions for ...
2026-01-19 19:02:27.454 [info] Getting sessions for all scopes...
2026-01-19 19:02:27.454 [info] Got 1 sessions for ...
2026-01-19 19:02:27.454 [info] Getting sessions for all scopes...
2026-01-19 19:02:27.454 [info] Got 1 sessions for ...
2026-01-19 19:02:27.454 [info] Getting sessions for all scopes...
2026-01-19 19:02:27.454 [info] Got 1 sessions for ...
2026-01-19 19:02:27.454 [info] Getting sessions for all scopes...
2026-01-19 19:02:27.454 [info] Got 1 sessions for ...
2026-01-19 19:02:27.454 [info] Getting sessions for all scopes...
2026-01-19 19:02:27.455 [info] Got 1 sessions for ...
2026-01-19 19:02:27.455 [info] Getting sessions for all scopes...
2026-01-19 19:02:27.455 [info] Got 1 sessions for ...
2026-01-19 19:02:27.455 [info] Getting sessions for all scopes...
2026-01-19 19:02:27.455 [info] Got 1 sessions for ...
2026-01-19 19:02:27.502 [info] Getting sessions for all scopes...
2026-01-19 19:02:27.502 [info] Got 1 sessions for ...
2026-01-19 19:02:27.503 [info] Getting sessions for all scopes...
2026-01-19 19:02:27.503 [info] Got 1 sessions for ...
2026-01-19 19:02:27.891 [info] Getting sessions for all scopes...
2026-01-19 19:02:27.891 [info] Got 1 sessions for ...
2026-01-19 19:02:27.891 [info] Getting sessions for all scopes...
2026-01-19 19:02:27.891 [info] Got 1 sessions for ...
2026-01-19 19:02:27.892 [info] Getting sessions for all scopes...
2026-01-19 19:02:27.892 [info] Got 1 sessions for ...
2026-01-19 19:02:27.892 [info] Getting sessions for all scopes...
2026-01-19 19:02:27.892 [info] Got 1 sessions for ...
2026-01-19 19:02:27.892 [info] Getting sessions for all scopes...
2026-01-19 19:02:27.892 [info] Got 1 sessions for ...
2026-01-19 19:02:27.892 [info] Getting sessions for all scopes...
2026-01-19 19:02:27.892 [info] Got 1 sessions for ...
2026-01-19 19:02:28.071 [info] Getting sessions for all scopes...
2026-01-19 19:02:28.071 [info] Got 1 sessions for ...
2026-01-19 19:02:28.236 [info] Getting sessions for read:user,repo,user:email,workflow...
2026-01-19 19:02:28.237 [info] Got 1 sessions for read:user,repo,user:email,workflow...
2026-01-19 19:02:29.050 [info] Getting sessions for all scopes...
2026-01-19 19:02:29.051 [info] Got 1 sessions for ...
2026-01-19 19:02:29.052 [info] Getting sessions for all scopes...
2026-01-19 19:02:29.052 [info] Got 1 sessions for ...
2026-01-19 19:02:29.053 [info] Getting sessions for all scopes...
2026-01-19 19:02:29.053 [info] Got 1 sessions for ...
2026-01-19 19:02:29.067 [info] Getting sessions for read:user,repo,user:email,workflow...
2026-01-19 19:02:29.067 [info] Got 1 sessions for read:user,repo,user:email,workflow...
2026-01-19 19:02:29.609 [info] FetcherService: Electron fetch failed with status: 429 
2026-01-19 19:02:29.611 [info] Unable to resolve optional EDU details. Status: 429 
2026-01-19 19:02:30.602 [info] Getting sessions for read:user,repo,user:email,workflow...
2026-01-19 19:02:30.602 [info] Got 1 sessions for read:user,repo,user:email,workflow...
2026-01-19 19:02:32.608 [info] Getting sessions for all scopes...
2026-01-19 19:02:32.608 [info] Got 1 sessions for ...
2026-01-19 19:02:32.609 [info] Getting sessions for all scopes...
2026-01-19 19:02:32.609 [info] Got 1 sessions for ...
2026-01-19 19:02:32.681 [info] Getting sessions for read:user,repo,user:email,workflow...
2026-01-19 19:02:32.681 [info] Got 1 sessions for read:user,repo,user:email,workflow...
2026-01-19 19:02:36.259 [info] Getting sessions for all scopes...
2026-01-19 19:02:36.259 [info] Got 1 sessions for ...
2026-01-19 19:02:36.260 [info] Getting sessions for all scopes...
2026-01-19 19:02:36.260 [info] Got 1 sessions for ...
2026-01-19 19:02:36.269 [info] Getting sessions for read:user,repo,user:email,workflow...
2026-01-19 19:02:36.269 [info] Got 1 sessions for read:user,repo,user:email,workflow...
2026-01-19 19:02:36.453 [info] Getting sessions for all scopes...
2026-01-19 19:02:36.453 [info] Got 1 sessions for ...
2026-01-19 19:02:36.468 [info] Getting sessions for all scopes...
2026-01-19 19:02:36.468 [info] Got 1 sessions for ...
2026-01-19 19:02:36.468 [info] Getting sessions for all scopes...
2026-01-19 19:02:36.468 [info] Got 1 sessions for ...
2026-01-19 19:02:36.469 [info] Getting sessions for all scopes...
2026-01-19 19:02:36.469 [info] Got 1 sessions for ...
2026-01-19 19:02:36.960 [info] Getting sessions for read:user,repo,user:email,workflow...
2026-01-19 19:02:36.961 [info] Got 1 sessions for read:user,repo,user:email,workflow...
2026-01-19 19:02:37.138 [info] Getting sessions for all scopes...
2026-01-19 19:02:37.138 [info] Got 1 sessions for ...
2026-01-19 19:02:37.177 [info] Getting sessions for read:user,repo,user:email,workflow...
2026-01-19 19:02:37.177 [info] Got 1 sessions for read:user,repo,user:email,workflow...
2026-01-19 19:02:43.307 [info] Getting sessions for all scopes...
2026-01-19 19:02:43.307 [info] Got 1 sessions for ...
2026-01-19 19:02:43.309 [info] Getting sessions for read:user,repo,user:email,workflow...
2026-01-19 19:02:43.309 [info] Got 1 sessions for read:user,repo,user:email,workflow...
2026-01-19 19:07:36.351 [info] Getting sessions for all scopes...
2026-01-19 19:07:36.351 [info] Got 1 sessions for ...
2026-01-19 19:07:36.354 [info] Getting sessions for read:user,repo,user:email,workflow...
2026-01-19 19:07:36.354 [info] Got 1 sessions for read:user,repo,user:email,workflow...
2026-01-19 19:12:36.352 [info] Getting sessions for all scopes...
2026-01-19 19:12:36.352 [info] Got 1 sessions for ...
2026-01-19 19:12:36.355 [info] Getting sessions for read:user,repo,user:email,workflow...
2026-01-19 19:12:36.355 [info] Got 1 sessions for read:user,repo,user:email,workflow...
2026-01-19 19:13:43.918 [info] Getting sessions for all scopes...
2026-01-19 19:13:43.918 [info] Got 1 sessions for ...
2026-01-19 19:13:43.921 [info] Getting sessions for read:user,repo,user:email,workflow...
2026-01-19 19:13:43.921 [info] Got 1 sessions for read:user,repo,user:email,workflow...
