2026-02-04 19:06:16.222 [info] [main] Log level: Info
2026-02-04 19:06:16.222 [info] [main] Validating found git in: "git"
2026-02-04 19:06:16.222 [info] [main] Using git "2.52.0" from "git"
2026-02-04 19:06:16.222 [info] [Model][doInitialScan] Initial repository scan started
2026-02-04 19:06:16.222 [info] > git rev-parse --show-toplevel [5ms]
2026-02-04 19:06:16.222 [info] > git rev-parse --git-dir --git-common-dir --show-superproject-working-tree [4ms]
2026-02-04 19:06:16.222 [info] [Model][openRepository] Opened repository (path): /home/sibam/projects/Blockchain-Based-Fake-News-Detection-Network
2026-02-04 19:06:16.222 [info] [Model][openRepository] Opened repository (real path): /home/sibam/projects/Blockchain-Based-Fake-News-Detection-Network
2026-02-04 19:06:16.222 [info] [Model][openRepository] Opened repository (kind): repository
2026-02-04 19:06:16.222 [info] > git config --get commit.template [3ms]
2026-02-04 19:06:16.222 [info] > git for-each-ref --format=%(refname)%00%(upstream:short)%00%(objectname)%00%(upstream:track)%00%(upstream:remotename)%00%(upstream:remoteref) refs/heads/master refs/remotes/master [7ms]
2026-02-04 19:06:16.222 [warning] [Git][revParse] Unable to read file: ENOENT: no such file or directory, open '/home/sibam/projects/Blockchain-Based-Fake-News-Detection-Network/.git/refs/remotes/origin/master'
2026-02-04 19:06:16.222 [info] > git rev-parse refs/remotes/origin/master [48ms]
2026-02-04 19:06:16.224 [info] > git status -z -uall [17ms]
2026-02-04 19:06:16.224 [info] > git for-each-ref --sort -committerdate --format %(refname)%00%(objectname)%00%(*objectname) [6ms]
2026-02-04 19:06:16.256 [info] > git rev-parse --show-toplevel [62ms]
2026-02-04 19:06:16.280 [info] > git for-each-ref --format=%(refname)%00%(upstream:short)%00%(objectname)%00%(upstream:track)%00%(upstream:remotename)%00%(upstream:remoteref) refs/heads/master refs/remotes/master [27ms]
2026-02-04 19:06:16.357 [info] > git config --get --local branch.master.vscode-merge-base [65ms]
2026-02-04 19:06:16.357 [warning] [Git][config] git config failed: Failed to execute git
2026-02-04 19:06:16.366 [info] > git rev-parse --show-toplevel [87ms]
2026-02-04 19:06:16.367 [info] > git config --get commit.template [99ms]
2026-02-04 19:06:16.390 [info] > git reflog master --grep-reflog=branch: Created from *. [24ms]
2026-02-04 19:06:16.430 [info] > git symbolic-ref --short refs/remotes/origin/HEAD [31ms]
2026-02-04 19:06:16.439 [info] > git for-each-ref --format=%(refname)%00%(upstream:short)%00%(objectname)%00%(upstream:track)%00%(upstream:remotename)%00%(upstream:remoteref) refs/heads/master refs/remotes/master [50ms]
2026-02-04 19:06:16.440 [info] > git rev-parse --show-toplevel [62ms]
2026-02-04 19:06:16.450 [warning] [Git][revParse] Unable to read file: ENOENT: no such file or directory, open '/home/sibam/projects/Blockchain-Based-Fake-News-Detection-Network/.git/refs/remotes/origin/master'
2026-02-04 19:06:16.459 [info] > git for-each-ref --format=%(refname)%00%(upstream:short)%00%(objectname)%00%(upstream:track)%00%(upstream:remotename)%00%(upstream:remoteref) refs/heads/origin/master refs/remotes/origin/master [20ms]
2026-02-04 19:06:16.469 [info] > git rev-parse --show-toplevel [10ms]
2026-02-04 19:06:16.470 [info] > git rev-parse refs/remotes/origin/master [20ms]
2026-02-04 19:06:16.510 [info] > git status -z -uall [32ms]
2026-02-04 19:06:16.511 [info] > git for-each-ref --sort -committerdate --format %(refname)%00%(objectname)%00%(*objectname) [23ms]
2026-02-04 19:06:16.514 [info] > git config --add --local branch.master.vscode-merge-base origin/master [46ms]
2026-02-04 19:06:16.526 [info] > git rev-parse --show-toplevel [23ms]
2026-02-04 19:06:16.537 [info] > git config --get commit.template [11ms]
2026-02-04 19:06:16.544 [info] > git rev-parse --show-toplevel [8ms]
2026-02-04 19:06:16.563 [info] > git for-each-ref --format=%(refname)%00%(upstream:short)%00%(objectname)%00%(upstream:track)%00%(upstream:remotename)%00%(upstream:remoteref) refs/heads/master refs/remotes/master [9ms]
2026-02-04 19:06:16.574 [warning] [Git][revParse] Unable to read file: ENOENT: no such file or directory, open '/home/sibam/projects/Blockchain-Based-Fake-News-Detection-Network/.git/refs/remotes/origin/master'
2026-02-04 19:06:16.575 [info] > git rev-parse --show-toplevel [13ms]
2026-02-04 19:06:16.592 [info] > git rev-parse refs/remotes/origin/master [18ms]
2026-02-04 19:06:16.610 [info] > git status -z -uall [10ms]
2026-02-04 19:06:16.611 [info] > git rev-parse --show-toplevel [26ms]
2026-02-04 19:06:16.643 [info] > git for-each-ref --sort -committerdate --format %(refname)%00%(objectname)%00%(*objectname) [33ms]
2026-02-04 19:06:16.678 [info] > git check-ignore -v -z --stdin [1ms]
2026-02-04 19:06:16.678 [info] > git merge-base refs/heads/master refs/remotes/origin/master [13ms]
2026-02-04 19:06:16.689 [info] > git merge-base refs/heads/master refs/remotes/origin/master [33ms]
2026-02-04 19:06:16.701 [info] > git rev-parse --show-toplevel [59ms]
2026-02-04 19:06:16.805 [info] > git diff --raw --numstat --diff-filter=ADMR -z --find-renames=50% c1322da62c212b76494d4132af69577ed5f2126b...refs/remotes/origin/master -- [104ms]
2026-02-04 19:06:16.805 [info] > git diff --raw --numstat --diff-filter=ADMR -z --find-renames=50% c1322da62c212b76494d4132af69577ed5f2126b...refs/remotes/origin/master -- [116ms]
2026-02-04 19:06:16.821 [info] > git rev-parse --show-toplevel [109ms]
2026-02-04 19:06:16.844 [info] > git rev-parse --show-toplevel [3ms]
2026-02-04 19:06:16.857 [info] > git rev-parse --show-toplevel [3ms]
2026-02-04 19:06:16.876 [info] > git rev-parse --show-toplevel [1ms]
2026-02-04 19:06:16.879 [info] [Model][doInitialScan] Initial repository scan completed - repositories (1), closed repositories (0), parent repositories (0), unsafe repositories (0)
2026-02-04 19:06:17.786 [info] > git config --get commit.template [28ms]
2026-02-04 19:06:17.822 [info] > git for-each-ref --format=%(refname)%00%(upstream:short)%00%(objectname)%00%(upstream:track)%00%(upstream:remotename)%00%(upstream:remoteref) refs/heads/master refs/remotes/master [4ms]
2026-02-04 19:06:17.835 [warning] [Git][revParse] Unable to read file: ENOENT: no such file or directory, open '/home/sibam/projects/Blockchain-Based-Fake-News-Detection-Network/.git/refs/remotes/origin/master'
2026-02-04 19:06:17.845 [info] > git rev-parse refs/remotes/origin/master [10ms]
2026-02-04 19:06:17.865 [info] > git status -z -uall [10ms]
2026-02-04 19:06:17.866 [info] > git for-each-ref --sort -committerdate --format %(refname)%00%(objectname)%00%(*objectname) [2ms]
2026-02-04 19:06:33.074 [info] > git check-ignore -v -z --stdin [2ms]
2026-02-04 19:19:48.607 [info] > git check-ignore -v -z --stdin [2ms]
2026-02-04 19:19:49.319 [info] > git check-ignore -v -z --stdin [5ms]
2026-02-04 19:19:49.346 [info] > git show --textconv :Demo News Files/news2.txt [12ms]
2026-02-04 19:19:49.347 [info] > git ls-files --stage -- Demo News Files/news2.txt [2ms]
2026-02-04 19:19:49.358 [info] > git cat-file -s d6b45d6e5be0ccf42929239b7744f48ca48c2ef9 [2ms]
2026-02-04 19:19:50.758 [info] > git check-ignore -v -z --stdin [2ms]
2026-02-04 19:19:50.783 [info] > git show --textconv :Demo News Files/news1.txt [12ms]
2026-02-04 19:19:50.784 [info] > git ls-files --stage -- Demo News Files/news1.txt [3ms]
2026-02-04 19:19:50.795 [info] > git cat-file -s 5714acc5d5ada54c235acb036a74c4893087f80c [2ms]
2026-02-04 19:19:51.697 [info] > git check-ignore -v -z --stdin [2ms]
2026-02-04 19:19:51.722 [info] > git show --textconv :Demo News Files/news3.txt [13ms]
2026-02-04 19:19:51.723 [info] > git ls-files --stage -- Demo News Files/news3.txt [3ms]
2026-02-04 19:19:51.735 [info] > git cat-file -s 24234fefa0df6caadc156214163213d7c868d3cc [2ms]
2026-02-04 19:19:53.336 [info] > git check-ignore -v -z --stdin [2ms]
2026-02-04 19:19:53.841 [info] > git check-ignore -v -z --stdin [2ms]
2026-02-04 19:19:53.879 [info] > git show --textconv :blockchain/block.py [17ms]
2026-02-04 19:19:53.882 [info] > git ls-files --stage -- blockchain/block.py [4ms]
2026-02-04 19:19:53.899 [info] > git cat-file -s 81c8d627c91761db1a6e6ffc0ca4770e082d8b41 [2ms]
2026-02-04 19:20:13.439 [info] > git check-ignore -v -z --stdin [2ms]
2026-02-04 19:20:13.470 [info] > git show --textconv :blockchain/account.py [17ms]
2026-02-04 19:20:13.471 [info] > git ls-files --stage -- blockchain/account.py [3ms]
2026-02-04 19:20:13.487 [info] > git cat-file -s 16eaab66ed6f764bd3328eda23c49e0a0544802f [3ms]
2026-02-04 19:20:19.285 [info] > git blame --root --incremental c1322da62c212b76494d4132af69577ed5f2126b -- blockchain/account.py [4ms]
2026-02-04 19:22:03.615 [info] > git check-ignore -v -z --stdin [2ms]
2026-02-04 19:22:03.641 [info] > git show --textconv :requirements.txt [13ms]
2026-02-04 19:22:03.642 [info] > git ls-files --stage -- requirements.txt [3ms]
2026-02-04 19:22:03.653 [info] > git cat-file -s a971c24136d8e63fd994f10bb20dc552801ed811 [2ms]
2026-02-04 19:27:37.949 [info] > git for-each-ref --format=%(refname)%00%(upstream:short)%00%(objectname)%00%(upstream:track)%00%(upstream:remotename)%00%(upstream:remoteref) refs/heads/master refs/remotes/master [13ms]
2026-02-04 19:27:37.949 [info] > git config --get commit.template [23ms]
2026-02-04 19:27:37.960 [warning] [Git][revParse] Unable to read file: ENOENT: no such file or directory, open '/home/sibam/projects/Blockchain-Based-Fake-News-Detection-Network/.git/refs/remotes/origin/master'
2026-02-04 19:27:37.961 [info] > git check-ignore -v -z --stdin [13ms]
2026-02-04 19:27:37.962 [info] > git rev-parse refs/remotes/origin/master [2ms]
2026-02-04 19:27:37.984 [info] > git status -z -uall [12ms]
2026-02-04 19:27:37.986 [info] > git for-each-ref --sort -committerdate --format %(refname)%00%(objectname)%00%(*objectname) [2ms]
2026-02-04 19:27:43.429 [info] > git config --get commit.template [15ms]
2026-02-04 19:27:43.430 [info] > git for-each-ref --format=%(refname)%00%(upstream:short)%00%(objectname)%00%(upstream:track)%00%(upstream:remotename)%00%(upstream:remoteref) refs/heads/master refs/remotes/master [3ms]
2026-02-04 19:27:43.444 [warning] [Git][revParse] Unable to read file: ENOENT: no such file or directory, open '/home/sibam/projects/Blockchain-Based-Fake-News-Detection-Network/.git/refs/remotes/origin/master'
2026-02-04 19:27:43.447 [info] > git rev-parse refs/remotes/origin/master [3ms]
2026-02-04 19:27:43.478 [info] > git status -z -uall [18ms]
2026-02-04 19:27:43.479 [info] > git for-each-ref --sort -committerdate --format %(refname)%00%(objectname)%00%(*objectname) [3ms]
2026-02-04 19:28:16.024 [info] > git check-ignore -v -z --stdin [2ms]
2026-02-04 19:28:16.050 [info] > git show --textconv :requirements.txt [12ms]
2026-02-04 19:28:16.051 [info] > git ls-files --stage -- requirements.txt [2ms]
2026-02-04 19:28:16.064 [info] > git cat-file -s a971c24136d8e63fd994f10bb20dc552801ed811 [2ms]
2026-02-04 19:29:40.165 [info] > git config --get commit.template [12ms]
2026-02-04 19:29:40.166 [info] > git for-each-ref --format=%(refname)%00%(upstream:short)%00%(objectname)%00%(upstream:track)%00%(upstream:remotename)%00%(upstream:remoteref) refs/heads/master refs/remotes/master [2ms]
2026-02-04 19:29:40.177 [warning] [Git][revParse] Unable to read file: ENOENT: no such file or directory, open '/home/sibam/projects/Blockchain-Based-Fake-News-Detection-Network/.git/refs/remotes/origin/master'
2026-02-04 19:29:40.178 [info] > git rev-parse refs/remotes/origin/master [1ms]
2026-02-04 19:29:40.201 [info] > git status -z -uall [12ms]
2026-02-04 19:29:40.202 [info] > git for-each-ref --sort -committerdate --format %(refname)%00%(objectname)%00%(*objectname) [2ms]
2026-02-04 19:30:13.473 [info] > git config --get commit.template [12ms]
2026-02-04 19:30:13.474 [info] > git for-each-ref --format=%(refname)%00%(upstream:short)%00%(objectname)%00%(upstream:track)%00%(upstream:remotename)%00%(upstream:remoteref) refs/heads/master refs/remotes/master [2ms]
2026-02-04 19:30:13.485 [warning] [Git][revParse] Unable to read file: ENOENT: no such file or directory, open '/home/sibam/projects/Blockchain-Based-Fake-News-Detection-Network/.git/refs/remotes/origin/master'
2026-02-04 19:30:13.486 [info] > git rev-parse refs/remotes/origin/master [1ms]
2026-02-04 19:30:13.509 [info] > git status -z -uall [12ms]
2026-02-04 19:30:13.511 [info] > git for-each-ref --sort -committerdate --format %(refname)%00%(objectname)%00%(*objectname) [2ms]
2026-02-04 19:30:15.341 [info] > git check-ignore -v -z --stdin [2ms]
2026-02-04 19:30:18.537 [info] > git config --get commit.template [11ms]
2026-02-04 19:30:18.538 [info] > git for-each-ref --format=%(refname)%00%(upstream:short)%00%(objectname)%00%(upstream:track)%00%(upstream:remotename)%00%(upstream:remoteref) refs/heads/master refs/remotes/master [2ms]
2026-02-04 19:30:18.548 [warning] [Git][revParse] Unable to read file: ENOENT: no such file or directory, open '/home/sibam/projects/Blockchain-Based-Fake-News-Detection-Network/.git/refs/remotes/origin/master'
2026-02-04 19:30:18.550 [info] > git rev-parse refs/remotes/origin/master [2ms]
2026-02-04 19:30:18.572 [info] > git status -z -uall [12ms]
2026-02-04 19:30:18.573 [info] > git for-each-ref --sort -committerdate --format %(refname)%00%(objectname)%00%(*objectname) [2ms]
2026-02-04 19:30:18.679 [info] > git check-ignore -v -z --stdin [2ms]
2026-02-04 19:30:21.041 [info] > git check-ignore -v -z --stdin [2ms]
2026-02-04 19:30:27.627 [info] > git check-ignore -v -z --stdin [3ms]
2026-02-04 19:30:29.648 [info] > git check-ignore -v -z --stdin [2ms]
2026-02-04 19:30:30.792 [info] > git check-ignore -v -z --stdin [1ms]
2026-02-04 19:30:45.069 [info] > git check-ignore -v -z --stdin [2ms]
2026-02-04 19:34:44.945 [info] > git check-ignore -v -z --stdin [2ms]
2026-02-04 19:34:45.043 [info] > git config --get commit.template [11ms]
2026-02-04 19:34:45.043 [info] > git for-each-ref --format=%(refname)%00%(upstream:short)%00%(objectname)%00%(upstream:track)%00%(upstream:remotename)%00%(upstream:remoteref) refs/heads/master refs/remotes/master [1ms]
2026-02-04 19:34:45.053 [warning] [Git][revParse] Unable to read file: ENOENT: no such file or directory, open '/home/sibam/projects/Blockchain-Based-Fake-News-Detection-Network/.git/refs/remotes/origin/master'
2026-02-04 19:34:45.055 [info] > git rev-parse refs/remotes/origin/master [2ms]
2026-02-04 19:34:45.076 [info] > git status -z -uall [11ms]
2026-02-04 19:34:45.077 [info] > git for-each-ref --sort -committerdate --format %(refname)%00%(objectname)%00%(*objectname) [2ms]
2026-02-04 19:34:45.394 [info] > git check-ignore -v -z --stdin [1ms]
2026-02-04 19:34:50.111 [info] > git config --get commit.template [13ms]
2026-02-04 19:34:50.112 [info] > git for-each-ref --format=%(refname)%00%(upstream:short)%00%(objectname)%00%(upstream:track)%00%(upstream:remotename)%00%(upstream:remoteref) refs/heads/master refs/remotes/master [2ms]
2026-02-04 19:34:50.123 [warning] [Git][revParse] Unable to read file: ENOENT: no such file or directory, open '/home/sibam/projects/Blockchain-Based-Fake-News-Detection-Network/.git/refs/remotes/origin/master'
2026-02-04 19:34:50.125 [info] > git rev-parse refs/remotes/origin/master [2ms]
2026-02-04 19:34:50.147 [info] > git status -z -uall [12ms]
2026-02-04 19:34:50.148 [info] > git for-each-ref --sort -committerdate --format %(refname)%00%(objectname)%00%(*objectname) [3ms]
2026-02-04 19:34:50.464 [info] > git check-ignore -v -z --stdin [1ms]
2026-02-04 19:37:54.135 [info] > git config --get commit.template [11ms]
2026-02-04 19:37:54.136 [info] > git for-each-ref --format=%(refname)%00%(upstream:short)%00%(objectname)%00%(upstream:track)%00%(upstream:remotename)%00%(upstream:remoteref) refs/heads/master refs/remotes/master [2ms]
2026-02-04 19:37:54.147 [warning] [Git][revParse] Unable to read file: ENOENT: no such file or directory, open '/home/sibam/projects/Blockchain-Based-Fake-News-Detection-Network/.git/refs/remotes/origin/master'
2026-02-04 19:37:54.148 [info] > git rev-parse refs/remotes/origin/master [1ms]
2026-02-04 19:37:54.169 [info] > git status -z -uall [11ms]
2026-02-04 19:37:54.170 [info] > git for-each-ref --sort -committerdate --format %(refname)%00%(objectname)%00%(*objectname) [2ms]
2026-02-04 19:49:29.825 [info] > git config --get commit.template [12ms]
2026-02-04 19:49:29.826 [info] > git for-each-ref --format=%(refname)%00%(upstream:short)%00%(objectname)%00%(upstream:track)%00%(upstream:remotename)%00%(upstream:remoteref) refs/heads/master refs/remotes/master [2ms]
2026-02-04 19:49:29.836 [warning] [Git][revParse] Unable to read file: ENOENT: no such file or directory, open '/home/sibam/projects/Blockchain-Based-Fake-News-Detection-Network/.git/refs/remotes/origin/master'
2026-02-04 19:49:29.838 [info] > git rev-parse refs/remotes/origin/master [2ms]
2026-02-04 19:49:29.860 [info] > git status -z -uall [12ms]
2026-02-04 19:49:29.861 [info] > git for-each-ref --sort -committerdate --format %(refname)%00%(objectname)%00%(*objectname) [3ms]
2026-02-04 19:50:49.602 [info] > git config --get commit.template [16ms]
2026-02-04 19:50:49.603 [info] > git for-each-ref --format=%(refname)%00%(upstream:short)%00%(objectname)%00%(upstream:track)%00%(upstream:remotename)%00%(upstream:remoteref) refs/heads/master refs/remotes/master [4ms]
2026-02-04 19:50:49.620 [warning] [Git][revParse] Unable to read file: ENOENT: no such file or directory, open '/home/sibam/projects/Blockchain-Based-Fake-News-Detection-Network/.git/refs/remotes/origin/master'
2026-02-04 19:50:49.622 [info] > git rev-parse refs/remotes/origin/master [2ms]
2026-02-04 19:50:49.645 [info] > git status -z -uall [12ms]
2026-02-04 19:50:49.647 [info] > git for-each-ref --sort -committerdate --format %(refname)%00%(objectname)%00%(*objectname) [2ms]
2026-02-04 19:50:54.681 [info] > git config --get commit.template [16ms]
2026-02-04 19:50:54.681 [info] > git for-each-ref --format=%(refname)%00%(upstream:short)%00%(objectname)%00%(upstream:track)%00%(upstream:remotename)%00%(upstream:remoteref) refs/heads/master refs/remotes/master [2ms]
2026-02-04 19:50:54.693 [warning] [Git][revParse] Unable to read file: ENOENT: no such file or directory, open '/home/sibam/projects/Blockchain-Based-Fake-News-Detection-Network/.git/refs/remotes/origin/master'
2026-02-04 19:50:54.695 [info] > git rev-parse refs/remotes/origin/master [1ms]
2026-02-04 19:50:54.716 [info] > git status -z -uall [12ms]
2026-02-04 19:50:54.718 [info] > git for-each-ref --sort -committerdate --format %(refname)%00%(objectname)%00%(*objectname) [2ms]
2026-02-04 19:51:21.108 [info] > git config --get commit.template [12ms]
2026-02-04 19:51:21.109 [info] > git for-each-ref --format=%(refname)%00%(upstream:short)%00%(objectname)%00%(upstream:track)%00%(upstream:remotename)%00%(upstream:remoteref) refs/heads/master refs/remotes/master [2ms]
2026-02-04 19:51:21.122 [warning] [Git][revParse] Unable to read file: ENOENT: no such file or directory, open '/home/sibam/projects/Blockchain-Based-Fake-News-Detection-Network/.git/refs/remotes/origin/master'
2026-02-04 19:51:21.124 [info] > git rev-parse refs/remotes/origin/master [2ms]
2026-02-04 19:51:21.146 [info] > git status -z -uall [13ms]
2026-02-04 19:51:21.148 [info] > git for-each-ref --sort -committerdate --format %(refname)%00%(objectname)%00%(*objectname) [2ms]
2026-02-04 19:51:21.465 [info] > git check-ignore -v -z --stdin [2ms]
2026-02-04 19:51:26.181 [info] > git config --get commit.template [16ms]
2026-02-04 19:51:26.183 [info] > git for-each-ref --format=%(refname)%00%(upstream:short)%00%(objectname)%00%(upstream:track)%00%(upstream:remotename)%00%(upstream:remoteref) refs/heads/master refs/remotes/master [2ms]
2026-02-04 19:51:26.193 [warning] [Git][revParse] Unable to read file: ENOENT: no such file or directory, open '/home/sibam/projects/Blockchain-Based-Fake-News-Detection-Network/.git/refs/remotes/origin/master'
2026-02-04 19:51:26.194 [info] > git rev-parse refs/remotes/origin/master [1ms]
2026-02-04 19:51:26.216 [info] > git status -z -uall [12ms]
2026-02-04 19:51:26.217 [info] > git for-each-ref --sort -committerdate --format %(refname)%00%(objectname)%00%(*objectname) [2ms]
2026-02-04 19:51:26.535 [info] > git check-ignore -v -z --stdin [2ms]
2026-02-04 20:06:15.069 [info] > git config --get commit.template [17ms]
2026-02-04 20:06:15.072 [info] > git for-each-ref --format=%(refname)%00%(upstream:short)%00%(objectname)%00%(upstream:track)%00%(upstream:remotename)%00%(upstream:remoteref) refs/heads/master refs/remotes/master [3ms]
2026-02-04 20:06:15.088 [warning] [Git][revParse] Unable to read file: ENOENT: no such file or directory, open '/home/sibam/projects/Blockchain-Based-Fake-News-Detection-Network/.git/refs/remotes/origin/master'
2026-02-04 20:06:15.091 [info] > git rev-parse refs/remotes/origin/master [3ms]
2026-02-04 20:06:15.124 [info] > git status -z -uall [17ms]
2026-02-04 20:06:15.125 [info] > git for-each-ref --sort -committerdate --format %(refname)%00%(objectname)%00%(*objectname) [2ms]
2026-02-04 20:06:15.450 [info] > git check-ignore -v -z --stdin [5ms]
2026-02-04 20:06:23.272 [info] > git config --get commit.template [15ms]
2026-02-04 20:06:23.275 [info] > git for-each-ref --format=%(refname)%00%(upstream:short)%00%(objectname)%00%(upstream:track)%00%(upstream:remotename)%00%(upstream:remoteref) refs/heads/master refs/remotes/master [4ms]
2026-02-04 20:06:23.289 [warning] [Git][revParse] Unable to read file: ENOENT: no such file or directory, open '/home/sibam/projects/Blockchain-Based-Fake-News-Detection-Network/.git/refs/remotes/origin/master'
2026-02-04 20:06:23.291 [info] > git rev-parse refs/remotes/origin/master [2ms]
2026-02-04 20:06:23.320 [info] > git status -z -uall [15ms]
2026-02-04 20:06:23.322 [info] > git for-each-ref --sort -committerdate --format %(refname)%00%(objectname)%00%(*objectname) [3ms]
2026-02-04 20:06:28.359 [info] > git config --get commit.template [15ms]
2026-02-04 20:06:28.360 [info] > git for-each-ref --format=%(refname)%00%(upstream:short)%00%(objectname)%00%(upstream:track)%00%(upstream:remotename)%00%(upstream:remoteref) refs/heads/master refs/remotes/master [2ms]
2026-02-04 20:06:28.372 [warning] [Git][revParse] Unable to read file: ENOENT: no such file or directory, open '/home/sibam/projects/Blockchain-Based-Fake-News-Detection-Network/.git/refs/remotes/origin/master'
2026-02-04 20:06:28.374 [info] > git rev-parse refs/remotes/origin/master [2ms]
2026-02-04 20:06:28.402 [info] > git status -z -uall [15ms]
2026-02-04 20:06:28.404 [info] > git for-each-ref --sort -committerdate --format %(refname)%00%(objectname)%00%(*objectname) [3ms]
2026-02-04 20:08:05.827 [info] > git config --get commit.template [20ms]
2026-02-04 20:08:05.829 [info] > git for-each-ref --format=%(refname)%00%(upstream:short)%00%(objectname)%00%(upstream:track)%00%(upstream:remotename)%00%(upstream:remoteref) refs/heads/master refs/remotes/master [4ms]
2026-02-04 20:08:05.841 [warning] [Git][revParse] Unable to read file: ENOENT: no such file or directory, open '/home/sibam/projects/Blockchain-Based-Fake-News-Detection-Network/.git/refs/remotes/origin/master'
2026-02-04 20:08:05.844 [info] > git rev-parse refs/remotes/origin/master [3ms]
2026-02-04 20:08:05.870 [info] > git status -z -uall [13ms]
2026-02-04 20:08:05.871 [info] > git for-each-ref --sort -committerdate --format %(refname)%00%(objectname)%00%(*objectname) [2ms]
2026-02-04 20:08:09.422 [info] > git check-ignore -v -z --stdin [3ms]
2026-02-04 20:08:09.456 [info] > git show --textconv :requirements.txt [17ms]
2026-02-04 20:08:09.459 [info] > git ls-files --stage -- requirements.txt [4ms]
2026-02-04 20:08:09.476 [info] > git cat-file -s a971c24136d8e63fd994f10bb20dc552801ed811 [3ms]
2026-02-04 20:08:11.571 [info] > git blame --root --incremental c1322da62c212b76494d4132af69577ed5f2126b -- requirements.txt [6ms]
2026-02-04 20:08:14.031 [info] > git check-ignore -v -z --stdin [2ms]
2026-02-04 20:08:14.626 [info] > git check-ignore -v -z --stdin [3ms]
2026-02-04 20:08:15.622 [info] > git check-ignore -v -z --stdin [3ms]
2026-02-04 20:08:16.306 [info] > git check-ignore -v -z --stdin [2ms]
2026-02-04 20:08:18.339 [info] > git config --get commit.template [7ms]
2026-02-04 20:08:18.354 [info] > git for-each-ref --format=%(refname)%00%(upstream:short)%00%(objectname)%00%(upstream:track)%00%(upstream:remotename)%00%(upstream:remoteref) refs/heads/master refs/remotes/master [3ms]
2026-02-04 20:08:18.368 [warning] [Git][revParse] Unable to read file: ENOENT: no such file or directory, open '/home/sibam/projects/Blockchain-Based-Fake-News-Detection-Network/.git/refs/remotes/origin/master'
2026-02-04 20:08:18.370 [info] > git rev-parse refs/remotes/origin/master [2ms]
2026-02-04 20:08:18.402 [info] > git status -z -uall [16ms]
2026-02-04 20:08:18.404 [info] > git for-each-ref --sort -committerdate --format %(refname)%00%(objectname)%00%(*objectname) [3ms]
2026-02-04 20:08:18.730 [info] > git check-ignore -v -z --stdin [3ms]
2026-02-04 20:10:47.281 [info] > git check-ignore -v -z --stdin [2ms]
2026-02-04 20:10:47.917 [info] > git check-ignore -v -z --stdin [2ms]
2026-02-04 20:10:47.940 [info] > git show --textconv :Generated_QRs/keep.txt [10ms]
2026-02-04 20:10:47.941 [info] > git ls-files --stage -- Generated_QRs/keep.txt [1ms]
2026-02-04 20:10:47.953 [info] > git cat-file -s eb8110bda58ec9637814b01436a7ba3af399b330 [1ms]
2026-02-04 20:10:49.913 [info] > git check-ignore -v -z --stdin [2ms]
2026-02-04 20:10:50.571 [info] > git config --get commit.template [11ms]
2026-02-04 20:10:50.572 [info] > git for-each-ref --format=%(refname)%00%(upstream:short)%00%(objectname)%00%(upstream:track)%00%(upstream:remotename)%00%(upstream:remoteref) refs/heads/master refs/remotes/master [2ms]
2026-02-04 20:10:50.582 [warning] [Git][revParse] Unable to read file: ENOENT: no such file or directory, open '/home/sibam/projects/Blockchain-Based-Fake-News-Detection-Network/.git/refs/remotes/origin/master'
2026-02-04 20:10:50.584 [info] > git rev-parse refs/remotes/origin/master [2ms]
2026-02-04 20:10:50.606 [info] > git status -z -uall [12ms]
2026-02-04 20:10:50.607 [info] > git for-each-ref --sort -committerdate --format %(refname)%00%(objectname)%00%(*objectname) [2ms]
2026-02-04 20:10:51.054 [info] > git check-ignore -v -z --stdin [2ms]
2026-02-04 20:10:51.111 [info] > git show --textconv :ipfs/ipfs_handler.py [17ms]
2026-02-04 20:10:51.113 [info] > git ls-files --stage -- ipfs/ipfs_handler.py [4ms]
2026-02-04 20:10:51.130 [info] > git cat-file -s 7417f17bc8946dbf913230cea6a903525c987b63 [3ms]
2026-02-04 20:10:55.632 [info] > git config --get commit.template [12ms]
2026-02-04 20:10:55.633 [info] > git for-each-ref --format=%(refname)%00%(upstream:short)%00%(objectname)%00%(upstream:track)%00%(upstream:remotename)%00%(upstream:remoteref) refs/heads/master refs/remotes/master [2ms]
2026-02-04 20:10:55.644 [warning] [Git][revParse] Unable to read file: ENOENT: no such file or directory, open '/home/sibam/projects/Blockchain-Based-Fake-News-Detection-Network/.git/refs/remotes/origin/master'
2026-02-04 20:10:55.646 [info] > git rev-parse refs/remotes/origin/master [2ms]
2026-02-04 20:10:55.667 [info] > git status -z -uall [10ms]
2026-02-04 20:10:55.669 [info] > git for-each-ref --sort -committerdate --format %(refname)%00%(objectname)%00%(*objectname) [3ms]
2026-02-04 20:10:55.992 [info] > git check-ignore -v -z --stdin [2ms]
2026-02-04 20:11:00.684 [info] > git config --get commit.template [2ms]
2026-02-04 20:11:00.697 [info] > git for-each-ref --format=%(refname)%00%(upstream:short)%00%(objectname)%00%(upstream:track)%00%(upstream:remotename)%00%(upstream:remoteref) refs/heads/master refs/remotes/master [2ms]
2026-02-04 20:11:00.710 [warning] [Git][revParse] Unable to read file: ENOENT: no such file or directory, open '/home/sibam/projects/Blockchain-Based-Fake-News-Detection-Network/.git/refs/remotes/origin/master'
2026-02-04 20:11:00.711 [info] > git rev-parse refs/remotes/origin/master [1ms]
2026-02-04 20:11:00.736 [info] > git status -z -uall [11ms]
2026-02-04 20:11:00.737 [info] > git for-each-ref --sort -committerdate --format %(refname)%00%(objectname)%00%(*objectname) [2ms]
2026-02-04 20:11:01.054 [info] > git check-ignore -v -z --stdin [2ms]
2026-02-04 20:11:03.365 [info] > git check-ignore -v -z --stdin [2ms]
2026-02-04 20:11:05.753 [info] > git config --get commit.template [2ms]
2026-02-04 20:11:05.766 [info] > git for-each-ref --format=%(refname)%00%(upstream:short)%00%(objectname)%00%(upstream:track)%00%(upstream:remotename)%00%(upstream:remoteref) refs/heads/master refs/remotes/master [2ms]
2026-02-04 20:11:05.779 [warning] [Git][revParse] Unable to read file: ENOENT: no such file or directory, open '/home/sibam/projects/Blockchain-Based-Fake-News-Detection-Network/.git/refs/remotes/origin/master'
2026-02-04 20:11:05.780 [info] > git rev-parse refs/remotes/origin/master [1ms]
2026-02-04 20:11:05.805 [info] > git status -z -uall [13ms]
2026-02-04 20:11:05.807 [info] > git for-each-ref --sort -committerdate --format %(refname)%00%(objectname)%00%(*objectname) [4ms]
2026-02-04 20:11:11.481 [info] > git config --get commit.template [14ms]
2026-02-04 20:11:11.482 [info] > git for-each-ref --format=%(refname)%00%(upstream:short)%00%(objectname)%00%(upstream:track)%00%(upstream:remotename)%00%(upstream:remoteref) refs/heads/master refs/remotes/master [4ms]
2026-02-04 20:11:11.492 [warning] [Git][revParse] Unable to read file: ENOENT: no such file or directory, open '/home/sibam/projects/Blockchain-Based-Fake-News-Detection-Network/.git/refs/remotes/origin/master'
2026-02-04 20:11:11.493 [info] > git rev-parse refs/remotes/origin/master [1ms]
2026-02-04 20:11:11.516 [info] > git status -z -uall [11ms]
2026-02-04 20:11:11.518 [info] > git for-each-ref --sort -committerdate --format %(refname)%00%(objectname)%00%(*objectname) [2ms]
2026-02-04 20:11:19.449 [info] > git config --get commit.template [12ms]
2026-02-04 20:11:19.451 [info] > git for-each-ref --format=%(refname)%00%(upstream:short)%00%(objectname)%00%(upstream:track)%00%(upstream:remotename)%00%(upstream:remoteref) refs/heads/master refs/remotes/master [2ms]
2026-02-04 20:11:19.461 [warning] [Git][revParse] Unable to read file: ENOENT: no such file or directory, open '/home/sibam/projects/Blockchain-Based-Fake-News-Detection-Network/.git/refs/remotes/origin/master'
2026-02-04 20:11:19.462 [info] > git rev-parse refs/remotes/origin/master [1ms]
2026-02-04 20:11:19.485 [info] > git status -z -uall [12ms]
2026-02-04 20:11:19.486 [info] > git for-each-ref --sort -committerdate --format %(refname)%00%(objectname)%00%(*objectname) [2ms]
2026-02-04 20:11:21.125 [info] > git check-ignore -v -z --stdin [2ms]
2026-02-04 20:11:21.153 [info] > git show --textconv :nlp/ml_model.py [14ms]
2026-02-04 20:11:21.154 [info] > git ls-files --stage -- nlp/ml_model.py [2ms]
2026-02-04 20:11:21.166 [info] > git cat-file -s 94bcdb80f52083b00c787804bf91e4ca2d25f9c5 [2ms]
2026-02-04 20:11:24.527 [info] > git config --get commit.template [20ms]
2026-02-04 20:11:24.529 [info] > git for-each-ref --format=%(refname)%00%(upstream:short)%00%(objectname)%00%(upstream:track)%00%(upstream:remotename)%00%(upstream:remoteref) refs/heads/master refs/remotes/master [4ms]
2026-02-04 20:11:24.547 [warning] [Git][revParse] Unable to read file: ENOENT: no such file or directory, open '/home/sibam/projects/Blockchain-Based-Fake-News-Detection-Network/.git/refs/remotes/origin/master'
2026-02-04 20:11:24.550 [info] > git rev-parse refs/remotes/origin/master [3ms]
2026-02-04 20:11:24.590 [info] > git status -z -uall [20ms]
2026-02-04 20:11:24.592 [info] > git for-each-ref --sort -committerdate --format %(refname)%00%(objectname)%00%(*objectname) [3ms]
2026-02-04 20:11:24.918 [info] > git check-ignore -v -z --stdin [2ms]
2026-02-04 20:11:28.228 [info] > git check-ignore -v -z --stdin [2ms]
2026-02-04 20:11:28.267 [info] > git show --textconv :nlp/ml_model.py [16ms]
2026-02-04 20:11:28.269 [info] > git ls-files --stage -- nlp/ml_model.py [3ms]
2026-02-04 20:11:28.284 [info] > git cat-file -s 94bcdb80f52083b00c787804bf91e4ca2d25f9c5 [1ms]
2026-02-04 20:11:33.495 [info] > git check-ignore -v -z --stdin [3ms]
2026-02-04 20:11:33.526 [info] > git show --textconv :ipfs/ipfs_handler.py [15ms]
2026-02-04 20:11:33.528 [info] > git ls-files --stage -- ipfs/ipfs_handler.py [3ms]
2026-02-04 20:11:33.545 [info] > git cat-file -s 7417f17bc8946dbf913230cea6a903525c987b63 [3ms]
2026-02-04 20:11:35.243 [info] > git check-ignore -v -z --stdin [1ms]
2026-02-04 20:11:35.269 [info] > git show --textconv :Demo News Files/news4.txt [12ms]
2026-02-04 20:11:35.270 [info] > git ls-files --stage -- Demo News Files/news4.txt [3ms]
2026-02-04 20:11:35.282 [info] > git cat-file -s 9b85209a749bf393f9ae4d24f09f817ed5367954 [1ms]
2026-02-04 20:11:37.149 [info] > git check-ignore -v -z --stdin [3ms]
2026-02-04 20:11:37.186 [info] > git show --textconv :Demo News Files/news3.txt [19ms]
2026-02-04 20:11:37.188 [info] > git ls-files --stage -- Demo News Files/news3.txt [2ms]
2026-02-04 20:11:37.204 [info] > git cat-file -s 24234fefa0df6caadc156214163213d7c868d3cc [3ms]
2026-02-04 20:11:38.029 [info] > git check-ignore -v -z --stdin [3ms]
2026-02-04 20:11:38.061 [info] > git show --textconv :Demo News Files/news2.txt [16ms]
2026-02-04 20:11:38.063 [info] > git ls-files --stage -- Demo News Files/news2.txt [2ms]
2026-02-04 20:11:38.076 [info] > git cat-file -s d6b45d6e5be0ccf42929239b7744f48ca48c2ef9 [1ms]
2026-02-04 20:11:40.853 [info] > git check-ignore -v -z --stdin [1ms]
2026-02-04 20:11:41.546 [info] > git check-ignore -v -z --stdin [1ms]
2026-02-04 20:11:41.572 [info] > git show --textconv :BootstrapNode/app.py [12ms]
2026-02-04 20:11:41.573 [info] > git ls-files --stage -- BootstrapNode/app.py [2ms]
2026-02-04 20:11:41.583 [info] > git cat-file -s 13452f8c43f8c0119a2d76fcdd91ebb7ae2bdb07 [2ms]
2026-02-04 20:11:46.701 [info] > git blame --root --incremental c1322da62c212b76494d4132af69577ed5f2126b -- BootstrapNode/app.py [2ms]
2026-02-04 20:11:53.177 [info] > git check-ignore -v -z --stdin [1ms]
2026-02-04 20:11:53.226 [info] > git show --textconv :blockchain/block.py [14ms]
2026-02-04 20:11:53.227 [info] > git ls-files --stage -- blockchain/block.py [2ms]
2026-02-04 20:11:53.239 [info] > git cat-file -s 81c8d627c91761db1a6e6ffc0ca4770e082d8b41 [2ms]
2026-02-04 20:11:56.780 [info] > git check-ignore -v -z --stdin [2ms]
2026-02-04 20:11:56.804 [info] > git show --textconv :BootstrapNode/app.py [12ms]
2026-02-04 20:11:56.805 [info] > git ls-files --stage -- BootstrapNode/app.py [2ms]
2026-02-04 20:11:56.815 [info] > git cat-file -s 13452f8c43f8c0119a2d76fcdd91ebb7ae2bdb07 [1ms]
2026-02-04 20:12:57.152 [info] > git check-ignore -v -z --stdin [2ms]
2026-02-04 20:12:58.697 [info] > git check-ignore -v -z --stdin [1ms]
2026-02-04 20:13:10.663 [info] > git config --get commit.template [13ms]
2026-02-04 20:13:10.664 [info] > git for-each-ref --format=%(refname)%00%(upstream:short)%00%(objectname)%00%(upstream:track)%00%(upstream:remotename)%00%(upstream:remoteref) refs/heads/master refs/remotes/master [3ms]
2026-02-04 20:13:10.674 [warning] [Git][revParse] Unable to read file: ENOENT: no such file or directory, open '/home/sibam/projects/Blockchain-Based-Fake-News-Detection-Network/.git/refs/remotes/origin/master'
2026-02-04 20:13:10.676 [info] > git rev-parse refs/remotes/origin/master [2ms]
2026-02-04 20:13:10.696 [info] > git status -z -uall [10ms]
2026-02-04 20:13:10.697 [info] > git for-each-ref --sort -committerdate --format %(refname)%00%(objectname)%00%(*objectname) [2ms]
2026-02-04 20:13:11.013 [info] > git check-ignore -v -z --stdin [2ms]
2026-02-04 20:14:50.355 [info] > git config --get commit.template [16ms]
2026-02-04 20:14:50.356 [info] > git for-each-ref --format=%(refname)%00%(upstream:short)%00%(objectname)%00%(upstream:track)%00%(upstream:remotename)%00%(upstream:remoteref) refs/heads/master refs/remotes/master [2ms]
2026-02-04 20:14:50.369 [warning] [Git][revParse] Unable to read file: ENOENT: no such file or directory, open '/home/sibam/projects/Blockchain-Based-Fake-News-Detection-Network/.git/refs/remotes/origin/master'
2026-02-04 20:14:50.371 [info] > git rev-parse refs/remotes/origin/master [2ms]
2026-02-04 20:14:50.396 [info] > git status -z -uall [14ms]
2026-02-04 20:14:50.397 [info] > git for-each-ref --sort -committerdate --format %(refname)%00%(objectname)%00%(*objectname) [2ms]
2026-02-04 20:14:50.713 [info] > git check-ignore -v -z --stdin [1ms]
