2026-01-24 18:43:49.275 [info] [main] Log level: Info
2026-01-24 18:43:49.275 [info] [main] Validating found git in: "git"
2026-01-24 18:43:49.275 [info] [main] Using git "2.52.0" from "git"
2026-01-24 18:43:49.275 [info] [Model][doInitialScan] Initial repository scan started
2026-01-24 18:43:49.275 [info] > git rev-parse --show-toplevel [23ms]
2026-01-24 18:43:49.275 [info] fatal: not a git repository (or any of the parent directories): .git
2026-01-24 18:43:49.275 [info] > git rev-parse --show-toplevel [7ms]
2026-01-24 18:43:49.275 [info] fatal: not a git repository (or any of the parent directories): .git
2026-01-24 18:43:49.275 [info] > git rev-parse --show-toplevel [17ms]
2026-01-24 18:43:49.275 [info] fatal: not a git repository (or any of the parent directories): .git
2026-01-24 18:43:49.275 [info] > git rev-parse --show-toplevel [58ms]
2026-01-24 18:43:49.275 [info] fatal: not a git repository (or any of the parent directories): .git
2026-01-24 18:43:49.277 [info] > git rev-parse --show-toplevel [102ms]
2026-01-24 18:43:49.277 [info] fatal: not a git repository (or any of the parent directories): .git
2026-01-24 18:43:49.366 [info] > git rev-parse --show-toplevel [13ms]
2026-01-24 18:43:49.366 [info] fatal: not a git repository (or any of the parent directories): .git
2026-01-24 18:43:49.389 [info] > git rev-parse --show-toplevel [6ms]
2026-01-24 18:43:49.389 [info] fatal: not a git repository (or any of the parent directories): .git
2026-01-24 18:43:49.549 [info] > git rev-parse --show-toplevel [4ms]
2026-01-24 18:43:49.549 [info] fatal: not a git repository (or any of the parent directories): .git
2026-01-24 18:43:49.565 [info] > git rev-parse --show-toplevel [2ms]
2026-01-24 18:43:49.566 [info] fatal: not a git repository (or any of the parent directories): .git
2026-01-24 18:43:49.586 [info] > git rev-parse --show-toplevel [2ms]
2026-01-24 18:43:49.586 [info] fatal: not a git repository (or any of the parent directories): .git
2026-01-24 18:43:49.610 [info] > git rev-parse --show-toplevel [6ms]
2026-01-24 18:43:49.610 [info] fatal: not a git repository (or any of the parent directories): .git
2026-01-24 18:43:49.630 [info] > git rev-parse --show-toplevel [4ms]
2026-01-24 18:43:49.630 [info] fatal: not a git repository (or any of the parent directories): .git
2026-01-24 18:43:49.651 [info] > git rev-parse --show-toplevel [4ms]
2026-01-24 18:43:49.651 [info] fatal: not a git repository (or any of the parent directories): .git
2026-01-24 18:43:49.864 [info] > git rev-parse --show-toplevel [199ms]
2026-01-24 18:43:49.864 [info] fatal: not a git repository (or any of the parent directories): .git
2026-01-24 18:43:49.924 [info] > git rev-parse --show-toplevel [40ms]
2026-01-24 18:43:49.924 [info] fatal: not a git repository (or any of the parent directories): .git
2026-01-24 18:43:49.952 [info] > git rev-parse --show-toplevel [9ms]
2026-01-24 18:43:49.952 [info] fatal: not a git repository (or any of the parent directories): .git
2026-01-24 18:43:49.986 [info] > git rev-parse --show-toplevel [19ms]
2026-01-24 18:43:49.986 [info] fatal: not a git repository (or any of the parent directories): .git
2026-01-24 18:43:50.000 [info] > git rev-parse --show-toplevel [3ms]
2026-01-24 18:43:50.000 [info] fatal: not a git repository (or any of the parent directories): .git
2026-01-24 18:43:50.016 [info] > git rev-parse --show-toplevel [5ms]
2026-01-24 18:43:50.037 [info] > git rev-parse --git-dir --git-common-dir --show-superproject-working-tree [9ms]
2026-01-24 18:43:50.052 [info] [Model][openRepository] Opened repository (path): /home/sibam/.oh-my-zsh
2026-01-24 18:43:50.052 [info] [Model][openRepository] Opened repository (real path): /home/sibam/.oh-my-zsh
2026-01-24 18:43:50.052 [info] [Model][openRepository] Opened repository (kind): repository
2026-01-24 18:43:50.082 [info] > git rev-parse --show-toplevel [6ms]
2026-01-24 18:43:50.082 [info] fatal: not a git repository (or any of the parent directories): .git
2026-01-24 18:43:50.082 [info] > git config --get commit.template [17ms]
2026-01-24 18:43:50.109 [info] > git rev-parse --show-toplevel [14ms]
2026-01-24 18:43:50.109 [info] fatal: not a git repository (or any of the parent directories): .git
2026-01-24 18:43:50.121 [info] > git rev-parse --show-toplevel [3ms]
2026-01-24 18:43:50.121 [info] fatal: not a git repository (or any of the parent directories): .git
2026-01-24 18:43:50.121 [info] > git for-each-ref --format=%(refname)%00%(upstream:short)%00%(objectname)%00%(upstream:track)%00%(upstream:remotename)%00%(upstream:remoteref) refs/heads/master refs/remotes/master [14ms]
2026-01-24 18:43:50.135 [info] > git rev-parse --show-toplevel [5ms]
2026-01-24 18:43:50.135 [info] fatal: not a git repository (or any of the parent directories): .git
2026-01-24 18:43:50.149 [info] > git rev-parse --show-toplevel [4ms]
2026-01-24 18:43:50.149 [info] fatal: not a git repository (or any of the parent directories): .git
2026-01-24 18:43:50.195 [info] > git for-each-ref --sort -committerdate --format %(refname)%00%(objectname)%00%(*objectname) [22ms]
2026-01-24 18:43:50.197 [info] > git rev-parse --show-toplevel [12ms]
2026-01-24 18:43:50.213 [info] > git rev-parse --git-dir --git-common-dir --show-superproject-working-tree [6ms]
2026-01-24 18:43:50.220 [info] [Model][openRepository] Opened repository (path): /home/sibam/.tmuxifier
2026-01-24 18:43:50.220 [info] [Model][openRepository] Opened repository (real path): /home/sibam/.tmuxifier
2026-01-24 18:43:50.220 [info] [Model][openRepository] Opened repository (kind): repository
2026-01-24 18:43:50.465 [info] > git status -z -uall [304ms]
2026-01-24 18:43:50.465 [info] > git rev-parse --show-toplevel [225ms]
2026-01-24 18:43:50.465 [info] fatal: not a git repository (or any of the parent directories): .git
2026-01-24 18:43:50.466 [info] > git config --get commit.template [236ms]
2026-01-24 18:43:50.829 [info] > git for-each-ref --format=%(refname)%00%(upstream:short)%00%(objectname)%00%(upstream:track)%00%(upstream:remotename)%00%(upstream:remoteref) refs/heads/master refs/remotes/master [337ms]
2026-01-24 18:43:50.864 [info] > git config --get --local branch.master.vscode-merge-base [26ms]
2026-01-24 18:43:50.874 [info] > git config --get commit.template [340ms]
2026-01-24 18:43:50.875 [info] > git rev-parse --show-toplevel [351ms]
2026-01-24 18:43:50.875 [info] fatal: not a git repository (or any of the parent directories): .git
2026-01-24 18:43:50.909 [info] > git for-each-ref --format=%(refname)%00%(upstream:short)%00%(objectname)%00%(upstream:track)%00%(upstream:remotename)%00%(upstream:remoteref) refs/heads/origin/master refs/remotes/origin/master [35ms]
2026-01-24 18:43:50.921 [info] > git for-each-ref --format=%(refname)%00%(upstream:short)%00%(objectname)%00%(upstream:track)%00%(upstream:remotename)%00%(upstream:remoteref) refs/heads/main refs/remotes/main [66ms]
2026-01-24 18:43:50.953 [warning] [Git][revParse] Unable to read file: ENOENT: no such file or directory, open '/home/sibam/.tmuxifier/.git/refs/remotes/origin/main'
2026-01-24 18:43:50.954 [info] > git merge-base refs/heads/master refs/remotes/origin/master [34ms]
2026-01-24 18:43:50.964 [info] > git rev-parse --show-toplevel [57ms]
2026-01-24 18:43:50.965 [info] fatal: not a git repository (or any of the parent directories): .git
2026-01-24 18:43:50.978 [info] > git diff --raw --numstat --diff-filter=ADMR -z --find-renames=50% ec14da72fbf8b5016bb1533d4af3ff3bb2ac7a19...refs/remotes/origin/master -- [14ms]
2026-01-24 18:43:50.979 [info] > git rev-parse refs/remotes/origin/main [26ms]
2026-01-24 18:43:50.998 [info] > git for-each-ref --format=%(refname)%00%(upstream:short)%00%(objectname)%00%(upstream:track)%00%(upstream:remotename)%00%(upstream:remoteref) refs/heads/master refs/remotes/master [57ms]
2026-01-24 18:43:51.030 [info] > git status -z -uall [42ms]
2026-01-24 18:43:51.030 [info] > git for-each-ref --sort -committerdate --format %(refname)%00%(objectname)%00%(*objectname) [32ms]
2026-01-24 18:43:51.060 [info] > git rev-parse --show-toplevel [84ms]
2026-01-24 18:43:51.060 [info] fatal: not a git repository (or any of the parent directories): .git
2026-01-24 18:43:51.084 [info] > git for-each-ref --format=%(refname)%00%(upstream:short)%00%(objectname)%00%(upstream:track)%00%(upstream:remotename)%00%(upstream:remoteref) refs/heads/main refs/remotes/main [42ms]
2026-01-24 18:43:51.097 [info] > git config --get --local branch.main.vscode-merge-base [3ms]
2026-01-24 18:43:51.106 [info] > git rev-parse --show-toplevel [28ms]
2026-01-24 18:43:51.107 [info] > git config --get commit.template [37ms]
2026-01-24 18:43:51.138 [info] > git for-each-ref --format=%(refname)%00%(upstream:short)%00%(objectname)%00%(upstream:track)%00%(upstream:remotename)%00%(upstream:remoteref) refs/heads/origin/main refs/remotes/origin/main [32ms]
2026-01-24 18:43:51.161 [info] > git status -z -uall [44ms]
2026-01-24 18:43:51.161 [info] > git merge-base refs/heads/main refs/remotes/origin/main [13ms]
2026-01-24 18:43:51.171 [info] > git rev-parse --git-dir --git-common-dir --show-superproject-working-tree [35ms]
2026-01-24 18:43:51.177 [info] [Model][openRepository] Opened repository (path): /home/sibam/Arch-Hyprland
2026-01-24 18:43:51.177 [info] [Model][openRepository] Opened repository (real path): /home/sibam/Arch-Hyprland
2026-01-24 18:43:51.177 [info] [Model][openRepository] Opened repository (kind): repository
2026-01-24 18:43:51.178 [info] > git for-each-ref --sort -committerdate --format %(refname)%00%(objectname)%00%(*objectname) [52ms]
2026-01-24 18:43:51.311 [info] > git diff --raw --numstat --diff-filter=ADMR -z --find-renames=50% f268c12f3f05202cfbfff706063e4efc133edca8...refs/remotes/origin/main -- [140ms]
2026-01-24 18:43:51.312 [info] > git for-each-ref --format=%(refname)%00%(upstream:short)%00%(objectname)%00%(upstream:track)%00%(upstream:remotename)%00%(upstream:remoteref) refs/heads/main refs/remotes/main [153ms]
2026-01-24 18:43:51.341 [warning] [Git][revParse] Unable to read file: ENOENT: no such file or directory, open '/home/sibam/.tmuxifier/.git/refs/remotes/origin/main'
2026-01-24 18:43:51.344 [info] > git rev-parse --show-toplevel [44ms]
2026-01-24 18:43:51.344 [info] fatal: not a git repository (or any of the parent directories): .git
2026-01-24 18:43:51.344 [info] > git config --get commit.template [55ms]
2026-01-24 18:43:51.361 [info] > git rev-parse refs/remotes/origin/main [20ms]
2026-01-24 18:43:51.398 [info] > git status -z -uall [27ms]
2026-01-24 18:43:51.398 [info] > git rev-parse --show-toplevel [39ms]
2026-01-24 18:43:51.398 [info] fatal: not a git repository (or any of the parent directories): .git
2026-01-24 18:43:51.413 [info] > git for-each-ref --format=%(refname)%00%(upstream:short)%00%(objectname)%00%(upstream:track)%00%(upstream:remotename)%00%(upstream:remoteref) refs/heads/main refs/remotes/main [19ms]
2026-01-24 18:43:51.413 [info] > git for-each-ref --sort -committerdate --format %(refname)%00%(objectname)%00%(*objectname) [31ms]
2026-01-24 18:43:51.434 [warning] [Git][revParse] Unable to read file: ENOENT: no such file or directory, open '/home/sibam/Arch-Hyprland/.git/refs/remotes/origin/main'
2026-01-24 18:43:51.439 [info] > git rev-parse --show-toplevel [28ms]
2026-01-24 18:43:51.439 [info] fatal: not a git repository (or any of the parent directories): .git
2026-01-24 18:43:51.457 [info] > git rev-parse refs/remotes/origin/main [23ms]
2026-01-24 18:43:51.501 [info] > git status -z -uall [31ms]
2026-01-24 18:43:51.501 [info] > git for-each-ref --sort -committerdate --format %(refname)%00%(objectname)%00%(*objectname) [15ms]
2026-01-24 18:43:51.547 [info] > git rev-parse --show-toplevel [92ms]
2026-01-24 18:43:51.578 [info] > git for-each-ref --format=%(refname)%00%(upstream:short)%00%(objectname)%00%(upstream:track)%00%(upstream:remotename)%00%(upstream:remoteref) refs/heads/main refs/remotes/main [55ms]
2026-01-24 18:43:51.598 [info] > git config --get --local branch.main.vscode-merge-base [7ms]
2026-01-24 18:43:51.611 [info] > git rev-parse --git-dir --git-common-dir --show-superproject-working-tree [38ms]
2026-01-24 18:43:51.618 [info] [Model][openRepository] Opened repository (path): /home/sibam/HyprFlux
2026-01-24 18:43:51.618 [info] [Model][openRepository] Opened repository (real path): /home/sibam/HyprFlux
2026-01-24 18:43:51.618 [info] [Model][openRepository] Opened repository (kind): repository
2026-01-24 18:43:51.619 [info] > git config --get commit.template [58ms]
2026-01-24 18:43:51.654 [info] > git for-each-ref --format=%(refname)%00%(upstream:short)%00%(objectname)%00%(upstream:track)%00%(upstream:remotename)%00%(upstream:remoteref) refs/heads/origin/main refs/remotes/origin/main [43ms]
2026-01-24 18:43:51.681 [info] > git merge-base refs/heads/main refs/remotes/origin/main [16ms]
2026-01-24 18:43:51.691 [info] > git rev-parse --show-toplevel [45ms]
2026-01-24 18:43:51.691 [info] fatal: not a git repository (or any of the parent directories): .git
2026-01-24 18:43:51.691 [info] > git config --get commit.template [55ms]
2026-01-24 18:43:51.706 [info] > git diff --raw --numstat --diff-filter=ADMR -z --find-renames=50% 5acde89271de571d66cbb71afcb7b9ec7779ed9d...refs/remotes/origin/main -- [16ms]
2026-01-24 18:43:51.706 [info] > git for-each-ref --format=%(refname)%00%(upstream:short)%00%(objectname)%00%(upstream:track)%00%(upstream:remotename)%00%(upstream:remoteref) refs/heads/main refs/remotes/main [30ms]
2026-01-24 18:43:51.727 [warning] [Git][revParse] Unable to read file: ENOENT: no such file or directory, open '/home/sibam/Arch-Hyprland/.git/refs/remotes/origin/main'
2026-01-24 18:43:51.729 [info] > git rev-parse --show-toplevel [25ms]
2026-01-24 18:43:51.729 [info] fatal: not a git repository (or any of the parent directories): .git
2026-01-24 18:43:51.740 [info] > git rev-parse refs/remotes/origin/main [14ms]
2026-01-24 18:43:51.760 [info] > git for-each-ref --format=%(refname)%00%(upstream:short)%00%(objectname)%00%(upstream:track)%00%(upstream:remotename)%00%(upstream:remoteref) refs/heads/personal refs/remotes/personal [43ms]
2026-01-24 18:43:51.783 [info] > git status -z -uall [34ms]
2026-01-24 18:43:51.783 [info] > git status -z -uall [14ms]
2026-01-24 18:43:51.784 [info] > git for-each-ref --sort -committerdate --format %(refname)%00%(objectname)%00%(*objectname) [25ms]
2026-01-24 18:43:51.787 [info] > git rev-parse --show-toplevel [48ms]
2026-01-24 18:43:51.787 [info] fatal: not a git repository (or any of the parent directories): .git
2026-01-24 18:43:51.798 [info] > git for-each-ref --sort -committerdate --format %(refname)%00%(objectname)%00%(*objectname) [19ms]
2026-01-24 18:43:51.827 [info] > git for-each-ref --format=%(refname)%00%(upstream:short)%00%(objectname)%00%(upstream:track)%00%(upstream:remotename)%00%(upstream:remoteref) refs/heads/personal refs/remotes/personal [18ms]
2026-01-24 18:43:51.837 [info] > git rev-parse --show-toplevel [40ms]
2026-01-24 18:43:51.837 [info] fatal: not a git repository (or any of the parent directories): .git
2026-01-24 18:43:51.848 [info] > git config --get --local branch.personal.vscode-merge-base [12ms]
2026-01-24 18:43:51.848 [warning] [Git][config] git config failed: Failed to execute git
2026-01-24 18:43:51.858 [info] > git config --get commit.template [32ms]
2026-01-24 18:43:51.874 [info] > git reflog personal --grep-reflog=branch: Created from *. [16ms]
2026-01-24 18:43:51.883 [info] > git rev-parse --show-toplevel [37ms]
2026-01-24 18:43:51.883 [info] fatal: not a git repository (or any of the parent directories): .git
2026-01-24 18:43:51.913 [info] > git rev-parse --show-toplevel [9ms]
2026-01-24 18:43:51.913 [info] > git for-each-ref --format=%(refname)%00%(upstream:short)%00%(objectname)%00%(upstream:track)%00%(upstream:remotename)%00%(upstream:remoteref) refs/heads/personal refs/remotes/personal [19ms]
2026-01-24 18:43:51.933 [info] > git reflog HEAD --grep-reflog=checkout: moving from .* to personal [51ms]
2026-01-24 18:43:51.956 [info] > git status -z -uall [33ms]
2026-01-24 18:43:51.956 [info] > git for-each-ref --sort -committerdate --format %(refname)%00%(objectname)%00%(*objectname) [24ms]
2026-01-24 18:43:51.960 [info] > git rev-parse --git-dir --git-common-dir --show-superproject-working-tree [8ms]
2026-01-24 18:43:51.963 [info] [Model][openRepository] Opened repository (path): /home/sibam/Wallpapers
2026-01-24 18:43:51.963 [info] [Model][openRepository] Opened repository (real path): /home/sibam/Wallpapers
2026-01-24 18:43:51.963 [info] [Model][openRepository] Opened repository (kind): repository
2026-01-24 18:43:51.964 [info] > git for-each-ref --format=%(refname)%00%(upstream:short)%00%(objectname)%00%(upstream:track)%00%(upstream:remotename)%00%(upstream:remoteref) refs/heads/main refs/remotes/main [22ms]
2026-01-24 18:43:51.998 [info] > git rev-parse --show-toplevel [5ms]
2026-01-24 18:43:51.998 [info] > git config --get commit.template [14ms]
2026-01-24 18:43:51.998 [info] > git for-each-ref --format=%(refname)%00%(upstream:short)%00%(objectname)%00%(upstream:track)%00%(upstream:remotename)%00%(upstream:remoteref) refs/remotes/origin/main [24ms]
2026-01-24 18:43:52.022 [info] > git config --add --local branch.personal.vscode-merge-base origin/main [14ms]
2026-01-24 18:43:52.044 [info] > git rev-parse --git-dir --git-common-dir --show-superproject-working-tree [25ms]
2026-01-24 18:43:52.048 [info] [Model][openRepository] Opened repository (path): /home/sibam/dotfiles
2026-01-24 18:43:52.048 [info] [Model][openRepository] Opened repository (real path): /home/sibam/dotfiles
2026-01-24 18:43:52.048 [info] [Model][openRepository] Opened repository (kind): repository
2026-01-24 18:43:52.070 [info] > git config --get commit.template [28ms]
2026-01-24 18:43:52.070 [info] > git for-each-ref --format=%(refname)%00%(upstream:short)%00%(objectname)%00%(upstream:track)%00%(upstream:remotename)%00%(upstream:remoteref) refs/heads/master refs/remotes/master [38ms]
2026-01-24 18:43:52.081 [warning] [Git][revParse] Unable to read file: ENOENT: no such file or directory, open '/home/sibam/Wallpapers/.git/refs/remotes/origin/master'
2026-01-24 18:43:52.082 [info] > git rev-parse --show-toplevel [14ms]
2026-01-24 18:43:52.082 [info] fatal: not a git repository (or any of the parent directories): .git
2026-01-24 18:43:52.082 [info] > git config --get commit.template [23ms]
2026-01-24 18:43:52.107 [info] > git rev-parse refs/remotes/origin/master [27ms]
2026-01-24 18:43:52.141 [info] > git status -z -uall [25ms]
2026-01-24 18:43:52.141 [info] > git rev-parse --show-toplevel [35ms]
2026-01-24 18:43:52.141 [info] fatal: not a git repository (or any of the parent directories): .git
2026-01-24 18:43:52.141 [info] > git for-each-ref --format=%(refname)%00%(upstream:short)%00%(objectname)%00%(upstream:track)%00%(upstream:remotename)%00%(upstream:remoteref) refs/heads/personal refs/remotes/personal [44ms]
2026-01-24 18:43:52.173 [info] > git status -z -uall [23ms]
2026-01-24 18:43:52.174 [info] > git for-each-ref --format=%(refname)%00%(upstream:short)%00%(objectname)%00%(upstream:track)%00%(upstream:remotename)%00%(upstream:remoteref) refs/heads/main refs/remotes/main [38ms]
2026-01-24 18:43:52.174 [info] > git for-each-ref --sort -committerdate --format %(refname)%00%(objectname)%00%(*objectname) [47ms]
2026-01-24 18:43:52.199 [warning] [Git][revParse] Unable to read file: ENOENT: no such file or directory, open '/home/sibam/dotfiles/.git/refs/remotes/origin/main'
2026-01-24 18:43:52.211 [info] > git for-each-ref --format=%(refname)%00%(upstream:short)%00%(objectname)%00%(upstream:track)%00%(upstream:remotename)%00%(upstream:remoteref) refs/heads/master refs/remotes/master [23ms]
2026-01-24 18:43:52.221 [info] > git rev-parse --show-toplevel [48ms]
2026-01-24 18:43:52.221 [info] fatal: not a git repository (or any of the parent directories): .git
2026-01-24 18:43:52.221 [info] > git for-each-ref --sort -committerdate --format %(refname)%00%(objectname)%00%(*objectname) [60ms]
2026-01-24 18:43:52.234 [info] > git config --get --local branch.master.vscode-merge-base [14ms]
2026-01-24 18:43:52.245 [info] > git config --get commit.template [36ms]
2026-01-24 18:43:52.245 [info] > git rev-parse refs/remotes/origin/main [46ms]
2026-01-24 18:43:52.271 [info] > git for-each-ref --format=%(refname)%00%(upstream:short)%00%(objectname)%00%(upstream:track)%00%(upstream:remotename)%00%(upstream:remoteref) refs/heads/origin/master refs/remotes/origin/master [27ms]
2026-01-24 18:43:52.284 [info] > git rev-parse --show-toplevel [50ms]
2026-01-24 18:43:52.307 [info] > git for-each-ref --sort -committerdate --format %(refname)%00%(objectname)%00%(*objectname) [38ms]
2026-01-24 18:43:52.309 [info] > git for-each-ref --format=%(refname)%00%(upstream:short)%00%(objectname)%00%(upstream:track)%00%(upstream:remotename)%00%(upstream:remoteref) refs/heads/master refs/remotes/master [14ms]
2026-01-24 18:43:52.309 [info] > git merge-base refs/heads/master refs/remotes/origin/master [26ms]
2026-01-24 18:43:52.334 [warning] [Git][revParse] Unable to read file: ENOENT: no such file or directory, open '/home/sibam/Wallpapers/.git/refs/remotes/origin/master'
2026-01-24 18:43:52.335 [info] > git diff --raw --numstat --diff-filter=ADMR -z --find-renames=50% dff7059b0a91707ae935d7ede01671eba9474004...refs/remotes/origin/master -- [14ms]
2026-01-24 18:43:52.335 [info] > git rev-parse --git-dir --git-common-dir --show-superproject-working-tree [29ms]
2026-01-24 18:43:52.341 [info] [Model][openRepository] Opened repository (path): /home/sibam/hypr-lite
2026-01-24 18:43:52.341 [info] [Model][openRepository] Opened repository (real path): /home/sibam/hypr-lite
2026-01-24 18:43:52.341 [info] [Model][openRepository] Opened repository (kind): repository
2026-01-24 18:43:52.367 [info] > git rev-parse refs/remotes/origin/master [34ms]
2026-01-24 18:43:52.393 [info] > git status -z -uall [16ms]
2026-01-24 18:43:52.393 [info] > git for-each-ref --sort -committerdate --format %(refname)%00%(objectname)%00%(*objectname) [4ms]
2026-01-24 18:43:52.395 [info] > git rev-parse --show-toplevel [31ms]
2026-01-24 18:43:52.395 [info] fatal: not a git repository (or any of the parent directories): .git
2026-01-24 18:43:52.395 [info] > git config --get commit.template [42ms]
2026-01-24 18:43:52.424 [info] > git rev-parse --show-toplevel [15ms]
2026-01-24 18:43:52.438 [info] > git for-each-ref --format=%(refname)%00%(upstream:short)%00%(objectname)%00%(upstream:track)%00%(upstream:remotename)%00%(upstream:remoteref) refs/heads/main refs/remotes/main [16ms]
2026-01-24 18:43:52.449 [warning] [Git][revParse] Unable to read file: ENOENT: no such file or directory, open '/home/sibam/hypr-lite/.git/refs/remotes/origin/main'
2026-01-24 18:43:52.450 [info] > git rev-parse --git-dir --git-common-dir --show-superproject-working-tree [14ms]
2026-01-24 18:43:52.456 [info] [Model][openRepository] Opened repository (path): /home/sibam/hyprlang-git
2026-01-24 18:43:52.456 [info] [Model][openRepository] Opened repository (real path): /home/sibam/hyprlang-git
2026-01-24 18:43:52.456 [info] [Model][openRepository] Opened repository (kind): repository
2026-01-24 18:43:52.478 [info] > git rev-parse refs/remotes/origin/main [29ms]
2026-01-24 18:43:52.500 [info] > git status -z -uall [11ms]
2026-01-24 18:43:52.500 [info] > git rev-parse --show-toplevel [23ms]
2026-01-24 18:43:52.500 [info] fatal: not a git repository (or any of the parent directories): .git
2026-01-24 18:43:52.500 [info] > git config --get commit.template [34ms]
2026-01-24 18:43:52.517 [info] > git for-each-ref --sort -committerdate --format %(refname)%00%(objectname)%00%(*objectname) [19ms]
2026-01-24 18:43:52.558 [info] > git for-each-ref --format=%(refname)%00%(upstream:short)%00%(objectname)%00%(upstream:track)%00%(upstream:remotename)%00%(upstream:remoteref) refs/heads/main refs/remotes/main [29ms]
2026-01-24 18:43:52.569 [info] > git rev-parse --show-toplevel [54ms]
2026-01-24 18:43:52.583 [info] > git config --get --local branch.main.vscode-merge-base [14ms]
2026-01-24 18:43:52.593 [info] > git config --get commit.template [40ms]
2026-01-24 18:43:52.593 [info] > git for-each-ref --format=%(refname)%00%(upstream:short)%00%(objectname)%00%(upstream:track)%00%(upstream:remotename)%00%(upstream:remoteref) refs/heads/master refs/remotes/master [50ms]
2026-01-24 18:43:52.605 [warning] [Git][revParse] Unable to read file: ENOENT: no such file or directory, open '/home/sibam/hyprlang-git/.git/refs/remotes/origin/master'
2026-01-24 18:43:52.606 [info] > git rev-parse --git-dir --git-common-dir --show-superproject-working-tree [25ms]
2026-01-24 18:43:52.611 [info] [Model][openRepository] Opened repository (path): /home/sibam/omarchy
2026-01-24 18:43:52.611 [info] [Model][openRepository] Opened repository (real path): /home/sibam/omarchy
2026-01-24 18:43:52.611 [info] [Model][openRepository] Opened repository (kind): repository
2026-01-24 18:43:52.644 [info] > git rev-parse refs/remotes/origin/master [40ms]
2026-01-24 18:43:52.665 [info] > git for-each-ref --format=%(refname)%00%(upstream:short)%00%(objectname)%00%(upstream:track)%00%(upstream:remotename)%00%(upstream:remoteref) refs/heads/origin/main refs/remotes/origin/main [72ms]
2026-01-24 18:43:52.678 [info] > git status -z -uall [24ms]
2026-01-24 18:43:52.678 [info] > git merge-base refs/heads/main refs/remotes/origin/main [3ms]
2026-01-24 18:43:52.688 [info] > git for-each-ref --sort -committerdate --format %(refname)%00%(objectname)%00%(*objectname) [24ms]
2026-01-24 18:43:52.703 [info] > git rev-parse --show-toplevel [60ms]
2026-01-24 18:43:52.703 [info] fatal: not a git repository (or any of the parent directories): .git
2026-01-24 18:43:52.703 [info] > git config --get commit.template [70ms]
2026-01-24 18:43:52.704 [info] > git for-each-ref --format=%(refname)%00%(upstream:short)%00%(objectname)%00%(upstream:track)%00%(upstream:remotename)%00%(upstream:remoteref) refs/heads/main refs/remotes/main [81ms]
2026-01-24 18:43:52.739 [warning] [Git][revParse] Unable to read file: ENOENT: no such file or directory, open '/home/sibam/hypr-lite/.git/refs/remotes/origin/main'
2026-01-24 18:43:52.743 [info] > git for-each-ref --format=%(refname)%00%(upstream:short)%00%(objectname)%00%(upstream:track)%00%(upstream:remotename)%00%(upstream:remoteref) refs/heads/master refs/remotes/master [42ms]
2026-01-24 18:43:52.755 [info] > git diff --raw --numstat --diff-filter=ADMR -z --find-renames=50% 5dc071ffb08a037e8c440266af06a5117b0dfb96...refs/remotes/origin/main -- [67ms]
2026-01-24 18:43:52.770 [info] > git config --get --local branch.master.vscode-merge-base [15ms]
2026-01-24 18:43:52.780 [info] > git rev-parse refs/remotes/origin/main [41ms]
2026-01-24 18:43:52.802 [info] > git rev-parse --show-toplevel [73ms]
2026-01-24 18:43:52.802 [info] fatal: not a git repository (or any of the parent directories): .git
2026-01-24 18:43:52.804 [info] [Model][doInitialScan] Initial repository scan completed - repositories (9), closed repositories (0), parent repositories (0), unsafe repositories (0)
2026-01-24 18:43:52.805 [info] > git config --get commit.template [87ms]
2026-01-24 18:43:52.817 [info] > git status -z -uall [26ms]
2026-01-24 18:43:52.818 [info] > git for-each-ref --sort -committerdate --format %(refname)%00%(objectname)%00%(*objectname) [17ms]
2026-01-24 18:43:52.821 [info] > git for-each-ref --format=%(refname)%00%(upstream:short)%00%(objectname)%00%(upstream:track)%00%(upstream:remotename)%00%(upstream:remoteref) refs/heads/origin/master refs/remotes/origin/master [41ms]
2026-01-24 18:43:52.832 [info] > git for-each-ref --format=%(refname)%00%(upstream:short)%00%(objectname)%00%(upstream:track)%00%(upstream:remotename)%00%(upstream:remoteref) refs/heads/master refs/remotes/master [66ms]
2026-01-24 18:43:52.856 [warning] [Git][revParse] Unable to read file: ENOENT: no such file or directory, open '/home/sibam/omarchy/.git/refs/remotes/origin/master'
2026-01-24 18:43:52.857 [info] > git merge-base refs/heads/master refs/remotes/origin/master [25ms]
2026-01-24 18:43:52.868 [info] > git rev-parse --show-toplevel [52ms]
2026-01-24 18:43:52.868 [info] fatal: not a git repository (or any of the parent directories): .git
2026-01-24 18:43:52.890 [info] > git diff --raw --numstat --diff-filter=ADMR -z --find-renames=50% 5a19411cefca9852e17d6f4bcd58eb01c801652c...refs/remotes/origin/master -- [22ms]
2026-01-24 18:43:52.890 [info] > git rev-parse refs/remotes/origin/master [34ms]
2026-01-24 18:43:52.912 [info] > git for-each-ref --format=%(refname)%00%(upstream:short)%00%(objectname)%00%(upstream:track)%00%(upstream:remotename)%00%(upstream:remoteref) refs/heads/master refs/remotes/master [69ms]
2026-01-24 18:43:52.929 [warning] [Git][revParse] Unable to read file: ENOENT: no such file or directory, open '/home/sibam/hyprlang-git/.git/refs/remotes/origin/master'
2026-01-24 18:43:52.931 [info] > git rev-parse --show-toplevel [42ms]
2026-01-24 18:43:52.931 [info] fatal: not a git repository (or any of the parent directories): .git
2026-01-24 18:43:52.936 [info] > git rev-parse refs/remotes/origin/master [7ms]
2026-01-24 18:43:52.960 [info] > git for-each-ref --sort -committerdate --format %(refname)%00%(objectname)%00%(*objectname) [48ms]
2026-01-24 18:43:52.972 [info] > git status -z -uall [24ms]
2026-01-24 18:43:52.972 [info] > git for-each-ref --sort -committerdate --format %(refname)%00%(objectname)%00%(*objectname) [12ms]
2026-01-24 18:43:53.363 [info] > git status -z -uall [462ms]
2026-01-24 18:43:53.525 [info] > git status -z -uall [1269ms]
2026-01-24 18:43:53.525 [info] > git for-each-ref --format=%(refname)%00%(upstream:short)%00%(objectname)%00%(upstream:track)%00%(upstream:remotename)%00%(upstream:remoteref) refs/heads/master refs/remotes/master [144ms]
2026-01-24 18:43:53.561 [info] > git config --get --local branch.master.vscode-merge-base [22ms]
2026-01-24 18:43:53.576 [info] > git config --get commit.template [51ms]
2026-01-24 18:43:53.576 [info] > git config --get commit.template [66ms]
2026-01-24 18:43:53.576 [info] > git config --get commit.template [82ms]
2026-01-24 18:43:53.576 [info] > git config --get commit.template [97ms]
2026-01-24 18:43:53.576 [info] > git config --get commit.template [112ms]
2026-01-24 18:43:53.576 [info] > git config --get commit.template [127ms]
2026-01-24 18:43:53.576 [info] > git config --get commit.template [141ms]
2026-01-24 18:43:53.576 [info] > git config --get commit.template [155ms]
2026-01-24 18:43:53.666 [info] > git for-each-ref --format=%(refname)%00%(upstream:short)%00%(objectname)%00%(upstream:track)%00%(upstream:remotename)%00%(upstream:remoteref) refs/heads/main refs/remotes/main [71ms]
2026-01-24 18:43:53.677 [info] > git for-each-ref --format=%(refname)%00%(upstream:short)%00%(objectname)%00%(upstream:track)%00%(upstream:remotename)%00%(upstream:remoteref) refs/heads/origin/master refs/remotes/origin/master [102ms]
2026-01-24 18:43:53.773 [info] > git merge-base refs/heads/master refs/remotes/origin/master [87ms]
2026-01-24 18:43:53.783 [info] > git config --get --local branch.main.vscode-merge-base [107ms]
2026-01-24 18:43:53.794 [info] > git config --get commit.template [129ms]
2026-01-24 18:43:53.800 [info] > git for-each-ref --format=%(refname)%00%(upstream:short)%00%(objectname)%00%(upstream:track)%00%(upstream:remotename)%00%(upstream:remoteref) refs/heads/origin/main refs/remotes/origin/main [7ms]
2026-01-24 18:43:53.811 [info] > git diff --raw --numstat --diff-filter=ADMR -z --find-renames=50% ed9a4a45ba3819f942df605e02011fcc70bfbda1...refs/remotes/origin/master -- [28ms]
2026-01-24 18:43:53.811 [info] > git for-each-ref --format=%(refname)%00%(upstream:short)%00%(objectname)%00%(upstream:track)%00%(upstream:remotename)%00%(upstream:remoteref) refs/heads/personal refs/remotes/personal [41ms]
2026-01-24 18:43:53.830 [info] > git for-each-ref --format=%(refname)%00%(upstream:short)%00%(objectname)%00%(upstream:track)%00%(upstream:remotename)%00%(upstream:remoteref) refs/heads/main refs/remotes/main [70ms]
2026-01-24 18:43:53.830 [info] > git for-each-ref --format=%(refname)%00%(upstream:short)%00%(objectname)%00%(upstream:track)%00%(upstream:remotename)%00%(upstream:remoteref) refs/heads/master refs/remotes/master [78ms]
2026-01-24 18:43:53.831 [info] > git for-each-ref --format=%(refname)%00%(upstream:short)%00%(objectname)%00%(upstream:track)%00%(upstream:remotename)%00%(upstream:remoteref) refs/heads/main refs/remotes/main [90ms]
2026-01-24 18:43:53.831 [info] > git for-each-ref --format=%(refname)%00%(upstream:short)%00%(objectname)%00%(upstream:track)%00%(upstream:remotename)%00%(upstream:remoteref) refs/heads/master refs/remotes/master [99ms]
2026-01-24 18:43:53.831 [info] > git for-each-ref --format=%(refname)%00%(upstream:short)%00%(objectname)%00%(upstream:track)%00%(upstream:remotename)%00%(upstream:remoteref) refs/heads/master refs/remotes/master [109ms]
2026-01-24 18:43:53.831 [info] > git for-each-ref --format=%(refname)%00%(upstream:short)%00%(objectname)%00%(upstream:track)%00%(upstream:remotename)%00%(upstream:remoteref) refs/heads/main refs/remotes/main [118ms]
2026-01-24 18:43:53.831 [info] > git for-each-ref --format=%(refname)%00%(upstream:short)%00%(objectname)%00%(upstream:track)%00%(upstream:remotename)%00%(upstream:remoteref) refs/heads/master refs/remotes/master [127ms]
2026-01-24 18:43:53.855 [warning] [Git][revParse] Unable to read file: ENOENT: no such file or directory, open '/home/sibam/hypr-lite/.git/refs/remotes/origin/main'
2026-01-24 18:43:53.865 [warning] [Git][revParse] Unable to read file: ENOENT: no such file or directory, open '/home/sibam/Wallpapers/.git/refs/remotes/origin/master'
2026-01-24 18:43:53.875 [warning] [Git][revParse] Unable to read file: ENOENT: no such file or directory, open '/home/sibam/.tmuxifier/.git/refs/remotes/origin/main'
2026-01-24 18:43:53.884 [warning] [Git][revParse] Unable to read file: ENOENT: no such file or directory, open '/home/sibam/hyprlang-git/.git/refs/remotes/origin/master'
2026-01-24 18:43:53.894 [warning] [Git][revParse] Unable to read file: ENOENT: no such file or directory, open '/home/sibam/Arch-Hyprland/.git/refs/remotes/origin/main'
2026-01-24 18:43:53.904 [warning] [Git][revParse] Unable to read file: ENOENT: no such file or directory, open '/home/sibam/omarchy/.git/refs/remotes/origin/master'
2026-01-24 18:43:53.904 [info] > git status -z -uall [84ms]
2026-01-24 18:43:53.904 [info] > git for-each-ref --sort -committerdate --format %(refname)%00%(objectname)%00%(*objectname) [74ms]
2026-01-24 18:43:53.908 [info] > git merge-base refs/heads/main refs/remotes/origin/main [98ms]
2026-01-24 18:43:53.927 [info] > git diff --raw --numstat --diff-filter=ADMR -z --find-renames=50% 77f6d9885e1736de342089ecd6e28aef41a64c1e...refs/remotes/origin/main -- [10ms]
2026-01-24 18:43:53.927 [info] > git rev-parse refs/remotes/origin/master [23ms]
2026-01-24 18:43:53.945 [info] > git rev-parse refs/remotes/origin/main [51ms]
2026-01-24 18:43:53.964 [info] > git rev-parse refs/remotes/origin/master [80ms]
2026-01-24 18:43:53.982 [info] > git rev-parse refs/remotes/origin/main [108ms]
2026-01-24 18:43:54.001 [info] > git rev-parse refs/remotes/origin/master [136ms]
2026-01-24 18:43:54.022 [info] > git rev-parse refs/remotes/origin/main [167ms]
2026-01-24 18:43:54.042 [info] > git for-each-ref --format=%(refname)%00%(upstream:short)%00%(objectname)%00%(upstream:track)%00%(upstream:remotename)%00%(upstream:remoteref) refs/heads/main refs/remotes/main [195ms]
2026-01-24 18:43:54.060 [warning] [Git][revParse] Unable to read file: ENOENT: no such file or directory, open '/home/sibam/dotfiles/.git/refs/remotes/origin/main'
2026-01-24 18:43:54.063 [info] > git status -z -uall [108ms]
2026-01-24 18:43:54.063 [info] > git status -z -uall [90ms]
2026-01-24 18:43:54.063 [info] > git status -z -uall [72ms]
2026-01-24 18:43:54.063 [info] > git status -z -uall [51ms]
2026-01-24 18:43:54.064 [info] > git status -z -uall [33ms]
2026-01-24 18:43:54.064 [info] > git for-each-ref --sort -committerdate --format %(refname)%00%(objectname)%00%(*objectname) [23ms]
2026-01-24 18:43:54.067 [info] > git for-each-ref --sort -committerdate --format %(refname)%00%(objectname)%00%(*objectname) [45ms]
2026-01-24 18:43:54.070 [info] > git for-each-ref --sort -committerdate --format %(refname)%00%(objectname)%00%(*objectname) [69ms]
2026-01-24 18:43:54.074 [info] > git for-each-ref --sort -committerdate --format %(refname)%00%(objectname)%00%(*objectname) [92ms]
2026-01-24 18:43:54.087 [info] > git for-each-ref --sort -committerdate --format %(refname)%00%(objectname)%00%(*objectname) [123ms]
2026-01-24 18:43:54.091 [info] > git for-each-ref --sort -committerdate --format %(refname)%00%(objectname)%00%(*objectname) [146ms]
2026-01-24 18:43:54.130 [info] > git status -z -uall [194ms]
2026-01-24 18:43:54.130 [info] > git rev-parse refs/remotes/origin/main [70ms]
2026-01-24 18:43:54.192 [info] > git status -z -uall [75ms]
2026-01-24 18:43:54.193 [info] > git for-each-ref --sort -committerdate --format %(refname)%00%(objectname)%00%(*objectname) [42ms]
2026-01-24 18:43:54.195 [info] > git for-each-ref --sort -committerdate --format %(refname)%00%(objectname)%00%(*objectname) [67ms]
2026-01-24 18:43:54.221 [info] > git config --get commit.template [30ms]
2026-01-24 18:43:54.273 [info] > git for-each-ref --format=%(refname)%00%(upstream:short)%00%(objectname)%00%(upstream:track)%00%(upstream:remotename)%00%(upstream:remoteref) refs/heads/master refs/remotes/master [11ms]
2026-01-24 18:43:54.290 [warning] [Git][revParse] Unable to read file: ENOENT: no such file or directory, open '/home/sibam/omarchy/.git/refs/remotes/origin/master'
2026-01-24 18:43:54.296 [info] > git rev-parse refs/remotes/origin/master [6ms]
2026-01-24 18:43:54.337 [info] > git for-each-ref --sort -committerdate --format %(refname)%00%(objectname)%00%(*objectname) [17ms]
2026-01-24 18:43:54.530 [info] > git status -z -uall [223ms]
2026-01-24 18:43:58.705 [info] > git status -z -uall [4566ms]
2026-01-24 18:45:33.888 [info] > git rev-parse --show-toplevel [2ms]
2026-01-24 18:45:33.888 [info] fatal: not a git repository (or any of the parent directories): .git
