2026-02-28 13:26:18.521 [info] Getting Manifest... ms-python.python
2026-02-28 13:26:18.523 [info] Getting Manifest... ms-python.vscode-pylance
2026-02-28 13:26:18.524 [info] Getting Manifest... ms-python.vscode-python-envs
2026-02-28 13:26:18.830 [info] Installing extension: ms-python.vscode-python-envs {"productVersion":{"version":"1.108.1","date":"2026-01-14T14:55:44.241Z"},"pinned":false,"operation":3,"isApplicationScoped":false,"profileLocation":{"$mid":1,"external":"vscode-userdata:/home/sibam/.vscode/extensions/extensions.json","path":"/home/sibam/.vscode/extensions/extensions.json","scheme":"vscode-userdata"}}
2026-02-28 13:26:18.835 [info] Installing extension: ms-python.python {"productVersion":{"version":"1.108.1","date":"2026-01-14T14:55:44.241Z"},"pinned":false,"operation":3,"isApplicationScoped":false,"profileLocation":{"$mid":1,"external":"vscode-userdata:/home/sibam/.vscode/extensions/extensions.json","path":"/home/sibam/.vscode/extensions/extensions.json","scheme":"vscode-userdata"}}
2026-02-28 13:26:18.867 [info] Installing extension: ms-python.vscode-pylance {"productVersion":{"version":"1.108.1","date":"2026-01-14T14:55:44.241Z"},"pinned":false,"operation":3,"isApplicationScoped":false,"profileLocation":{"$mid":1,"external":"vscode-userdata:/home/sibam/.vscode/extensions/extensions.json","path":"/home/sibam/.vscode/extensions/extensions.json","scheme":"vscode-userdata"}}
2026-02-28 13:26:26.916 [info] Extension signature verification result for ms-python.vscode-python-envs: Success. Internal Code: 0. Executed: true. Duration: 2826ms.
2026-02-28 13:26:27.208 [info] Extracted extension to file:///home/sibam/.vscode/extensions/ms-python.vscode-python-envs-1.20.1-linux-x64: ms-python.vscode-python-envs
2026-02-28 13:26:27.227 [info] Renamed to /home/sibam/.vscode/extensions/ms-python.vscode-python-envs-1.20.1-linux-x64
2026-02-28 13:26:27.259 [info] Marked extension as removed ms-python.vscode-python-envs-1.16.0-linux-x64
2026-02-28 13:26:27.274 [info] Extension installed successfully: ms-python.vscode-python-envs vscode-userdata:/home/sibam/.vscode/extensions/extensions.json
2026-02-28 13:26:33.116 [info] Extension signature verification result for ms-python.python: Success. Internal Code: 0. Executed: true. Duration: 1605ms.
2026-02-28 13:26:34.935 [info] Extracted extension to file:///home/sibam/.vscode/extensions/ms-python.python-2026.2.0-linux-x64: ms-python.python
2026-02-28 13:26:35.063 [info] Renamed to /home/sibam/.vscode/extensions/ms-python.python-2026.2.0-linux-x64
2026-02-28 13:26:35.090 [info] Marked extension as removed ms-python.python-2026.0.0-linux-x64
2026-02-28 13:26:35.099 [info] Extension installed successfully: ms-python.python vscode-userdata:/home/sibam/.vscode/extensions/extensions.json
2026-02-28 13:26:36.057 [info] Extension signature verification result for ms-python.vscode-pylance: Success. Internal Code: 0. Executed: true. Duration: 1814ms.
2026-02-28 13:26:41.720 [info] Extracted extension to file:///home/sibam/.vscode/extensions/ms-python.vscode-pylance-2026.1.1: ms-python.vscode-pylance
2026-02-28 13:26:42.133 [info] Renamed to /home/sibam/.vscode/extensions/ms-python.vscode-pylance-2026.1.1
2026-02-28 13:26:42.182 [info] Marked extension as removed ms-python.vscode-pylance-2025.10.4
2026-02-28 13:26:42.188 [info] Extension installed successfully: ms-python.vscode-pylance vscode-userdata:/home/sibam/.vscode/extensions/extensions.json
