2026-01-24 18:43:48.429 [info] Reading sessions from keychain...
2026-01-24 18:43:48.429 [info] Getting sessions for all scopes...
2026-01-24 18:43:49.077 [info] Got stored sessions!
2026-01-24 18:43:49.077 [info] Got 1 verified sessions.
2026-01-24 18:43:49.077 [info] Got 1 sessions for ...
2026-01-24 18:43:49.077 [info] Getting sessions for all scopes...
2026-01-24 18:43:49.077 [info] Got 1 sessions for ...
2026-01-24 18:43:49.080 [info] Getting sessions for all scopes...
2026-01-24 18:43:49.080 [info] Got 1 sessions for ...
2026-01-24 18:43:49.080 [info] Getting sessions for all scopes...
2026-01-24 18:43:49.080 [info] Got 1 sessions for ...
2026-01-24 18:43:49.080 [info] Getting sessions for all scopes...
2026-01-24 18:43:49.080 [info] Got 1 sessions for ...
2026-01-24 18:43:49.081 [info] Getting sessions for all scopes...
2026-01-24 18:43:49.081 [info] Got 1 sessions for ...
2026-01-24 18:43:49.081 [info] Getting sessions for all scopes...
2026-01-24 18:43:49.081 [info] Got 1 sessions for ...
2026-01-24 18:43:49.081 [info] Getting sessions for all scopes...
2026-01-24 18:43:49.081 [info] Got 1 sessions for ...
2026-01-24 18:43:49.082 [info] Getting sessions for all scopes...
2026-01-24 18:43:49.082 [info] Got 1 sessions for ...
2026-01-24 18:43:49.082 [info] Getting sessions for all scopes...
2026-01-24 18:43:49.082 [info] Got 1 sessions for ...
2026-01-24 18:43:49.083 [info] Getting sessions for all scopes...
2026-01-24 18:43:49.083 [info] Got 1 sessions for ...
2026-01-24 18:43:49.083 [info] Getting sessions for all scopes...
2026-01-24 18:43:49.083 [info] Got 1 sessions for ...
2026-01-24 18:43:49.287 [info] Getting sessions for all scopes...
2026-01-24 18:43:49.287 [info] Got 1 sessions for ...
2026-01-24 18:43:49.290 [info] Getting sessions for all scopes...
2026-01-24 18:43:49.290 [info] Got 1 sessions for ...
2026-01-24 18:43:49.291 [info] Getting sessions for all scopes...
2026-01-24 18:43:49.291 [info] Got 1 sessions for ...
2026-01-24 18:43:49.292 [info] Getting sessions for all scopes...
2026-01-24 18:43:49.292 [info] Got 1 sessions for ...
2026-01-24 18:43:49.292 [info] Getting sessions for all scopes...
2026-01-24 18:43:49.292 [info] Got 1 sessions for ...
2026-01-24 18:43:49.293 [info] Getting sessions for all scopes...
2026-01-24 18:43:49.293 [info] Got 1 sessions for ...
2026-01-24 18:43:49.307 [info] Getting sessions for all scopes...
2026-01-24 18:43:49.307 [info] Got 1 sessions for ...
2026-01-24 18:43:49.449 [info] Getting sessions for read:user,repo,user:email,workflow...
2026-01-24 18:43:49.449 [info] Got 1 sessions for read:user,repo,user:email,workflow...
2026-01-24 18:43:50.046 [info] Getting sessions for all scopes...
2026-01-24 18:43:50.046 [info] Got 1 sessions for ...
2026-01-24 18:43:50.072 [info] Getting sessions for read:user,repo,user:email,workflow...
2026-01-24 18:43:50.072 [info] Got 1 sessions for read:user,repo,user:email,workflow...
2026-01-24 18:43:50.554 [info] FetcherService: Electron fetch failed with status: 429 
2026-01-24 18:43:50.556 [info] Unable to resolve optional EDU details. Status: 429 
2026-01-24 18:43:50.590 [info] Getting sessions for all scopes...
2026-01-24 18:43:50.590 [info] Got 1 sessions for ...
2026-01-24 18:43:50.590 [info] Getting sessions for all scopes...
2026-01-24 18:43:50.590 [info] Got 1 sessions for ...
2026-01-24 18:43:50.591 [info] Getting sessions for read:user,repo,user:email,workflow...
2026-01-24 18:43:50.591 [info] Got 1 sessions for read:user,repo,user:email,workflow...
2026-01-24 18:43:50.745 [info] Getting sessions for read:user,repo,user:email,workflow...
2026-01-24 18:43:50.745 [info] Got 1 sessions for read:user,repo,user:email,workflow...
2026-01-24 18:43:51.085 [info] Getting sessions for all scopes...
2026-01-24 18:43:51.085 [info] Got 1 sessions for ...
2026-01-24 18:43:51.086 [info] Getting sessions for all scopes...
2026-01-24 18:43:51.086 [info] Got 1 sessions for ...
2026-01-24 18:43:51.158 [info] Getting sessions for read:user,repo,user:email,workflow...
2026-01-24 18:43:51.158 [info] Got 1 sessions for read:user,repo,user:email,workflow...
2026-01-24 18:43:51.444 [info] Getting sessions for all scopes...
2026-01-24 18:43:51.444 [info] Got 1 sessions for ...
2026-01-24 18:43:51.494 [info] Getting sessions for all scopes...
2026-01-24 18:43:51.494 [info] Got 1 sessions for ...
2026-01-24 18:43:51.495 [info] Getting sessions for all scopes...
2026-01-24 18:43:51.495 [info] Got 1 sessions for ...
2026-01-24 18:43:51.496 [info] Getting sessions for all scopes...
2026-01-24 18:43:51.496 [info] Got 1 sessions for ...
2026-01-24 18:43:52.194 [info] Getting sessions for read:user,repo,user:email,workflow...
2026-01-24 18:43:52.194 [info] Got 1 sessions for read:user,repo,user:email,workflow...
2026-01-24 18:43:53.880 [info] Getting sessions for all scopes...
2026-01-24 18:43:53.880 [info] Got 1 sessions for ...
2026-01-24 18:43:53.880 [info] Getting sessions for all scopes...
2026-01-24 18:43:53.880 [info] Got 1 sessions for ...
2026-01-24 18:43:54.274 [info] Getting sessions for read:user,repo,user:email,workflow...
2026-01-24 18:43:54.274 [info] Got 1 sessions for read:user,repo,user:email,workflow...
2026-01-24 18:43:54.385 [info] Getting sessions for all scopes...
2026-01-24 18:43:54.385 [info] Got 1 sessions for ...
2026-01-24 18:43:54.421 [info] Getting sessions for read:user,repo,user:email,workflow...
2026-01-24 18:43:54.421 [info] Got 1 sessions for read:user,repo,user:email,workflow...
2026-01-24 18:43:54.791 [info] Getting sessions for all scopes...
2026-01-24 18:43:54.791 [info] Got 1 sessions for ...
2026-01-24 18:43:55.084 [info] Getting sessions for read:user,repo,user:email,workflow...
2026-01-24 18:43:55.084 [info] Got 1 sessions for read:user,repo,user:email,workflow...
2026-01-24 18:44:01.245 [info] Getting sessions for all scopes...
2026-01-24 18:44:01.245 [info] Got 1 sessions for ...
2026-01-24 18:44:01.301 [info] Getting sessions for read:user,repo,user:email,workflow...
2026-01-24 18:44:01.301 [info] Got 1 sessions for read:user,repo,user:email,workflow...
2026-01-24 18:45:05.985 [info] Getting sessions for all scopes...
2026-01-24 18:45:05.985 [info] Got 1 sessions for ...
2026-01-24 18:45:05.987 [info] Getting sessions for all scopes...
2026-01-24 18:45:05.987 [info] Got 1 sessions for ...
