2026-01-19 19:02:28.628 [info] [main] Log level: Info
2026-01-19 19:02:28.628 [info] [main] Validating found git in: "git"
2026-01-19 19:02:28.628 [info] [main] Using git "2.52.0" from "git"
2026-01-19 19:02:28.628 [info] [Model][doInitialScan] Initial repository scan started
2026-01-19 19:02:28.628 [info] > git rev-parse --show-toplevel [24ms]
2026-01-19 19:02:28.628 [info] fatal: not a git repository (or any of the parent directories): .git
2026-01-19 19:02:28.628 [info] > git rev-parse --show-toplevel [9ms]
2026-01-19 19:02:28.628 [info] fatal: not a git repository (or any of the parent directories): .git
2026-01-19 19:02:28.628 [info] > git rev-parse --show-toplevel [7ms]
2026-01-19 19:02:28.628 [info] fatal: not a git repository (or any of the parent directories): .git
2026-01-19 19:02:28.628 [info] > git rev-parse --show-toplevel [9ms]
2026-01-19 19:02:28.628 [info] fatal: not a git repository (or any of the parent directories): .git
2026-01-19 19:02:28.628 [info] > git rev-parse --show-toplevel [46ms]
2026-01-19 19:02:28.628 [info] fatal: not a git repository (or any of the parent directories): .git
2026-01-19 19:02:28.628 [info] > git rev-parse --show-toplevel [73ms]
2026-01-19 19:02:28.628 [info] fatal: not a git repository (or any of the parent directories): .git
2026-01-19 19:02:28.649 [info] > git rev-parse --show-toplevel [7ms]
2026-01-19 19:02:28.649 [info] fatal: not a git repository (or any of the parent directories): .git
2026-01-19 19:02:29.321 [info] > git rev-parse --show-toplevel [9ms]
2026-01-19 19:02:29.321 [info] fatal: not a git repository (or any of the parent directories): .git
2026-01-19 19:02:29.340 [info] > git rev-parse --show-toplevel [4ms]
2026-01-19 19:02:29.340 [info] fatal: not a git repository (or any of the parent directories): .git
2026-01-19 19:02:29.355 [info] > git rev-parse --show-toplevel [4ms]
2026-01-19 19:02:29.355 [info] fatal: not a git repository (or any of the parent directories): .git
2026-01-19 19:02:29.373 [info] > git rev-parse --show-toplevel [7ms]
2026-01-19 19:02:29.373 [info] fatal: not a git repository (or any of the parent directories): .git
2026-01-19 19:02:29.388 [info] > git rev-parse --show-toplevel [5ms]
2026-01-19 19:02:29.388 [info] fatal: not a git repository (or any of the parent directories): .git
2026-01-19 19:02:29.405 [info] > git rev-parse --show-toplevel [5ms]
2026-01-19 19:02:29.405 [info] fatal: not a git repository (or any of the parent directories): .git
2026-01-19 19:02:29.431 [info] > git rev-parse --show-toplevel [13ms]
2026-01-19 19:02:29.431 [info] fatal: not a git repository (or any of the parent directories): .git
2026-01-19 19:02:29.456 [info] > git rev-parse --show-toplevel [6ms]
2026-01-19 19:02:29.456 [info] fatal: not a git repository (or any of the parent directories): .git
2026-01-19 19:02:29.472 [info] > git rev-parse --show-toplevel [4ms]
2026-01-19 19:02:29.472 [info] fatal: not a git repository (or any of the parent directories): .git
2026-01-19 19:02:29.491 [info] > git rev-parse --show-toplevel [8ms]
2026-01-19 19:02:29.491 [info] fatal: not a git repository (or any of the parent directories): .git
2026-01-19 19:02:29.506 [info] > git rev-parse --show-toplevel [5ms]
2026-01-19 19:02:29.506 [info] fatal: not a git repository (or any of the parent directories): .git
2026-01-19 19:02:29.522 [info] > git rev-parse --show-toplevel [6ms]
2026-01-19 19:02:29.522 [info] fatal: not a git repository (or any of the parent directories): .git
2026-01-19 19:02:29.767 [info] > git rev-parse --show-toplevel [235ms]
2026-01-19 19:02:29.768 [info] fatal: not a git repository (or any of the parent directories): .git
2026-01-19 19:02:30.094 [info] > git rev-parse --show-toplevel [316ms]
2026-01-19 19:02:30.133 [info] > git rev-parse --git-dir --git-common-dir --show-superproject-working-tree [6ms]
2026-01-19 19:02:30.145 [info] [Model][openRepository] Opened repository (path): /home/sibam/.oh-my-zsh
2026-01-19 19:02:30.145 [info] [Model][openRepository] Opened repository (real path): /home/sibam/.oh-my-zsh
2026-01-19 19:02:30.145 [info] [Model][openRepository] Opened repository (kind): repository
2026-01-19 19:02:30.178 [info] > git rev-parse --show-toplevel [14ms]
2026-01-19 19:02:30.178 [info] fatal: not a git repository (or any of the parent directories): .git
2026-01-19 19:02:30.179 [info] > git config --get commit.template [22ms]
2026-01-19 19:02:30.201 [info] > git rev-parse --show-toplevel [12ms]
2026-01-19 19:02:30.201 [info] fatal: not a git repository (or any of the parent directories): .git
2026-01-19 19:02:30.213 [info] > git rev-parse --show-toplevel [3ms]
2026-01-19 19:02:30.213 [info] fatal: not a git repository (or any of the parent directories): .git
2026-01-19 19:02:30.213 [info] > git for-each-ref --format=%(refname)%00%(upstream:short)%00%(objectname)%00%(upstream:track)%00%(upstream:remotename)%00%(upstream:remoteref) refs/heads/master refs/remotes/master [14ms]
2026-01-19 19:02:30.223 [info] > git rev-parse --show-toplevel [2ms]
2026-01-19 19:02:30.223 [info] fatal: not a git repository (or any of the parent directories): .git
2026-01-19 19:02:30.254 [info] > git rev-parse --show-toplevel [23ms]
2026-01-19 19:02:30.254 [info] fatal: not a git repository (or any of the parent directories): .git
2026-01-19 19:02:30.265 [info] > git for-each-ref --sort -committerdate --format %(refname)%00%(objectname)%00%(*objectname) [12ms]
2026-01-19 19:02:30.268 [info] > git rev-parse --show-toplevel [4ms]
2026-01-19 19:02:30.286 [info] > git rev-parse --git-dir --git-common-dir --show-superproject-working-tree [9ms]
2026-01-19 19:02:30.291 [info] [Model][openRepository] Opened repository (path): /home/sibam/.tmuxifier
2026-01-19 19:02:30.291 [info] [Model][openRepository] Opened repository (real path): /home/sibam/.tmuxifier
2026-01-19 19:02:30.291 [info] [Model][openRepository] Opened repository (kind): repository
2026-01-19 19:02:30.312 [info] > git rev-parse --show-toplevel [2ms]
2026-01-19 19:02:30.312 [info] fatal: not a git repository (or any of the parent directories): .git
2026-01-19 19:02:30.313 [info] > git config --get commit.template [12ms]
2026-01-19 19:02:30.334 [info] > git rev-parse --show-toplevel [12ms]
2026-01-19 19:02:30.334 [info] fatal: not a git repository (or any of the parent directories): .git
2026-01-19 19:02:30.345 [info] > git for-each-ref --format=%(refname)%00%(upstream:short)%00%(objectname)%00%(upstream:track)%00%(upstream:remotename)%00%(upstream:remoteref) refs/heads/main refs/remotes/main [13ms]
2026-01-19 19:02:30.354 [warning] [Git][revParse] Unable to read file: ENOENT: no such file or directory, open '/home/sibam/.tmuxifier/.git/refs/remotes/origin/main'
2026-01-19 19:02:30.355 [info] > git rev-parse --show-toplevel [13ms]
2026-01-19 19:02:30.355 [info] fatal: not a git repository (or any of the parent directories): .git
2026-01-19 19:02:30.365 [info] > git rev-parse refs/remotes/origin/main [12ms]
2026-01-19 19:02:30.385 [info] > git status -z -uall [11ms]
2026-01-19 19:02:30.386 [info] > git rev-parse --show-toplevel [23ms]
2026-01-19 19:02:30.386 [info] fatal: not a git repository (or any of the parent directories): .git
2026-01-19 19:02:30.401 [info] > git for-each-ref --sort -committerdate --format %(refname)%00%(objectname)%00%(*objectname) [18ms]
2026-01-19 19:02:30.458 [info] > git status -z -uall [215ms]
2026-01-19 19:02:30.458 [info] > git for-each-ref --format=%(refname)%00%(upstream:short)%00%(objectname)%00%(upstream:track)%00%(upstream:remotename)%00%(upstream:remoteref) refs/heads/main refs/remotes/main [19ms]
2026-01-19 19:02:30.469 [info] > git rev-parse --show-toplevel [69ms]
2026-01-19 19:02:30.483 [info] > git config --get --local branch.main.vscode-merge-base [15ms]
2026-01-19 19:02:30.494 [info] > git config --get commit.template [38ms]
2026-01-19 19:02:30.522 [info] > git for-each-ref --format=%(refname)%00%(upstream:short)%00%(objectname)%00%(upstream:track)%00%(upstream:remotename)%00%(upstream:remoteref) refs/heads/master refs/remotes/master [14ms]
2026-01-19 19:02:30.531 [info] > git for-each-ref --format=%(refname)%00%(upstream:short)%00%(objectname)%00%(upstream:track)%00%(upstream:remotename)%00%(upstream:remoteref) refs/heads/origin/main refs/remotes/origin/main [38ms]
2026-01-19 19:02:30.543 [info] > git rev-parse --git-dir --git-common-dir --show-superproject-working-tree [61ms]
2026-01-19 19:02:30.549 [info] [Model][openRepository] Opened repository (path): /home/sibam/Arch-Hyprland
2026-01-19 19:02:30.549 [info] [Model][openRepository] Opened repository (real path): /home/sibam/Arch-Hyprland
2026-01-19 19:02:30.549 [info] [Model][openRepository] Opened repository (kind): repository
2026-01-19 19:02:30.585 [info] > git merge-base refs/heads/main refs/remotes/origin/main [43ms]
2026-01-19 19:02:30.596 [info] > git config --get --local branch.master.vscode-merge-base [64ms]
2026-01-19 19:02:30.606 [info] > git config --get commit.template [86ms]
2026-01-19 19:02:30.612 [info] > git for-each-ref --format=%(refname)%00%(upstream:short)%00%(objectname)%00%(upstream:track)%00%(upstream:remotename)%00%(upstream:remoteref) refs/heads/origin/master refs/remotes/origin/master [6ms]
2026-01-19 19:02:30.623 [info] > git diff --raw --numstat --diff-filter=ADMR -z --find-renames=50% f268c12f3f05202cfbfff706063e4efc133edca8...refs/remotes/origin/main -- [28ms]
2026-01-19 19:02:30.625 [info] > git rev-parse --show-toplevel [41ms]
2026-01-19 19:02:30.625 [info] fatal: not a git repository (or any of the parent directories): .git
2026-01-19 19:02:30.625 [info] > git config --get commit.template [52ms]
2026-01-19 19:02:30.625 [info] > git for-each-ref --format=%(refname)%00%(upstream:short)%00%(objectname)%00%(upstream:track)%00%(upstream:remotename)%00%(upstream:remoteref) refs/heads/main refs/remotes/main [64ms]
2026-01-19 19:02:30.659 [warning] [Git][revParse] Unable to read file: ENOENT: no such file or directory, open '/home/sibam/.tmuxifier/.git/refs/remotes/origin/main'
2026-01-19 19:02:30.662 [info] > git merge-base refs/heads/master refs/remotes/origin/master [39ms]
2026-01-19 19:02:30.716 [info] > git diff --raw --numstat --diff-filter=ADMR -z --find-renames=50% ec14da72fbf8b5016bb1533d4af3ff3bb2ac7a19...refs/remotes/origin/master -- [43ms]
2026-01-19 19:02:30.717 [info] > git rev-parse refs/remotes/origin/main [59ms]
2026-01-19 19:02:30.734 [info] > git rev-parse --show-toplevel [87ms]
2026-01-19 19:02:30.734 [info] fatal: not a git repository (or any of the parent directories): .git
2026-01-19 19:02:30.735 [info] > git for-each-ref --format=%(refname)%00%(upstream:short)%00%(objectname)%00%(upstream:track)%00%(upstream:remotename)%00%(upstream:remoteref) refs/heads/master refs/remotes/master [96ms]
2026-01-19 19:02:30.745 [info] > git status -z -uall [19ms]
2026-01-19 19:02:30.746 [info] > git for-each-ref --format=%(refname)%00%(upstream:short)%00%(objectname)%00%(upstream:track)%00%(upstream:remotename)%00%(upstream:remoteref) refs/heads/main refs/remotes/main [63ms]
2026-01-19 19:02:30.756 [warning] [Git][revParse] Unable to read file: ENOENT: no such file or directory, open '/home/sibam/Arch-Hyprland/.git/refs/remotes/origin/main'
2026-01-19 19:02:30.757 [info] > git rev-parse --show-toplevel [13ms]
2026-01-19 19:02:30.757 [info] fatal: not a git repository (or any of the parent directories): .git
2026-01-19 19:02:30.757 [info] > git for-each-ref --sort -committerdate --format %(refname)%00%(objectname)%00%(*objectname) [23ms]
2026-01-19 19:02:30.778 [info] > git rev-parse refs/remotes/origin/main [22ms]
2026-01-19 19:02:30.818 [info] > git status -z -uall [31ms]
2026-01-19 19:02:30.818 [info] > git for-each-ref --sort -committerdate --format %(refname)%00%(objectname)%00%(*objectname) [23ms]
2026-01-19 19:02:30.819 [info] > git rev-parse --show-toplevel [49ms]
2026-01-19 19:02:30.830 [info] > git for-each-ref --sort -committerdate --format %(refname)%00%(objectname)%00%(*objectname) [14ms]
2026-01-19 19:02:30.872 [info] > git status -z -uall [66ms]
2026-01-19 19:02:30.872 [info] > git for-each-ref --format=%(refname)%00%(upstream:short)%00%(objectname)%00%(upstream:track)%00%(upstream:remotename)%00%(upstream:remoteref) refs/heads/main refs/remotes/main [28ms]
2026-01-19 19:02:30.882 [info] > git rev-parse --git-dir --git-common-dir --show-superproject-working-tree [54ms]
2026-01-19 19:02:30.888 [info] [Model][openRepository] Opened repository (path): /home/sibam/HyprFlux
2026-01-19 19:02:30.888 [info] [Model][openRepository] Opened repository (real path): /home/sibam/HyprFlux
2026-01-19 19:02:30.888 [info] [Model][openRepository] Opened repository (kind): repository
2026-01-19 19:02:30.921 [info] > git config --get --local branch.main.vscode-merge-base [39ms]
2026-01-19 19:02:30.930 [info] > git config --get commit.template [60ms]
2026-01-19 19:02:30.934 [info] > git for-each-ref --format=%(refname)%00%(upstream:short)%00%(objectname)%00%(upstream:track)%00%(upstream:remotename)%00%(upstream:remoteref) refs/heads/origin/main refs/remotes/origin/main [4ms]
2026-01-19 19:02:30.944 [info] > git rev-parse --show-toplevel [33ms]
2026-01-19 19:02:30.944 [info] fatal: not a git repository (or any of the parent directories): .git
2026-01-19 19:02:30.944 [info] > git config --get commit.template [43ms]
2026-01-19 19:02:30.971 [info] > git merge-base refs/heads/main refs/remotes/origin/main [28ms]
2026-01-19 19:02:30.990 [info] > git rev-parse --show-toplevel [20ms]
2026-01-19 19:02:30.990 [info] fatal: not a git repository (or any of the parent directories): .git
2026-01-19 19:02:30.990 [info] > git for-each-ref --format=%(refname)%00%(upstream:short)%00%(objectname)%00%(upstream:track)%00%(upstream:remotename)%00%(upstream:remoteref) refs/heads/main refs/remotes/main [28ms]
2026-01-19 19:02:31.009 [warning] [Git][revParse] Unable to read file: ENOENT: no such file or directory, open '/home/sibam/Arch-Hyprland/.git/refs/remotes/origin/main'
2026-01-19 19:02:31.011 [info] > git diff --raw --numstat --diff-filter=ADMR -z --find-renames=50% 5acde89271de571d66cbb71afcb7b9ec7779ed9d...refs/remotes/origin/main -- [31ms]
2026-01-19 19:02:31.013 [info] > git rev-parse refs/remotes/origin/main [4ms]
2026-01-19 19:02:31.031 [info] > git rev-parse --show-toplevel [31ms]
2026-01-19 19:02:31.031 [info] fatal: not a git repository (or any of the parent directories): .git
2026-01-19 19:02:31.031 [info] > git for-each-ref --format=%(refname)%00%(upstream:short)%00%(objectname)%00%(upstream:track)%00%(upstream:remotename)%00%(upstream:remoteref) refs/heads/main refs/remotes/main [42ms]
2026-01-19 19:02:31.049 [warning] [Git][revParse] Unable to read file: ENOENT: no such file or directory, open '/home/sibam/HyprFlux/.git/refs/remotes/origin/main'
2026-01-19 19:02:31.054 [info] > git status -z -uall [33ms]
2026-01-19 19:02:31.056 [info] > git rev-parse refs/remotes/origin/main [7ms]
2026-01-19 19:02:31.073 [info] > git rev-parse --show-toplevel [32ms]
2026-01-19 19:02:31.073 [info] fatal: not a git repository (or any of the parent directories): .git
2026-01-19 19:02:31.073 [info] > git for-each-ref --sort -committerdate --format %(refname)%00%(objectname)%00%(*objectname) [43ms]
2026-01-19 19:02:31.087 [info] > git for-each-ref --sort -committerdate --format %(refname)%00%(objectname)%00%(*objectname) [13ms]
2026-01-19 19:02:31.088 [info] > git rev-parse --show-toplevel [3ms]
2026-01-19 19:02:31.089 [info] fatal: not a git repository (or any of the parent directories): .git
2026-01-19 19:02:31.108 [info] > git rev-parse --show-toplevel [10ms]
2026-01-19 19:02:31.125 [info] > git rev-parse --git-dir --git-common-dir --show-superproject-working-tree [9ms]
2026-01-19 19:02:31.130 [info] [Model][openRepository] Opened repository (path): /home/sibam/Wallpapers
2026-01-19 19:02:31.130 [info] [Model][openRepository] Opened repository (real path): /home/sibam/Wallpapers
2026-01-19 19:02:31.130 [info] [Model][openRepository] Opened repository (kind): repository
2026-01-19 19:02:31.151 [info] > git config --get commit.template [11ms]
2026-01-19 19:02:31.154 [info] > git rev-parse --show-toplevel [6ms]
2026-01-19 19:02:31.184 [info] > git rev-parse --git-dir --git-common-dir --show-superproject-working-tree [11ms]
2026-01-19 19:02:31.188 [info] [Model][openRepository] Opened repository (path): /home/sibam/dotfiles
2026-01-19 19:02:31.188 [info] [Model][openRepository] Opened repository (real path): /home/sibam/dotfiles
2026-01-19 19:02:31.188 [info] [Model][openRepository] Opened repository (kind): repository
2026-01-19 19:02:31.188 [info] > git for-each-ref --format=%(refname)%00%(upstream:short)%00%(objectname)%00%(upstream:track)%00%(upstream:remotename)%00%(upstream:remoteref) refs/heads/master refs/remotes/master [25ms]
2026-01-19 19:02:31.216 [warning] [Git][revParse] Unable to read file: ENOENT: no such file or directory, open '/home/sibam/Wallpapers/.git/refs/remotes/origin/master'
2026-01-19 19:02:31.220 [info] > git rev-parse refs/remotes/origin/master [4ms]
2026-01-19 19:02:31.237 [info] > git rev-parse --show-toplevel [30ms]
2026-01-19 19:02:31.237 [info] fatal: not a git repository (or any of the parent directories): .git
2026-01-19 19:02:31.237 [info] > git config --get commit.template [39ms]
2026-01-19 19:02:31.249 [info] > git status -z -uall [21ms]
2026-01-19 19:02:31.249 [info] > git for-each-ref --sort -committerdate --format %(refname)%00%(objectname)%00%(*objectname) [12ms]
2026-01-19 19:02:31.301 [info] > git for-each-ref --format=%(refname)%00%(upstream:short)%00%(objectname)%00%(upstream:track)%00%(upstream:remotename)%00%(upstream:remoteref) refs/heads/master refs/remotes/master [40ms]
2026-01-19 19:02:31.311 [info] > git rev-parse --show-toplevel [63ms]
2026-01-19 19:02:31.311 [info] fatal: not a git repository (or any of the parent directories): .git
2026-01-19 19:02:31.322 [info] > git config --get --local branch.master.vscode-merge-base [11ms]
2026-01-19 19:02:31.331 [info] > git config --get commit.template [32ms]
2026-01-19 19:02:31.331 [info] > git for-each-ref --format=%(refname)%00%(upstream:short)%00%(objectname)%00%(upstream:track)%00%(upstream:remotename)%00%(upstream:remoteref) refs/heads/main refs/remotes/main [41ms]
2026-01-19 19:02:31.340 [warning] [Git][revParse] Unable to read file: ENOENT: no such file or directory, open '/home/sibam/dotfiles/.git/refs/remotes/origin/main'
2026-01-19 19:02:31.341 [info] > git rev-parse --show-toplevel [20ms]
2026-01-19 19:02:31.341 [info] fatal: not a git repository (or any of the parent directories): .git
2026-01-19 19:02:31.361 [info] > git rev-parse refs/remotes/origin/main [21ms]
2026-01-19 19:02:31.380 [info] > git for-each-ref --format=%(refname)%00%(upstream:short)%00%(objectname)%00%(upstream:track)%00%(upstream:remotename)%00%(upstream:remoteref) refs/heads/origin/master refs/remotes/origin/master [49ms]
2026-01-19 19:02:31.395 [info] > git status -z -uall [331ms]
2026-01-19 19:02:31.395 [info] > git for-each-ref --sort -committerdate --format %(refname)%00%(objectname)%00%(*objectname) [15ms]
2026-01-19 19:02:31.395 [info] > git rev-parse --show-toplevel [35ms]
2026-01-19 19:02:31.395 [info] > git for-each-ref --format=%(refname)%00%(upstream:short)%00%(objectname)%00%(upstream:track)%00%(upstream:remotename)%00%(upstream:remoteref) refs/heads/master refs/remotes/master [44ms]
2026-01-19 19:02:31.431 [warning] [Git][revParse] Unable to read file: ENOENT: no such file or directory, open '/home/sibam/Wallpapers/.git/refs/remotes/origin/master'
2026-01-19 19:02:31.441 [info] > git for-each-ref --format=%(refname)%00%(upstream:short)%00%(objectname)%00%(upstream:track)%00%(upstream:remotename)%00%(upstream:remoteref) refs/heads/main refs/remotes/main [33ms]
2026-01-19 19:02:31.450 [info] > git merge-base refs/heads/master refs/remotes/origin/master [61ms]
2026-01-19 19:02:31.468 [info] > git config --get --local branch.main.vscode-merge-base [18ms]
2026-01-19 19:02:31.478 [info] > git config --get commit.template [38ms]
2026-01-19 19:02:31.478 [info] > git rev-parse refs/remotes/origin/master [47ms]
2026-01-19 19:02:31.495 [info] > git rev-parse --git-dir --git-common-dir --show-superproject-working-tree [73ms]
2026-01-19 19:02:31.500 [info] [Model][openRepository] Opened repository (path): /home/sibam/hypr-lite
2026-01-19 19:02:31.500 [info] [Model][openRepository] Opened repository (real path): /home/sibam/hypr-lite
2026-01-19 19:02:31.500 [info] [Model][openRepository] Opened repository (kind): repository
2026-01-19 19:02:31.519 [info] > git status -z -uall [33ms]
2026-01-19 19:02:31.519 [info] > git for-each-ref --sort -committerdate --format %(refname)%00%(objectname)%00%(*objectname) [24ms]
2026-01-19 19:02:31.531 [info] > git for-each-ref --format=%(refname)%00%(upstream:short)%00%(objectname)%00%(upstream:track)%00%(upstream:remotename)%00%(upstream:remoteref) refs/heads/origin/main refs/remotes/origin/main [53ms]
2026-01-19 19:02:31.540 [info] > git diff --raw --numstat --diff-filter=ADMR -z --find-renames=50% dff7059b0a91707ae935d7ede01671eba9474004...refs/remotes/origin/master -- [81ms]
2026-01-19 19:02:31.553 [info] > git merge-base refs/heads/main refs/remotes/origin/main [13ms]
2026-01-19 19:02:31.562 [info] > git merge-base refs/heads/master refs/remotes/origin/master [33ms]
2026-01-19 19:02:31.571 [info] > git rev-parse --show-toplevel [54ms]
2026-01-19 19:02:31.571 [info] fatal: not a git repository (or any of the parent directories): .git
2026-01-19 19:02:31.571 [info] > git config --get commit.template [62ms]
2026-01-19 19:02:31.589 [info] > git diff --raw --numstat --diff-filter=ADMR -z --find-renames=50% dff7059b0a91707ae935d7ede01671eba9474004...refs/remotes/origin/master -- [18ms]
2026-01-19 19:02:31.589 [info] > git diff --raw --numstat --diff-filter=ADMR -z --find-renames=50% 9033d902b9452d4dc871e386975e4a65b8f86182...refs/remotes/origin/main -- [28ms]
2026-01-19 19:02:31.590 [info] > git for-each-ref --format=%(refname)%00%(upstream:short)%00%(objectname)%00%(upstream:track)%00%(upstream:remotename)%00%(upstream:remoteref) refs/heads/main refs/remotes/main [40ms]
2026-01-19 19:02:31.610 [warning] [Git][revParse] Unable to read file: ENOENT: no such file or directory, open '/home/sibam/HyprFlux/.git/refs/remotes/origin/main'
2026-01-19 19:02:31.611 [info] > git rev-parse --show-toplevel [26ms]
2026-01-19 19:02:31.622 [info] > git rev-parse refs/remotes/origin/main [12ms]
2026-01-19 19:02:31.642 [info] > git for-each-ref --format=%(refname)%00%(upstream:short)%00%(objectname)%00%(upstream:track)%00%(upstream:remotename)%00%(upstream:remoteref) refs/heads/main refs/remotes/main [43ms]
2026-01-19 19:02:31.652 [warning] [Git][revParse] Unable to read file: ENOENT: no such file or directory, open '/home/sibam/hypr-lite/.git/refs/remotes/origin/main'
2026-01-19 19:02:31.654 [info] > git rev-parse --git-dir --git-common-dir --show-superproject-working-tree [33ms]
2026-01-19 19:02:31.659 [info] [Model][openRepository] Opened repository (path): /home/sibam/hyprlang-git
2026-01-19 19:02:31.659 [info] [Model][openRepository] Opened repository (real path): /home/sibam/hyprlang-git
2026-01-19 19:02:31.659 [info] [Model][openRepository] Opened repository (kind): repository
2026-01-19 19:02:31.681 [info] > git rev-parse refs/remotes/origin/main [29ms]
2026-01-19 19:02:31.700 [info] > git for-each-ref --sort -committerdate --format %(refname)%00%(objectname)%00%(*objectname) [57ms]
2026-01-19 19:02:31.702 [info] > git status -z -uall [13ms]
2026-01-19 19:02:31.703 [info] > git rev-parse --show-toplevel [24ms]
2026-01-19 19:02:31.703 [info] fatal: not a git repository (or any of the parent directories): .git
2026-01-19 19:02:31.703 [info] > git config --get commit.template [33ms]
2026-01-19 19:02:31.718 [info] > git for-each-ref --sort -committerdate --format %(refname)%00%(objectname)%00%(*objectname) [19ms]
2026-01-19 19:02:31.752 [info] > git for-each-ref --format=%(refname)%00%(upstream:short)%00%(objectname)%00%(upstream:track)%00%(upstream:remotename)%00%(upstream:remoteref) refs/heads/main refs/remotes/main [23ms]
2026-01-19 19:02:31.763 [info] > git rev-parse --show-toplevel [47ms]
2026-01-19 19:02:31.775 [info] > git status -z -uall [143ms]
2026-01-19 19:02:31.775 [info] > git config --get --local branch.main.vscode-merge-base [12ms]
2026-01-19 19:02:31.786 [info] > git config --get commit.template [36ms]
2026-01-19 19:02:31.786 [info] > git for-each-ref --format=%(refname)%00%(upstream:short)%00%(objectname)%00%(upstream:track)%00%(upstream:remotename)%00%(upstream:remoteref) refs/heads/master refs/remotes/master [45ms]
2026-01-19 19:02:31.801 [warning] [Git][revParse] Unable to read file: ENOENT: no such file or directory, open '/home/sibam/hyprlang-git/.git/refs/remotes/origin/master'
2026-01-19 19:02:31.802 [info] > git for-each-ref --format=%(refname)%00%(upstream:short)%00%(objectname)%00%(upstream:track)%00%(upstream:remotename)%00%(upstream:remoteref) refs/heads/origin/main refs/remotes/origin/main [16ms]
2026-01-19 19:02:31.814 [info] > git rev-parse --git-dir --git-common-dir --show-superproject-working-tree [41ms]
2026-01-19 19:02:31.820 [info] [Model][openRepository] Opened repository (path): /home/sibam/omarchy
2026-01-19 19:02:31.820 [info] [Model][openRepository] Opened repository (real path): /home/sibam/omarchy
2026-01-19 19:02:31.820 [info] [Model][openRepository] Opened repository (kind): repository
2026-01-19 19:02:31.858 [info] > git merge-base refs/heads/main refs/remotes/origin/main [44ms]
2026-01-19 19:02:31.869 [info] > git rev-parse refs/remotes/origin/master [68ms]
2026-01-19 19:02:31.893 [info] > git status -z -uall [15ms]
2026-01-19 19:02:31.893 [info] > git for-each-ref --sort -committerdate --format %(refname)%00%(objectname)%00%(*objectname) [4ms]
2026-01-19 19:02:31.906 [info] > git diff --raw --numstat --diff-filter=ADMR -z --find-renames=50% 5dc071ffb08a037e8c440266af06a5117b0dfb96...refs/remotes/origin/main -- [37ms]
2026-01-19 19:02:31.907 [info] > git rev-parse --show-toplevel [50ms]
2026-01-19 19:02:31.907 [info] fatal: not a git repository (or any of the parent directories): .git
2026-01-19 19:02:31.907 [info] > git config --get commit.template [60ms]
2026-01-19 19:02:31.907 [info] > git for-each-ref --format=%(refname)%00%(upstream:short)%00%(objectname)%00%(upstream:track)%00%(upstream:remotename)%00%(upstream:remoteref) refs/heads/main refs/remotes/main [70ms]
2026-01-19 19:02:31.946 [warning] [Git][revParse] Unable to read file: ENOENT: no such file or directory, open '/home/sibam/hypr-lite/.git/refs/remotes/origin/main'
2026-01-19 19:02:31.947 [info] > git for-each-ref --format=%(refname)%00%(upstream:short)%00%(objectname)%00%(upstream:track)%00%(upstream:remotename)%00%(upstream:remoteref) refs/heads/master refs/remotes/master [43ms]
2026-01-19 19:02:31.975 [info] > git config --get --local branch.master.vscode-merge-base [17ms]
2026-01-19 19:02:31.986 [info] > git rev-parse refs/remotes/origin/main [40ms]
2026-01-19 19:02:32.004 [info] > git rev-parse --show-toplevel [68ms]
2026-01-19 19:02:32.004 [info] fatal: not a git repository (or any of the parent directories): .git
2026-01-19 19:02:32.006 [info] [Model][doInitialScan] Initial repository scan completed - repositories (9), closed repositories (0), parent repositories (0), unsafe repositories (0)
2026-01-19 19:02:32.007 [info] > git config --get commit.template [81ms]
2026-01-19 19:02:32.009 [info] > git status -z -uall [14ms]
2026-01-19 19:02:32.009 [info] > git for-each-ref --sort -committerdate --format %(refname)%00%(objectname)%00%(*objectname) [5ms]
2026-01-19 19:02:32.011 [info] > git for-each-ref --format=%(refname)%00%(upstream:short)%00%(objectname)%00%(upstream:track)%00%(upstream:remotename)%00%(upstream:remoteref) refs/heads/origin/master refs/remotes/origin/master [25ms]
2026-01-19 19:02:32.021 [info] > git for-each-ref --format=%(refname)%00%(upstream:short)%00%(objectname)%00%(upstream:track)%00%(upstream:remotename)%00%(upstream:remoteref) refs/heads/master refs/remotes/master [50ms]
2026-01-19 19:02:32.042 [warning] [Git][revParse] Unable to read file: ENOENT: no such file or directory, open '/home/sibam/omarchy/.git/refs/remotes/origin/master'
2026-01-19 19:02:32.043 [info] > git merge-base refs/heads/master refs/remotes/origin/master [23ms]
2026-01-19 19:02:32.057 [info] > git diff --raw --numstat --diff-filter=ADMR -z --find-renames=50% 5a19411cefca9852e17d6f4bcd58eb01c801652c...refs/remotes/origin/master -- [3ms]
2026-01-19 19:02:32.057 [info] > git rev-parse refs/remotes/origin/master [15ms]
2026-01-19 19:02:32.077 [info] > git for-each-ref --format=%(refname)%00%(upstream:short)%00%(objectname)%00%(upstream:track)%00%(upstream:remotename)%00%(upstream:remoteref) refs/heads/master refs/remotes/master [47ms]
2026-01-19 19:02:32.088 [warning] [Git][revParse] Unable to read file: ENOENT: no such file or directory, open '/home/sibam/hyprlang-git/.git/refs/remotes/origin/master'
2026-01-19 19:02:32.092 [info] > git rev-parse refs/remotes/origin/master [4ms]
2026-01-19 19:02:32.113 [info] > git for-each-ref --sort -committerdate --format %(refname)%00%(objectname)%00%(*objectname) [36ms]
2026-01-19 19:02:32.115 [info] > git status -z -uall [12ms]
2026-01-19 19:02:32.117 [info] > git for-each-ref --sort -committerdate --format %(refname)%00%(objectname)%00%(*objectname) [4ms]
2026-01-19 19:02:32.356 [info] > git status -z -uall [986ms]
2026-01-19 19:02:32.382 [info] > git status -z -uall [316ms]
2026-01-19 19:02:32.383 [info] > git for-each-ref --format=%(refname)%00%(upstream:short)%00%(objectname)%00%(upstream:track)%00%(upstream:remotename)%00%(upstream:remoteref) refs/heads/main refs/remotes/main [16ms]
2026-01-19 19:02:32.426 [info] > git for-each-ref --format=%(refname)%00%(upstream:short)%00%(objectname)%00%(upstream:track)%00%(upstream:remotename)%00%(upstream:remoteref) refs/heads/master refs/remotes/master [17ms]
2026-01-19 19:02:32.437 [info] > git config --get --local branch.main.vscode-merge-base [43ms]
2026-01-19 19:02:32.446 [info] > git config --get commit.template [64ms]
2026-01-19 19:02:32.450 [info] > git for-each-ref --format=%(refname)%00%(upstream:short)%00%(objectname)%00%(upstream:track)%00%(upstream:remotename)%00%(upstream:remoteref) refs/heads/origin/main refs/remotes/origin/main [4ms]
2026-01-19 19:02:32.460 [info] > git config --get --local branch.master.vscode-merge-base [24ms]
2026-01-19 19:02:32.468 [info] > git config --get commit.template [43ms]
2026-01-19 19:02:32.481 [info] > git for-each-ref --format=%(refname)%00%(upstream:short)%00%(objectname)%00%(upstream:track)%00%(upstream:remotename)%00%(upstream:remoteref) refs/heads/origin/master refs/remotes/origin/master [13ms]
2026-01-19 19:02:32.491 [info] > git merge-base refs/heads/main refs/remotes/origin/main [32ms]
2026-01-19 19:02:32.516 [info] > git diff --raw --numstat --diff-filter=ADMR -z --find-renames=50% 77f6d9885e1736de342089ecd6e28aef41a64c1e...refs/remotes/origin/main -- [16ms]
2026-01-19 19:02:32.517 [info] > git merge-base refs/heads/master refs/remotes/origin/master [27ms]
2026-01-19 19:02:32.526 [info] > git for-each-ref --format=%(refname)%00%(upstream:short)%00%(objectname)%00%(upstream:track)%00%(upstream:remotename)%00%(upstream:remoteref) refs/heads/main refs/remotes/main [46ms]
2026-01-19 19:02:32.536 [warning] [Git][revParse] Unable to read file: ENOENT: no such file or directory, open '/home/sibam/dotfiles/.git/refs/remotes/origin/main'
2026-01-19 19:02:32.537 [info] > git diff --raw --numstat --diff-filter=ADMR -z --find-renames=50% ed9a4a45ba3819f942df605e02011fcc70bfbda1...refs/remotes/origin/master -- [11ms]
2026-01-19 19:02:32.537 [info] > git for-each-ref --format=%(refname)%00%(upstream:short)%00%(objectname)%00%(upstream:track)%00%(upstream:remotename)%00%(upstream:remoteref) refs/heads/master refs/remotes/master [23ms]
2026-01-19 19:02:32.547 [warning] [Git][revParse] Unable to read file: ENOENT: no such file or directory, open '/home/sibam/omarchy/.git/refs/remotes/origin/master'
2026-01-19 19:02:32.548 [info] > git rev-parse refs/remotes/origin/main [12ms]
2026-01-19 19:02:32.566 [info] > git rev-parse refs/remotes/origin/master [19ms]
2026-01-19 19:02:32.586 [info] > git for-each-ref --sort -committerdate --format %(refname)%00%(objectname)%00%(*objectname) [21ms]
2026-01-19 19:02:32.587 [info] > git for-each-ref --sort -committerdate --format %(refname)%00%(objectname)%00%(*objectname) [3ms]
2026-01-19 19:02:32.732 [info] > git status -z -uall [156ms]
2026-01-19 19:02:33.325 [info] > git status -z -uall [768ms]
2026-01-19 19:02:36.486 [info] > git config --get commit.template [23ms]
2026-01-19 19:02:36.486 [info] > git config --get commit.template [31ms]
2026-01-19 19:02:36.486 [info] > git config --get commit.template [40ms]
2026-01-19 19:02:36.486 [info] > git config --get commit.template [49ms]
2026-01-19 19:02:36.486 [info] > git config --get commit.template [58ms]
2026-01-19 19:02:36.487 [info] > git config --get commit.template [68ms]
2026-01-19 19:02:36.487 [info] > git config --get commit.template [78ms]
2026-01-19 19:02:36.487 [info] > git config --get commit.template [86ms]
2026-01-19 19:02:36.487 [info] > git config --get commit.template [95ms]
2026-01-19 19:02:36.815 [info] > git for-each-ref --format=%(refname)%00%(upstream:short)%00%(objectname)%00%(upstream:track)%00%(upstream:remotename)%00%(upstream:remoteref) refs/heads/master refs/remotes/master [213ms]
2026-01-19 19:02:36.815 [info] > git for-each-ref --format=%(refname)%00%(upstream:short)%00%(objectname)%00%(upstream:track)%00%(upstream:remotename)%00%(upstream:remoteref) refs/heads/main refs/remotes/main [226ms]
2026-01-19 19:02:36.815 [info] > git for-each-ref --format=%(refname)%00%(upstream:short)%00%(objectname)%00%(upstream:track)%00%(upstream:remotename)%00%(upstream:remoteref) refs/heads/main refs/remotes/main [236ms]
2026-01-19 19:02:36.815 [info] > git for-each-ref --format=%(refname)%00%(upstream:short)%00%(objectname)%00%(upstream:track)%00%(upstream:remotename)%00%(upstream:remoteref) refs/heads/main refs/remotes/main [245ms]
2026-01-19 19:02:36.816 [info] > git for-each-ref --format=%(refname)%00%(upstream:short)%00%(objectname)%00%(upstream:track)%00%(upstream:remotename)%00%(upstream:remoteref) refs/heads/master refs/remotes/master [255ms]
2026-01-19 19:02:36.816 [info] > git for-each-ref --format=%(refname)%00%(upstream:short)%00%(objectname)%00%(upstream:track)%00%(upstream:remotename)%00%(upstream:remoteref) refs/heads/main refs/remotes/main [264ms]
2026-01-19 19:02:36.816 [info] > git for-each-ref --format=%(refname)%00%(upstream:short)%00%(objectname)%00%(upstream:track)%00%(upstream:remotename)%00%(upstream:remoteref) refs/heads/master refs/remotes/master [274ms]
2026-01-19 19:02:36.816 [info] > git for-each-ref --format=%(refname)%00%(upstream:short)%00%(objectname)%00%(upstream:track)%00%(upstream:remotename)%00%(upstream:remoteref) refs/heads/master refs/remotes/master [284ms]
2026-01-19 19:02:36.816 [info] > git for-each-ref --format=%(refname)%00%(upstream:short)%00%(objectname)%00%(upstream:track)%00%(upstream:remotename)%00%(upstream:remoteref) refs/heads/main refs/remotes/main [296ms]
2026-01-19 19:02:36.833 [warning] [Git][revParse] Unable to read file: ENOENT: no such file or directory, open '/home/sibam/omarchy/.git/refs/remotes/origin/master'
2026-01-19 19:02:36.842 [warning] [Git][revParse] Unable to read file: ENOENT: no such file or directory, open '/home/sibam/dotfiles/.git/refs/remotes/origin/main'
2026-01-19 19:02:36.850 [warning] [Git][revParse] Unable to read file: ENOENT: no such file or directory, open '/home/sibam/HyprFlux/.git/refs/remotes/origin/main'
2026-01-19 19:02:36.859 [warning] [Git][revParse] Unable to read file: ENOENT: no such file or directory, open '/home/sibam/hypr-lite/.git/refs/remotes/origin/main'
2026-01-19 19:02:36.868 [warning] [Git][revParse] Unable to read file: ENOENT: no such file or directory, open '/home/sibam/Wallpapers/.git/refs/remotes/origin/master'
2026-01-19 19:02:36.876 [warning] [Git][revParse] Unable to read file: ENOENT: no such file or directory, open '/home/sibam/.tmuxifier/.git/refs/remotes/origin/main'
2026-01-19 19:02:36.885 [warning] [Git][revParse] Unable to read file: ENOENT: no such file or directory, open '/home/sibam/hyprlang-git/.git/refs/remotes/origin/master'
2026-01-19 19:02:36.893 [warning] [Git][revParse] Unable to read file: ENOENT: no such file or directory, open '/home/sibam/Arch-Hyprland/.git/refs/remotes/origin/main'
2026-01-19 19:02:36.897 [info] > git rev-parse refs/remotes/origin/main [4ms]
2026-01-19 19:02:36.916 [info] > git rev-parse refs/remotes/origin/master [31ms]
2026-01-19 19:02:36.934 [info] > git rev-parse refs/remotes/origin/main [58ms]
2026-01-19 19:02:36.952 [info] > git rev-parse refs/remotes/origin/master [84ms]
2026-01-19 19:02:36.972 [info] > git rev-parse refs/remotes/origin/main [113ms]
2026-01-19 19:02:36.991 [info] > git rev-parse refs/remotes/origin/main [140ms]
2026-01-19 19:02:37.010 [info] > git rev-parse refs/remotes/origin/main [168ms]
2026-01-19 19:02:37.030 [info] > git rev-parse refs/remotes/origin/master [197ms]
2026-01-19 19:02:37.086 [info] > git status -z -uall [180ms]
2026-01-19 19:02:37.086 [info] > git status -z -uall [162ms]
2026-01-19 19:02:37.086 [info] > git status -z -uall [143ms]
2026-01-19 19:02:37.087 [info] > git status -z -uall [127ms]
2026-01-19 19:02:37.087 [info] > git status -z -uall [106ms]
2026-01-19 19:02:37.087 [info] > git for-each-ref --sort -committerdate --format %(refname)%00%(objectname)%00%(*objectname) [35ms]
2026-01-19 19:02:37.089 [info] > git for-each-ref --sort -committerdate --format %(refname)%00%(objectname)%00%(*objectname) [59ms]
2026-01-19 19:02:37.089 [info] > git for-each-ref --sort -committerdate --format %(refname)%00%(objectname)%00%(*objectname) [79ms]
2026-01-19 19:02:37.090 [info] > git for-each-ref --sort -committerdate --format %(refname)%00%(objectname)%00%(*objectname) [100ms]
2026-01-19 19:02:37.098 [info] > git for-each-ref --sort -committerdate --format %(refname)%00%(objectname)%00%(*objectname) [127ms]
2026-01-19 19:02:37.104 [info] > git for-each-ref --sort -committerdate --format %(refname)%00%(objectname)%00%(*objectname) [152ms]
2026-01-19 19:02:37.110 [info] > git for-each-ref --sort -committerdate --format %(refname)%00%(objectname)%00%(*objectname) [176ms]
2026-01-19 19:02:37.131 [info] > git for-each-ref --sort -committerdate --format %(refname)%00%(objectname)%00%(*objectname) [215ms]
2026-01-19 19:02:37.169 [info] > git status -z -uall [170ms]
2026-01-19 19:02:37.203 [info] > git status -z -uall [47ms]
2026-01-19 19:02:37.203 [info] > git for-each-ref --sort -committerdate --format %(refname)%00%(objectname)%00%(*objectname) [35ms]
2026-01-19 19:02:37.273 [info] > git status -z -uall [233ms]
2026-01-19 19:02:37.815 [info] > git rev-parse --show-toplevel [12ms]
2026-01-19 19:02:37.815 [info] fatal: not a git repository (or any of the parent directories): .git
2026-01-19 19:02:38.043 [info] > git status -z -uall [1024ms]
2026-01-19 19:03:26.949 [info] > git rev-parse --show-toplevel [4ms]
2026-01-19 19:03:26.949 [info] fatal: not a git repository (or any of the parent directories): .git
2026-01-19 19:03:31.210 [info] > git rev-parse --show-toplevel [3ms]
2026-01-19 19:03:31.210 [info] fatal: not a git repository (or any of the parent directories): .git
2026-01-19 19:04:03.344 [info] > git rev-parse --show-toplevel [5ms]
2026-01-19 19:04:03.345 [info] fatal: not a git repository (or any of the parent directories): .git
2026-01-19 19:04:07.781 [info] > git rev-parse --show-toplevel [3ms]
2026-01-19 19:04:07.781 [info] fatal: not a git repository (or any of the parent directories): .git
2026-01-19 19:04:10.603 [info] > git rev-parse --show-toplevel [2ms]
2026-01-19 19:04:10.603 [info] fatal: not a git repository (or any of the parent directories): .git
2026-01-19 19:04:11.990 [info] > git rev-parse --show-toplevel [3ms]
2026-01-19 19:04:11.990 [info] fatal: not a git repository (or any of the parent directories): .git
2026-01-19 19:04:16.325 [info] > git rev-parse --show-toplevel [3ms]
2026-01-19 19:04:16.325 [info] fatal: not a git repository (or any of the parent directories): .git
2026-01-19 19:04:57.740 [info] > git rev-parse --show-toplevel [3ms]
2026-01-19 19:04:57.740 [info] fatal: not a git repository (or any of the parent directories): .git
2026-01-19 19:06:08.188 [info] > git rev-parse --show-toplevel [4ms]
2026-01-19 19:06:08.188 [info] fatal: not a git repository (or any of the parent directories): .git
