2026-02-28 13:35:37.621 [info] Reading sessions from keychain...
2026-02-28 13:35:37.621 [info] Got stored sessions!
2026-02-28 13:35:37.621 [info] Got 1 verified sessions.
2026-02-28 13:35:37.621 [info] Getting sessions for all scopes...
2026-02-28 13:35:37.621 [info] Got 1 sessions for ...
2026-02-28 13:35:37.621 [info] Getting sessions for all scopes...
2026-02-28 13:35:37.621 [info] Got 1 sessions for ...
2026-02-28 13:35:37.621 [info] Getting sessions for all scopes...
2026-02-28 13:35:37.621 [info] Got 1 sessions for ...
2026-02-28 13:35:37.621 [info] Getting sessions for all scopes...
2026-02-28 13:35:37.621 [info] Got 1 sessions for ...
2026-02-28 13:35:37.621 [info] Getting sessions for all scopes...
2026-02-28 13:35:37.621 [info] Got 1 sessions for ...
2026-02-28 13:35:37.621 [info] Getting sessions for all scopes...
2026-02-28 13:35:37.621 [info] Got 1 sessions for ...
2026-02-28 13:35:37.621 [info] Getting sessions for all scopes...
2026-02-28 13:35:37.621 [info] Got 1 sessions for ...
2026-02-28 13:35:37.621 [info] Getting sessions for all scopes...
2026-02-28 13:35:37.621 [info] Got 1 sessions for ...
2026-02-28 13:35:37.621 [info] Getting sessions for all scopes...
2026-02-28 13:35:37.621 [info] Got 1 sessions for ...
2026-02-28 13:35:37.621 [info] Getting sessions for all scopes...
2026-02-28 13:35:37.621 [info] Got 1 sessions for ...
2026-02-28 13:35:37.644 [info] Getting sessions for all scopes...
2026-02-28 13:35:37.645 [info] Got 1 sessions for ...
2026-02-28 13:35:37.647 [info] Getting sessions for all scopes...
2026-02-28 13:35:37.647 [info] Got 1 sessions for ...
2026-02-28 13:35:37.647 [info] Getting sessions for all scopes...
2026-02-28 13:35:37.647 [info] Got 1 sessions for ...
2026-02-28 13:35:37.648 [info] Getting sessions for all scopes...
2026-02-28 13:35:37.648 [info] Got 1 sessions for ...
2026-02-28 13:35:37.648 [info] Getting sessions for all scopes...
2026-02-28 13:35:37.648 [info] Got 1 sessions for ...
2026-02-28 13:35:37.648 [info] Getting sessions for all scopes...
2026-02-28 13:35:37.648 [info] Got 1 sessions for ...
2026-02-28 13:35:37.649 [info] Getting sessions for all scopes...
2026-02-28 13:35:37.649 [info] Got 1 sessions for ...
2026-02-28 13:35:37.650 [info] Getting sessions for all scopes...
2026-02-28 13:35:37.650 [info] Got 1 sessions for ...
2026-02-28 13:35:38.335 [info] Getting sessions for all scopes...
2026-02-28 13:35:38.336 [info] Got 1 sessions for ...
2026-02-28 13:35:38.483 [info] Getting sessions for read:user,repo,user:email,workflow...
2026-02-28 13:35:38.483 [info] Got 1 sessions for read:user,repo,user:email,workflow...
2026-02-28 13:35:38.834 [info] Getting sessions for all scopes...
2026-02-28 13:35:38.834 [info] Got 1 sessions for ...
2026-02-28 13:35:38.905 [info] Getting sessions for read:user,repo,user:email,workflow...
2026-02-28 13:35:38.905 [info] Got 1 sessions for read:user,repo,user:email,workflow...
2026-02-28 13:35:39.149 [info] Getting sessions for all scopes...
2026-02-28 13:35:39.149 [info] Got 1 sessions for ...
2026-02-28 13:35:39.149 [info] Getting sessions for all scopes...
2026-02-28 13:35:39.149 [info] Got 1 sessions for ...
2026-02-28 13:35:39.155 [info] Getting sessions for read:user,repo,user:email,workflow...
2026-02-28 13:35:39.155 [info] Got 1 sessions for read:user,repo,user:email,workflow...
2026-02-28 13:35:39.907 [info] FetcherService: Electron fetch failed with status: 429 
2026-02-28 13:35:39.910 [info] Unable to resolve optional EDU details. Status: 429 
2026-02-28 13:35:39.966 [info] Getting sessions for all scopes...
2026-02-28 13:35:39.966 [info] Got 1 sessions for ...
2026-02-28 13:35:39.966 [info] Getting sessions for all scopes...
2026-02-28 13:35:39.967 [info] Got 1 sessions for ...
2026-02-28 13:35:39.982 [info] Getting sessions for read:user,repo,user:email,workflow...
2026-02-28 13:35:39.982 [info] Got 1 sessions for read:user,repo,user:email,workflow...
2026-02-28 13:35:40.131 [info] Getting sessions for all scopes...
2026-02-28 13:35:40.131 [info] Got 1 sessions for ...
2026-02-28 13:35:40.147 [info] Getting sessions for all scopes...
2026-02-28 13:35:40.147 [info] Got 1 sessions for ...
2026-02-28 13:35:40.147 [info] Getting sessions for all scopes...
2026-02-28 13:35:40.147 [info] Got 1 sessions for ...
2026-02-28 13:35:40.150 [info] Getting sessions for all scopes...
2026-02-28 13:35:40.150 [info] Got 1 sessions for ...
2026-02-28 13:35:40.183 [info] Getting sessions for read:user,repo,user:email,workflow...
2026-02-28 13:35:40.183 [info] Got 1 sessions for read:user,repo,user:email,workflow...
2026-02-28 13:37:24.905 [info] Getting sessions for read:user,repo,user:email,workflow...
2026-02-28 13:37:24.905 [info] Got 1 sessions for read:user,repo,user:email,workflow...
2026-02-28 13:37:24.973 [info] Getting sessions for read:user,repo,user:email,workflow...
2026-02-28 13:37:24.974 [info] Got 1 sessions for read:user,repo,user:email,workflow...
2026-02-28 13:37:25.112 [info] Getting sessions for all scopes...
2026-02-28 13:37:25.113 [info] Got 1 sessions for ...
2026-02-28 13:37:25.116 [info] Getting sessions for read:user,repo,user:email,workflow...
2026-02-28 13:37:25.116 [info] Got 1 sessions for read:user,repo,user:email,workflow...
2026-02-28 13:37:27.387 [info] Getting sessions for all scopes...
2026-02-28 13:37:27.387 [info] Got 1 sessions for ...
2026-02-28 13:37:29.546 [info] Getting sessions for all scopes...
2026-02-28 13:37:29.546 [info] Got 1 sessions for ...
2026-02-28 13:37:29.548 [info] Getting sessions for all scopes...
2026-02-28 13:37:29.548 [info] Got 1 sessions for ...
2026-02-28 13:37:29.549 [info] Getting sessions for all scopes...
2026-02-28 13:37:29.549 [info] Got 1 sessions for ...
2026-02-28 13:37:29.550 [info] Getting sessions for all scopes...
2026-02-28 13:37:29.550 [info] Got 1 sessions for ...
2026-02-28 13:37:29.563 [info] Getting sessions for all scopes...
2026-02-28 13:37:29.563 [info] Got 1 sessions for ...
2026-02-28 13:37:29.566 [info] Getting sessions for all scopes...
2026-02-28 13:37:29.566 [info] Got 1 sessions for ...
2026-02-28 13:37:29.568 [info] Getting sessions for all scopes...
2026-02-28 13:37:29.568 [info] Got 1 sessions for ...
2026-02-28 13:37:29.569 [info] Getting sessions for all scopes...
2026-02-28 13:37:29.569 [info] Got 1 sessions for ...
2026-02-28 13:37:29.570 [info] Getting sessions for read:user,repo,user:email,workflow...
2026-02-28 13:37:29.570 [info] Got 1 sessions for read:user,repo,user:email,workflow...
2026-02-28 13:37:29.671 [info] Getting sessions for read:user,repo,user:email,workflow...
2026-02-28 13:37:29.671 [info] Got 1 sessions for read:user,repo,user:email,workflow...
2026-02-28 13:38:18.770 [info] Getting sessions for read:user,repo,user:email,workflow...
2026-02-28 13:38:18.770 [info] Got 1 sessions for read:user,repo,user:email,workflow...
