2026-01-18 20:13:25.209 [info] [main] Log level: Info
2026-01-18 20:13:25.209 [info] [main] Validating found git in: "git"
2026-01-18 20:13:25.209 [info] [main] Using git "2.52.0" from "git"
2026-01-18 20:13:25.209 [info] [Model][doInitialScan] Initial repository scan started
2026-01-18 20:13:25.209 [info] > git rev-parse --show-toplevel [29ms]
2026-01-18 20:13:25.209 [info] fatal: not a git repository (or any of the parent directories): .git
2026-01-18 20:13:25.209 [info] > git rev-parse --show-toplevel [45ms]
2026-01-18 20:13:25.209 [info] fatal: not a git repository (or any of the parent directories): .git
2026-01-18 20:13:25.332 [info] > git rev-parse --show-toplevel [2ms]
2026-01-18 20:13:25.332 [info] fatal: not a git repository (or any of the parent directories): .git
2026-01-18 20:13:25.345 [info] > git rev-parse --show-toplevel [4ms]
2026-01-18 20:13:25.345 [info] fatal: not a git repository (or any of the parent directories): .git
2026-01-18 20:13:25.359 [info] > git rev-parse --show-toplevel [3ms]
2026-01-18 20:13:25.359 [info] fatal: not a git repository (or any of the parent directories): .git
2026-01-18 20:13:25.369 [info] > git rev-parse --show-toplevel [2ms]
2026-01-18 20:13:25.369 [info] fatal: not a git repository (or any of the parent directories): .git
2026-01-18 20:13:25.379 [info] > git rev-parse --show-toplevel [2ms]
2026-01-18 20:13:25.379 [info] fatal: not a git repository (or any of the parent directories): .git
2026-01-18 20:13:25.392 [info] > git rev-parse --show-toplevel [3ms]
2026-01-18 20:13:25.392 [info] fatal: not a git repository (or any of the parent directories): .git
2026-01-18 20:13:25.403 [info] > git rev-parse --show-toplevel [3ms]
2026-01-18 20:13:25.403 [info] fatal: not a git repository (or any of the parent directories): .git
2026-01-18 20:13:25.416 [info] > git rev-parse --show-toplevel [2ms]
2026-01-18 20:13:25.417 [info] fatal: not a git repository (or any of the parent directories): .git
2026-01-18 20:13:25.428 [info] > git rev-parse --show-toplevel [2ms]
2026-01-18 20:13:25.428 [info] fatal: not a git repository (or any of the parent directories): .git
2026-01-18 20:13:25.441 [info] > git rev-parse --show-toplevel [3ms]
2026-01-18 20:13:25.441 [info] fatal: not a git repository (or any of the parent directories): .git
2026-01-18 20:13:25.454 [info] > git rev-parse --show-toplevel [3ms]
2026-01-18 20:13:25.454 [info] fatal: not a git repository (or any of the parent directories): .git
2026-01-18 20:13:25.468 [info] > git rev-parse --show-toplevel [3ms]
2026-01-18 20:13:25.490 [info] > git rev-parse --git-dir --git-common-dir --show-superproject-working-tree [11ms]
2026-01-18 20:13:25.506 [info] [Model][openRepository] Opened repository (path): /home/sibam/.oh-my-zsh
2026-01-18 20:13:25.506 [info] [Model][openRepository] Opened repository (real path): /home/sibam/.oh-my-zsh
2026-01-18 20:13:25.506 [info] [Model][openRepository] Opened repository (kind): repository
2026-01-18 20:13:25.615 [info] > git rev-parse --show-toplevel [86ms]
2026-01-18 20:13:25.615 [info] fatal: not a git repository (or any of the parent directories): .git
2026-01-18 20:13:25.616 [info] > git config --get commit.template [97ms]
2026-01-18 20:13:25.658 [info] > git rev-parse --show-toplevel [23ms]
2026-01-18 20:13:25.658 [info] fatal: not a git repository (or any of the parent directories): .git
2026-01-18 20:13:25.670 [info] > git for-each-ref --format=%(refname)%00%(upstream:short)%00%(objectname)%00%(upstream:track)%00%(upstream:remotename)%00%(upstream:remoteref) refs/heads/master refs/remotes/master [20ms]
2026-01-18 20:13:25.673 [info] > git rev-parse --show-toplevel [4ms]
2026-01-18 20:13:25.673 [info] fatal: not a git repository (or any of the parent directories): .git
2026-01-18 20:13:25.689 [info] > git rev-parse --show-toplevel [5ms]
2026-01-18 20:13:25.689 [info] fatal: not a git repository (or any of the parent directories): .git
2026-01-18 20:13:25.732 [info] > git rev-parse --show-toplevel [5ms]
2026-01-18 20:13:25.732 [info] fatal: not a git repository (or any of the parent directories): .git
2026-01-18 20:13:25.732 [info] > git for-each-ref --sort -committerdate --format %(refname)%00%(objectname)%00%(*objectname) [18ms]
2026-01-18 20:13:25.749 [info] > git rev-parse --show-toplevel [4ms]
2026-01-18 20:13:25.767 [info] > git status -z -uall [65ms]
2026-01-18 20:13:25.809 [info] > git for-each-ref --format=%(refname)%00%(upstream:short)%00%(objectname)%00%(upstream:track)%00%(upstream:remotename)%00%(upstream:remoteref) refs/heads/master refs/remotes/master [15ms]
2026-01-18 20:13:25.819 [info] > git rev-parse --git-dir --git-common-dir --show-superproject-working-tree [57ms]
2026-01-18 20:13:25.824 [info] [Model][openRepository] Opened repository (path): /home/sibam/.tmuxifier
2026-01-18 20:13:25.824 [info] [Model][openRepository] Opened repository (real path): /home/sibam/.tmuxifier
2026-01-18 20:13:25.824 [info] [Model][openRepository] Opened repository (kind): repository
2026-01-18 20:13:25.847 [info] > git config --get --local branch.master.vscode-merge-base [28ms]
2026-01-18 20:13:25.856 [info] > git config --get commit.template [49ms]
2026-01-18 20:13:25.864 [info] > git for-each-ref --format=%(refname)%00%(upstream:short)%00%(objectname)%00%(upstream:track)%00%(upstream:remotename)%00%(upstream:remoteref) refs/heads/origin/master refs/remotes/origin/master [8ms]
2026-01-18 20:13:25.876 [info] > git rev-parse --show-toplevel [31ms]
2026-01-18 20:13:25.876 [info] fatal: not a git repository (or any of the parent directories): .git
2026-01-18 20:13:25.876 [info] > git config --get commit.template [41ms]
2026-01-18 20:13:25.918 [info] > git merge-base refs/heads/master refs/remotes/origin/master [43ms]
2026-01-18 20:13:25.952 [info] > git diff --raw --numstat --diff-filter=ADMR -z --find-renames=50% ec14da72fbf8b5016bb1533d4af3ff3bb2ac7a19...refs/remotes/origin/master -- [25ms]
2026-01-18 20:13:25.953 [info] > git rev-parse --show-toplevel [36ms]
2026-01-18 20:13:25.953 [info] fatal: not a git repository (or any of the parent directories): .git
2026-01-18 20:13:25.953 [info] > git for-each-ref --format=%(refname)%00%(upstream:short)%00%(objectname)%00%(upstream:track)%00%(upstream:remotename)%00%(upstream:remoteref) refs/heads/master refs/remotes/master [45ms]
2026-01-18 20:13:25.965 [info] > git for-each-ref --format=%(refname)%00%(upstream:short)%00%(objectname)%00%(upstream:track)%00%(upstream:remotename)%00%(upstream:remoteref) refs/heads/main refs/remotes/main [20ms]
2026-01-18 20:13:25.988 [warning] [Git][revParse] Unable to read file: ENOENT: no such file or directory, open '/home/sibam/.tmuxifier/.git/refs/remotes/origin/main'
2026-01-18 20:13:25.991 [info] > git rev-parse --show-toplevel [28ms]
2026-01-18 20:13:25.991 [info] fatal: not a git repository (or any of the parent directories): .git
2026-01-18 20:13:26.008 [info] > git rev-parse refs/remotes/origin/main [20ms]
2026-01-18 20:13:26.106 [info] > git status -z -uall [90ms]
2026-01-18 20:13:26.106 [info] > git for-each-ref --sort -committerdate --format %(refname)%00%(objectname)%00%(*objectname) [81ms]
2026-01-18 20:13:26.123 [info] > git rev-parse --show-toplevel [122ms]
2026-01-18 20:13:26.123 [info] fatal: not a git repository (or any of the parent directories): .git
2026-01-18 20:13:26.169 [info] > git status -z -uall [74ms]
2026-01-18 20:13:26.169 [info] > git for-each-ref --format=%(refname)%00%(upstream:short)%00%(objectname)%00%(upstream:track)%00%(upstream:remotename)%00%(upstream:remoteref) refs/heads/main refs/remotes/main [49ms]
2026-01-18 20:13:26.180 [info] > git for-each-ref --sort -committerdate --format %(refname)%00%(objectname)%00%(*objectname) [76ms]
2026-01-18 20:13:26.204 [info] > git config --get --local branch.main.vscode-merge-base [24ms]
2026-01-18 20:13:26.212 [info] > git rev-parse --show-toplevel [45ms]
2026-01-18 20:13:26.213 [info] > git config --get commit.template [54ms]
2026-01-18 20:13:26.229 [info] > git for-each-ref --format=%(refname)%00%(upstream:short)%00%(objectname)%00%(upstream:track)%00%(upstream:remotename)%00%(upstream:remoteref) refs/heads/origin/main refs/remotes/origin/main [17ms]
2026-01-18 20:13:26.251 [info] > git merge-base refs/heads/main refs/remotes/origin/main [13ms]
2026-01-18 20:13:26.260 [info] > git rev-parse --git-dir --git-common-dir --show-superproject-working-tree [33ms]
2026-01-18 20:13:26.267 [info] [Model][openRepository] Opened repository (path): /home/sibam/Arch-Hyprland
2026-01-18 20:13:26.267 [info] [Model][openRepository] Opened repository (real path): /home/sibam/Arch-Hyprland
2026-01-18 20:13:26.267 [info] [Model][openRepository] Opened repository (kind): repository
2026-01-18 20:13:26.288 [info] > git diff --raw --numstat --diff-filter=ADMR -z --find-renames=50% f268c12f3f05202cfbfff706063e4efc133edca8...refs/remotes/origin/main -- [28ms]
2026-01-18 20:13:26.289 [info] > git for-each-ref --format=%(refname)%00%(upstream:short)%00%(objectname)%00%(upstream:track)%00%(upstream:remotename)%00%(upstream:remoteref) refs/heads/main refs/remotes/main [39ms]
2026-01-18 20:13:26.301 [warning] [Git][revParse] Unable to read file: ENOENT: no such file or directory, open '/home/sibam/.tmuxifier/.git/refs/remotes/origin/main'
2026-01-18 20:13:26.310 [info] > git rev-parse --show-toplevel [23ms]
2026-01-18 20:13:26.310 [info] fatal: not a git repository (or any of the parent directories): .git
2026-01-18 20:13:26.310 [info] > git config --get commit.template [33ms]
2026-01-18 20:13:26.323 [info] > git rev-parse refs/remotes/origin/main [21ms]
2026-01-18 20:13:26.351 [info] > git status -z -uall [20ms]
2026-01-18 20:13:26.351 [info] > git for-each-ref --sort -committerdate --format %(refname)%00%(objectname)%00%(*objectname) [11ms]
2026-01-18 20:13:26.354 [info] > git rev-parse --show-toplevel [33ms]
2026-01-18 20:13:26.354 [info] fatal: not a git repository (or any of the parent directories): .git
2026-01-18 20:13:26.365 [info] > git for-each-ref --format=%(refname)%00%(upstream:short)%00%(objectname)%00%(upstream:track)%00%(upstream:remotename)%00%(upstream:remoteref) refs/heads/main refs/remotes/main [15ms]
2026-01-18 20:13:26.375 [warning] [Git][revParse] Unable to read file: ENOENT: no such file or directory, open '/home/sibam/Arch-Hyprland/.git/refs/remotes/origin/main'
2026-01-18 20:13:26.376 [info] > git rev-parse --show-toplevel [12ms]
2026-01-18 20:13:26.376 [info] fatal: not a git repository (or any of the parent directories): .git
2026-01-18 20:13:26.386 [info] > git rev-parse refs/remotes/origin/main [11ms]
2026-01-18 20:13:26.405 [info] > git status -z -uall [11ms]
2026-01-18 20:13:26.405 [info] > git rev-parse --show-toplevel [20ms]
2026-01-18 20:13:26.417 [info] > git for-each-ref --sort -committerdate --format %(refname)%00%(objectname)%00%(*objectname) [14ms]
2026-01-18 20:13:26.451 [info] > git for-each-ref --format=%(refname)%00%(upstream:short)%00%(objectname)%00%(upstream:track)%00%(upstream:remotename)%00%(upstream:remoteref) refs/heads/main refs/remotes/main [24ms]
2026-01-18 20:13:26.459 [info] > git rev-parse --git-dir --git-common-dir --show-superproject-working-tree [43ms]
2026-01-18 20:13:26.464 [info] [Model][openRepository] Opened repository (path): /home/sibam/HyprFlux
2026-01-18 20:13:26.464 [info] [Model][openRepository] Opened repository (real path): /home/sibam/HyprFlux
2026-01-18 20:13:26.464 [info] [Model][openRepository] Opened repository (kind): repository
2026-01-18 20:13:26.489 [info] > git config --get --local branch.main.vscode-merge-base [30ms]
2026-01-18 20:13:26.499 [info] > git config --get commit.template [51ms]
2026-01-18 20:13:26.508 [info] > git for-each-ref --format=%(refname)%00%(upstream:short)%00%(objectname)%00%(upstream:track)%00%(upstream:remotename)%00%(upstream:remoteref) refs/heads/origin/main refs/remotes/origin/main [10ms]
2026-01-18 20:13:26.518 [info] > git rev-parse --show-toplevel [36ms]
2026-01-18 20:13:26.518 [info] fatal: not a git repository (or any of the parent directories): .git
2026-01-18 20:13:26.518 [info] > git config --get commit.template [44ms]
2026-01-18 20:13:26.545 [info] > git merge-base refs/heads/main refs/remotes/origin/main [28ms]
2026-01-18 20:13:26.707 [info] > git rev-parse --show-toplevel [163ms]
2026-01-18 20:13:26.707 [info] fatal: not a git repository (or any of the parent directories): .git
2026-01-18 20:13:26.708 [info] > git for-each-ref --format=%(refname)%00%(upstream:short)%00%(objectname)%00%(upstream:track)%00%(upstream:remotename)%00%(upstream:remoteref) refs/heads/main refs/remotes/main [172ms]
2026-01-18 20:13:26.725 [warning] [Git][revParse] Unable to read file: ENOENT: no such file or directory, open '/home/sibam/Arch-Hyprland/.git/refs/remotes/origin/main'
2026-01-18 20:13:26.729 [info] > git for-each-ref --format=%(refname)%00%(upstream:short)%00%(objectname)%00%(upstream:track)%00%(upstream:remotename)%00%(upstream:remoteref) refs/heads/main refs/remotes/main [166ms]
2026-01-18 20:13:26.729 [info] > git diff --raw --numstat --diff-filter=ADMR -z --find-renames=50% 5acde89271de571d66cbb71afcb7b9ec7779ed9d...refs/remotes/origin/main -- [175ms]
2026-01-18 20:13:26.741 [warning] [Git][revParse] Unable to read file: ENOENT: no such file or directory, open '/home/sibam/HyprFlux/.git/refs/remotes/origin/main'
2026-01-18 20:13:26.981 [info] > git rev-parse refs/remotes/origin/main [256ms]
2026-01-18 20:13:26.997 [info] > git rev-parse --show-toplevel [280ms]
2026-01-18 20:13:26.997 [info] fatal: not a git repository (or any of the parent directories): .git
2026-01-18 20:13:27.011 [info] > git status -z -uall [23ms]
2026-01-18 20:13:27.012 [info] > git for-each-ref --sort -committerdate --format %(refname)%00%(objectname)%00%(*objectname) [15ms]
2026-01-18 20:13:27.014 [info] > git rev-parse refs/remotes/origin/main [273ms]
2026-01-18 20:13:27.034 [info] > git for-each-ref --sort -committerdate --format %(refname)%00%(objectname)%00%(*objectname) [5ms]
2026-01-18 20:13:27.034 [info] > git rev-parse --show-toplevel [27ms]
2026-01-18 20:13:27.034 [info] fatal: not a git repository (or any of the parent directories): .git
2026-01-18 20:13:27.048 [info] > git rev-parse --show-toplevel [3ms]
2026-01-18 20:13:27.048 [info] fatal: not a git repository (or any of the parent directories): .git
2026-01-18 20:13:27.065 [info] > git rev-parse --show-toplevel [3ms]
2026-01-18 20:13:27.082 [info] > git rev-parse --git-dir --git-common-dir --show-superproject-working-tree [8ms]
2026-01-18 20:13:27.085 [info] [Model][openRepository] Opened repository (path): /home/sibam/Wallpapers
2026-01-18 20:13:27.085 [info] [Model][openRepository] Opened repository (real path): /home/sibam/Wallpapers
2026-01-18 20:13:27.085 [info] [Model][openRepository] Opened repository (kind): repository
2026-01-18 20:13:27.106 [info] > git rev-parse --show-toplevel [4ms]
2026-01-18 20:13:27.106 [info] > git config --get commit.template [13ms]
2026-01-18 20:13:27.123 [info] > git status -z -uall [102ms]
2026-01-18 20:13:27.158 [info] > git for-each-ref --format=%(refname)%00%(upstream:short)%00%(objectname)%00%(upstream:track)%00%(upstream:remotename)%00%(upstream:remoteref) refs/heads/main refs/remotes/main [25ms]
2026-01-18 20:13:27.166 [info] > git rev-parse --git-dir --git-common-dir --show-superproject-working-tree [45ms]
2026-01-18 20:13:27.169 [info] [Model][openRepository] Opened repository (path): /home/sibam/dotfiles
2026-01-18 20:13:27.169 [info] [Model][openRepository] Opened repository (real path): /home/sibam/dotfiles
2026-01-18 20:13:27.169 [info] [Model][openRepository] Opened repository (kind): repository
2026-01-18 20:13:27.192 [info] > git config --get --local branch.main.vscode-merge-base [26ms]
2026-01-18 20:13:27.201 [info] > git config --get commit.template [44ms]
2026-01-18 20:13:27.201 [info] > git for-each-ref --format=%(refname)%00%(upstream:short)%00%(objectname)%00%(upstream:track)%00%(upstream:remotename)%00%(upstream:remoteref) refs/heads/master refs/remotes/master [52ms]
2026-01-18 20:13:27.210 [warning] [Git][revParse] Unable to read file: ENOENT: no such file or directory, open '/home/sibam/Wallpapers/.git/refs/remotes/origin/master'
2026-01-18 20:13:27.211 [info] > git for-each-ref --format=%(refname)%00%(upstream:short)%00%(objectname)%00%(upstream:track)%00%(upstream:remotename)%00%(upstream:remoteref) refs/heads/origin/main refs/remotes/origin/main [11ms]
2026-01-18 20:13:27.221 [info] > git rev-parse --show-toplevel [32ms]
2026-01-18 20:13:27.221 [info] fatal: not a git repository (or any of the parent directories): .git
2026-01-18 20:13:27.221 [info] > git config --get commit.template [40ms]
2026-01-18 20:13:27.245 [info] > git merge-base refs/heads/main refs/remotes/origin/main [25ms]
2026-01-18 20:13:27.255 [info] > git rev-parse refs/remotes/origin/master [45ms]
2026-01-18 20:13:27.286 [info] > git status -z -uall [20ms]
2026-01-18 20:13:27.286 [info] > git diff --raw --numstat --diff-filter=ADMR -z --find-renames=50% 9033d902b9452d4dc871e386975e4a65b8f86182...refs/remotes/origin/main -- [31ms]
2026-01-18 20:13:27.287 [info] > git rev-parse --show-toplevel [44ms]
2026-01-18 20:13:27.287 [info] fatal: not a git repository (or any of the parent directories): .git
2026-01-18 20:13:27.287 [info] > git for-each-ref --format=%(refname)%00%(upstream:short)%00%(objectname)%00%(upstream:track)%00%(upstream:remotename)%00%(upstream:remoteref) refs/heads/main refs/remotes/main [54ms]
2026-01-18 20:13:27.305 [warning] [Git][revParse] Unable to read file: ENOENT: no such file or directory, open '/home/sibam/HyprFlux/.git/refs/remotes/origin/main'
2026-01-18 20:13:27.307 [info] > git for-each-ref --format=%(refname)%00%(upstream:short)%00%(objectname)%00%(upstream:track)%00%(upstream:remotename)%00%(upstream:remoteref) refs/heads/main refs/remotes/main [23ms]
2026-01-18 20:13:27.307 [info] > git for-each-ref --sort -committerdate --format %(refname)%00%(objectname)%00%(*objectname) [31ms]
2026-01-18 20:13:27.335 [warning] [Git][revParse] Unable to read file: ENOENT: no such file or directory, open '/home/sibam/dotfiles/.git/refs/remotes/origin/main'
2026-01-18 20:13:27.344 [info] > git for-each-ref --format=%(refname)%00%(upstream:short)%00%(objectname)%00%(upstream:track)%00%(upstream:remotename)%00%(upstream:remoteref) refs/heads/master refs/remotes/master [26ms]
2026-01-18 20:13:27.352 [info] > git rev-parse refs/remotes/origin/main [47ms]
2026-01-18 20:13:27.368 [info] > git rev-parse --show-toplevel [72ms]
2026-01-18 20:13:27.368 [info] fatal: not a git repository (or any of the parent directories): .git
2026-01-18 20:13:27.380 [info] > git for-each-ref --sort -committerdate --format %(refname)%00%(objectname)%00%(*objectname) [13ms]
2026-01-18 20:13:27.380 [info] > git config --get --local branch.master.vscode-merge-base [28ms]
2026-01-18 20:13:27.389 [info] > git config --get commit.template [46ms]
2026-01-18 20:13:27.389 [info] > git rev-parse refs/remotes/origin/main [54ms]
2026-01-18 20:13:27.409 [info] > git for-each-ref --sort -committerdate --format %(refname)%00%(objectname)%00%(*objectname) [3ms]
2026-01-18 20:13:27.409 [info] > git for-each-ref --format=%(refname)%00%(upstream:short)%00%(objectname)%00%(upstream:track)%00%(upstream:remotename)%00%(upstream:remoteref) refs/heads/origin/master refs/remotes/origin/master [20ms]
2026-01-18 20:13:27.417 [info] > git rev-parse --show-toplevel [39ms]
2026-01-18 20:13:27.437 [info] > git merge-base refs/heads/master refs/remotes/origin/master [19ms]
2026-01-18 20:13:27.452 [info] > git rev-parse --git-dir --git-common-dir --show-superproject-working-tree [17ms]
2026-01-18 20:13:27.456 [info] [Model][openRepository] Opened repository (path): /home/sibam/hypr-lite
2026-01-18 20:13:27.456 [info] [Model][openRepository] Opened repository (real path): /home/sibam/hypr-lite
2026-01-18 20:13:27.456 [info] [Model][openRepository] Opened repository (kind): repository
2026-01-18 20:13:27.456 [info] > git for-each-ref --format=%(refname)%00%(upstream:short)%00%(objectname)%00%(upstream:track)%00%(upstream:remotename)%00%(upstream:remoteref) refs/heads/master refs/remotes/master [28ms]
2026-01-18 20:13:27.480 [warning] [Git][revParse] Unable to read file: ENOENT: no such file or directory, open '/home/sibam/Wallpapers/.git/refs/remotes/origin/master'
2026-01-18 20:13:27.481 [info] > git status -z -uall [122ms]
2026-01-18 20:13:27.483 [info] > git diff --raw --numstat --diff-filter=ADMR -z --find-renames=50% dff7059b0a91707ae935d7ede01671eba9474004...refs/remotes/origin/master -- [38ms]
2026-01-18 20:13:27.485 [info] > git rev-parse refs/remotes/origin/master [5ms]
2026-01-18 20:13:27.502 [info] > git rev-parse --show-toplevel [30ms]
2026-01-18 20:13:27.502 [info] fatal: not a git repository (or any of the parent directories): .git
2026-01-18 20:13:27.502 [info] > git config --get commit.template [37ms]
2026-01-18 20:13:27.515 [info] > git status -z -uall [22ms]
2026-01-18 20:13:27.515 [info] > git for-each-ref --sort -committerdate --format %(refname)%00%(objectname)%00%(*objectname) [13ms]
2026-01-18 20:13:27.529 [info] > git rev-parse --show-toplevel [15ms]
2026-01-18 20:13:27.543 [info] > git for-each-ref --format=%(refname)%00%(upstream:short)%00%(objectname)%00%(upstream:track)%00%(upstream:remotename)%00%(upstream:remoteref) refs/heads/main refs/remotes/main [16ms]
2026-01-18 20:13:27.554 [warning] [Git][revParse] Unable to read file: ENOENT: no such file or directory, open '/home/sibam/hypr-lite/.git/refs/remotes/origin/main'
2026-01-18 20:13:27.556 [info] > git rev-parse --git-dir --git-common-dir --show-superproject-working-tree [16ms]
2026-01-18 20:13:27.560 [info] [Model][openRepository] Opened repository (path): /home/sibam/hyprlang-git
2026-01-18 20:13:27.560 [info] [Model][openRepository] Opened repository (real path): /home/sibam/hyprlang-git
2026-01-18 20:13:27.560 [info] [Model][openRepository] Opened repository (kind): repository
2026-01-18 20:13:27.593 [info] > git rev-parse refs/remotes/origin/main [39ms]
2026-01-18 20:13:27.626 [info] > git status -z -uall [21ms]
2026-01-18 20:13:27.626 [info] > git for-each-ref --sort -committerdate --format %(refname)%00%(objectname)%00%(*objectname) [8ms]
2026-01-18 20:13:27.647 [info] > git rev-parse --show-toplevel [56ms]
2026-01-18 20:13:27.647 [info] fatal: not a git repository (or any of the parent directories): .git
2026-01-18 20:13:27.647 [info] > git config --get commit.template [69ms]
2026-01-18 20:13:27.698 [info] > git for-each-ref --format=%(refname)%00%(upstream:short)%00%(objectname)%00%(upstream:track)%00%(upstream:remotename)%00%(upstream:remoteref) refs/heads/main refs/remotes/main [55ms]
2026-01-18 20:13:27.731 [info] > git rev-parse --show-toplevel [35ms]
2026-01-18 20:13:27.731 [info] > git config --get commit.template [49ms]
2026-01-18 20:13:27.774 [info] > git for-each-ref --format=%(refname)%00%(upstream:short)%00%(objectname)%00%(upstream:track)%00%(upstream:remotename)%00%(upstream:remoteref) refs/heads/master refs/remotes/master [45ms]
2026-01-18 20:13:27.775 [info] > git config --get --local branch.main.vscode-merge-base [61ms]
2026-01-18 20:13:27.825 [warning] [Git][revParse] Unable to read file: ENOENT: no such file or directory, open '/home/sibam/hyprlang-git/.git/refs/remotes/origin/master'
2026-01-18 20:13:27.828 [info] > git for-each-ref --format=%(refname)%00%(upstream:short)%00%(objectname)%00%(upstream:track)%00%(upstream:remotename)%00%(upstream:remoteref) refs/heads/origin/main refs/remotes/origin/main [39ms]
2026-01-18 20:13:27.845 [info] > git rev-parse --git-dir --git-common-dir --show-superproject-working-tree [75ms]
2026-01-18 20:13:27.853 [info] [Model][openRepository] Opened repository (path): /home/sibam/omarchy
2026-01-18 20:13:27.853 [info] [Model][openRepository] Opened repository (real path): /home/sibam/omarchy
2026-01-18 20:13:27.853 [info] [Model][openRepository] Opened repository (kind): repository
2026-01-18 20:13:27.897 [info] > git merge-base refs/heads/main refs/remotes/origin/main [53ms]
2026-01-18 20:13:27.910 [info] > git rev-parse refs/remotes/origin/master [85ms]
2026-01-18 20:13:27.943 [info] > git for-each-ref --format=%(refname)%00%(upstream:short)%00%(objectname)%00%(upstream:track)%00%(upstream:remotename)%00%(upstream:remoteref) refs/heads/main refs/remotes/main [132ms]
2026-01-18 20:13:27.971 [warning] [Git][revParse] Unable to read file: ENOENT: no such file or directory, open '/home/sibam/hypr-lite/.git/refs/remotes/origin/main'
2026-01-18 20:13:27.978 [info] > git status -z -uall [51ms]
2026-01-18 20:13:27.978 [info] > git for-each-ref --sort -committerdate --format %(refname)%00%(objectname)%00%(*objectname) [35ms]
2026-01-18 20:13:28.000 [info] > git diff --raw --numstat --diff-filter=ADMR -z --find-renames=50% 5dc071ffb08a037e8c440266af06a5117b0dfb96...refs/remotes/origin/main -- [90ms]
2026-01-18 20:13:28.000 [info] > git rev-parse --show-toplevel [105ms]
2026-01-18 20:13:28.000 [info] fatal: not a git repository (or any of the parent directories): .git
2026-01-18 20:13:28.001 [info] > git config --get commit.template [120ms]
2026-01-18 20:13:28.047 [info] > git for-each-ref --format=%(refname)%00%(upstream:short)%00%(objectname)%00%(upstream:track)%00%(upstream:remotename)%00%(upstream:remoteref) refs/heads/master refs/remotes/master [51ms]
2026-01-18 20:13:28.061 [info] > git rev-parse refs/remotes/origin/main [90ms]
2026-01-18 20:13:28.118 [info] > git status -z -uall [42ms]
2026-01-18 20:13:28.119 [info] > git for-each-ref --sort -committerdate --format %(refname)%00%(objectname)%00%(*objectname) [29ms]
2026-01-18 20:13:28.121 [info] > git config --get --local branch.master.vscode-merge-base [60ms]
2026-01-18 20:13:28.132 [info] > git rev-parse --show-toplevel [88ms]
2026-01-18 20:13:28.132 [info] fatal: not a git repository (or any of the parent directories): .git
2026-01-18 20:13:28.135 [info] [Model][doInitialScan] Initial repository scan completed - repositories (9), closed repositories (0), parent repositories (0), unsafe repositories (0)
2026-01-18 20:13:28.135 [info] > git config --get commit.template [107ms]
2026-01-18 20:13:28.151 [info] > git for-each-ref --format=%(refname)%00%(upstream:short)%00%(objectname)%00%(upstream:track)%00%(upstream:remotename)%00%(upstream:remoteref) refs/heads/origin/master refs/remotes/origin/master [19ms]
2026-01-18 20:13:28.162 [info] > git for-each-ref --format=%(refname)%00%(upstream:short)%00%(objectname)%00%(upstream:track)%00%(upstream:remotename)%00%(upstream:remoteref) refs/heads/master refs/remotes/master [51ms]
2026-01-18 20:13:28.184 [warning] [Git][revParse] Unable to read file: ENOENT: no such file or directory, open '/home/sibam/omarchy/.git/refs/remotes/origin/master'
2026-01-18 20:13:28.186 [info] > git merge-base refs/heads/master refs/remotes/origin/master [25ms]
2026-01-18 20:13:28.198 [info] > git rev-parse --show-toplevel [49ms]
2026-01-18 20:13:28.198 [info] fatal: not a git repository (or any of the parent directories): .git
2026-01-18 20:13:28.214 [info] > git diff --raw --numstat --diff-filter=ADMR -z --find-renames=50% 5a19411cefca9852e17d6f4bcd58eb01c801652c...refs/remotes/origin/master -- [17ms]
2026-01-18 20:13:28.214 [info] > git rev-parse refs/remotes/origin/master [30ms]
2026-01-18 20:13:28.236 [info] > git for-each-ref --format=%(refname)%00%(upstream:short)%00%(objectname)%00%(upstream:track)%00%(upstream:remotename)%00%(upstream:remoteref) refs/heads/master refs/remotes/master [62ms]
2026-01-18 20:13:28.251 [warning] [Git][revParse] Unable to read file: ENOENT: no such file or directory, open '/home/sibam/hyprlang-git/.git/refs/remotes/origin/master'
2026-01-18 20:13:28.253 [info] > git rev-parse --show-toplevel [40ms]
2026-01-18 20:13:28.253 [info] fatal: not a git repository (or any of the parent directories): .git
2026-01-18 20:13:28.265 [info] > git rev-parse refs/remotes/origin/master [14ms]
2026-01-18 20:13:28.288 [info] > git for-each-ref --sort -committerdate --format %(refname)%00%(objectname)%00%(*objectname) [52ms]
2026-01-18 20:13:28.292 [info] > git status -z -uall [15ms]
2026-01-18 20:13:28.292 [info] > git for-each-ref --sort -committerdate --format %(refname)%00%(objectname)%00%(*objectname) [4ms]
2026-01-18 20:13:28.296 [info] > git rev-parse --show-toplevel [32ms]
2026-01-18 20:13:28.296 [info] fatal: not a git repository (or any of the parent directories): .git
2026-01-18 20:13:28.314 [info] > git rev-parse --show-toplevel [5ms]
2026-01-18 20:13:28.314 [info] fatal: not a git repository (or any of the parent directories): .git
2026-01-18 20:13:28.337 [info] > git rev-parse --show-toplevel [8ms]
2026-01-18 20:13:28.337 [info] fatal: not a git repository (or any of the parent directories): .git
2026-01-18 20:13:28.383 [info] > git status -z -uall [987ms]
2026-01-18 20:13:28.413 [info] > git for-each-ref --format=%(refname)%00%(upstream:short)%00%(objectname)%00%(upstream:track)%00%(upstream:remotename)%00%(upstream:remoteref) refs/heads/main refs/remotes/main [17ms]
2026-01-18 20:13:28.429 [info] > git config --get --local branch.main.vscode-merge-base [5ms]
2026-01-18 20:13:28.443 [info] > git config --get commit.template [31ms]
2026-01-18 20:13:28.482 [info] > git status -z -uall [257ms]
2026-01-18 20:13:28.482 [info] > git for-each-ref --format=%(refname)%00%(upstream:short)%00%(objectname)%00%(upstream:track)%00%(upstream:remotename)%00%(upstream:remoteref) refs/heads/origin/main refs/remotes/origin/main [40ms]
2026-01-18 20:13:28.591 [info] > git for-each-ref --format=%(refname)%00%(upstream:short)%00%(objectname)%00%(upstream:track)%00%(upstream:remotename)%00%(upstream:remoteref) refs/heads/master refs/remotes/master [81ms]
2026-01-18 20:13:28.599 [info] > git merge-base refs/heads/main refs/remotes/origin/main [104ms]
2026-01-18 20:13:28.608 [info] > git for-each-ref --format=%(refname)%00%(upstream:short)%00%(objectname)%00%(upstream:track)%00%(upstream:remotename)%00%(upstream:remoteref) refs/heads/main refs/remotes/main [128ms]
2026-01-18 20:13:28.620 [warning] [Git][revParse] Unable to read file: ENOENT: no such file or directory, open '/home/sibam/dotfiles/.git/refs/remotes/origin/main'
2026-01-18 20:13:28.622 [info] > git diff --raw --numstat --diff-filter=ADMR -z --find-renames=50% 77f6d9885e1736de342089ecd6e28aef41a64c1e...refs/remotes/origin/main -- [15ms]
2026-01-18 20:13:28.623 [info] > git config --get --local branch.master.vscode-merge-base [25ms]
2026-01-18 20:13:28.631 [info] > git config --get commit.template [42ms]
2026-01-18 20:13:28.631 [info] > git config --get commit.template [50ms]
2026-01-18 20:13:28.631 [info] > git config --get commit.template [58ms]
2026-01-18 20:13:28.631 [info] > git config --get commit.template [66ms]
2026-01-18 20:13:28.631 [info] > git config --get commit.template [73ms]
2026-01-18 20:13:28.631 [info] > git config --get commit.template [81ms]
2026-01-18 20:13:28.631 [info] > git config --get commit.template [88ms]
2026-01-18 20:13:28.631 [info] > git config --get commit.template [96ms]
2026-01-18 20:13:28.642 [info] > git for-each-ref --format=%(refname)%00%(upstream:short)%00%(objectname)%00%(upstream:track)%00%(upstream:remotename)%00%(upstream:remoteref) refs/heads/origin/master refs/remotes/origin/master [10ms]
2026-01-18 20:13:28.652 [info] > git rev-parse refs/remotes/origin/main [32ms]
2026-01-18 20:13:28.732 [info] > git merge-base refs/heads/master refs/remotes/origin/master [81ms]
2026-01-18 20:13:28.743 [info] > git diff --raw --numstat --diff-filter=ADMR -z --find-renames=50% ed9a4a45ba3819f942df605e02011fcc70bfbda1...refs/remotes/origin/master -- [2ms]
2026-01-18 20:13:28.744 [info] > git for-each-ref --format=%(refname)%00%(upstream:short)%00%(objectname)%00%(upstream:track)%00%(upstream:remotename)%00%(upstream:remoteref) refs/heads/main refs/remotes/main [13ms]
2026-01-18 20:13:28.744 [info] > git for-each-ref --format=%(refname)%00%(upstream:short)%00%(objectname)%00%(upstream:track)%00%(upstream:remotename)%00%(upstream:remoteref) refs/heads/main refs/remotes/main [22ms]
2026-01-18 20:13:28.744 [info] > git for-each-ref --format=%(refname)%00%(upstream:short)%00%(objectname)%00%(upstream:track)%00%(upstream:remotename)%00%(upstream:remoteref) refs/heads/master refs/remotes/master [29ms]
2026-01-18 20:13:28.744 [info] > git for-each-ref --format=%(refname)%00%(upstream:short)%00%(objectname)%00%(upstream:track)%00%(upstream:remotename)%00%(upstream:remoteref) refs/heads/main refs/remotes/main [36ms]
2026-01-18 20:13:28.744 [info] > git for-each-ref --format=%(refname)%00%(upstream:short)%00%(objectname)%00%(upstream:track)%00%(upstream:remotename)%00%(upstream:remoteref) refs/heads/master refs/remotes/master [44ms]
2026-01-18 20:13:28.744 [info] > git for-each-ref --format=%(refname)%00%(upstream:short)%00%(objectname)%00%(upstream:track)%00%(upstream:remotename)%00%(upstream:remoteref) refs/heads/master refs/remotes/master [52ms]
2026-01-18 20:13:28.744 [info] > git for-each-ref --format=%(refname)%00%(upstream:short)%00%(objectname)%00%(upstream:track)%00%(upstream:remotename)%00%(upstream:remoteref) refs/heads/master refs/remotes/master [59ms]
2026-01-18 20:13:28.744 [info] > git for-each-ref --format=%(refname)%00%(upstream:short)%00%(objectname)%00%(upstream:track)%00%(upstream:remotename)%00%(upstream:remoteref) refs/heads/main refs/remotes/main [67ms]
2026-01-18 20:13:28.744 [info] > git for-each-ref --sort -committerdate --format %(refname)%00%(objectname)%00%(*objectname) [75ms]
2026-01-18 20:13:28.753 [warning] [Git][revParse] Unable to read file: ENOENT: no such file or directory, open '/home/sibam/HyprFlux/.git/refs/remotes/origin/main'
2026-01-18 20:13:28.760 [warning] [Git][revParse] Unable to read file: ENOENT: no such file or directory, open '/home/sibam/hypr-lite/.git/refs/remotes/origin/main'
2026-01-18 20:13:28.768 [warning] [Git][revParse] Unable to read file: ENOENT: no such file or directory, open '/home/sibam/Wallpapers/.git/refs/remotes/origin/master'
2026-01-18 20:13:28.777 [warning] [Git][revParse] Unable to read file: ENOENT: no such file or directory, open '/home/sibam/.tmuxifier/.git/refs/remotes/origin/main'
2026-01-18 20:13:28.786 [warning] [Git][revParse] Unable to read file: ENOENT: no such file or directory, open '/home/sibam/hyprlang-git/.git/refs/remotes/origin/master'
2026-01-18 20:13:28.795 [warning] [Git][revParse] Unable to read file: ENOENT: no such file or directory, open '/home/sibam/omarchy/.git/refs/remotes/origin/master'
2026-01-18 20:13:28.803 [warning] [Git][revParse] Unable to read file: ENOENT: no such file or directory, open '/home/sibam/Arch-Hyprland/.git/refs/remotes/origin/main'
2026-01-18 20:13:28.806 [info] > git rev-parse refs/remotes/origin/main [3ms]
2026-01-18 20:13:28.824 [info] > git rev-parse refs/remotes/origin/master [29ms]
2026-01-18 20:13:28.844 [info] > git rev-parse refs/remotes/origin/master [57ms]
2026-01-18 20:13:28.861 [info] > git rev-parse refs/remotes/origin/main [84ms]
2026-01-18 20:13:28.877 [info] > git rev-parse refs/remotes/origin/master [109ms]
2026-01-18 20:13:28.898 [info] > git rev-parse refs/remotes/origin/main [138ms]
2026-01-18 20:13:28.919 [info] > git rev-parse refs/remotes/origin/main [166ms]
2026-01-18 20:13:28.943 [info] > git status -z -uall [128ms]
2026-01-18 20:13:28.943 [info] > git status -z -uall [90ms]
2026-01-18 20:13:28.943 [info] > git status -z -uall [74ms]
2026-01-18 20:13:28.943 [info] > git status -z -uall [57ms]
2026-01-18 20:13:28.943 [info] > git status -z -uall [35ms]
2026-01-18 20:13:28.943 [info] > git for-each-ref --sort -committerdate --format %(refname)%00%(objectname)%00%(*objectname) [25ms]
2026-01-18 20:13:28.947 [info] > git for-each-ref --sort -committerdate --format %(refname)%00%(objectname)%00%(*objectname) [49ms]
2026-01-18 20:13:28.951 [info] > git for-each-ref --sort -committerdate --format %(refname)%00%(objectname)%00%(*objectname) [74ms]
2026-01-18 20:13:28.959 [info] > git for-each-ref --sort -committerdate --format %(refname)%00%(objectname)%00%(*objectname) [98ms]
2026-01-18 20:13:28.973 [info] > git for-each-ref --sort -committerdate --format %(refname)%00%(objectname)%00%(*objectname) [130ms]
2026-01-18 20:13:28.974 [info] > git for-each-ref --sort -committerdate --format %(refname)%00%(objectname)%00%(*objectname) [150ms]
2026-01-18 20:13:28.999 [info] > git status -z -uall [165ms]
2026-01-18 20:13:29.002 [info] > git for-each-ref --sort -committerdate --format %(refname)%00%(objectname)%00%(*objectname) [65ms]
2026-01-18 20:13:29.021 [info] > git for-each-ref --sort -committerdate --format %(refname)%00%(objectname)%00%(*objectname) [23ms]
2026-01-18 20:13:29.032 [info] > git status -z -uall [44ms]
2026-01-18 20:13:29.032 [info] > git config --get commit.template [12ms]
2026-01-18 20:13:29.052 [info] > git status -z -uall [125ms]
2026-01-18 20:13:29.058 [info] > git for-each-ref --format=%(refname)%00%(upstream:short)%00%(objectname)%00%(upstream:track)%00%(upstream:remotename)%00%(upstream:remoteref) refs/heads/master refs/remotes/master [8ms]
2026-01-18 20:13:29.072 [warning] [Git][revParse] Unable to read file: ENOENT: no such file or directory, open '/home/sibam/omarchy/.git/refs/remotes/origin/master'
2026-01-18 20:13:29.075 [info] > git rev-parse refs/remotes/origin/master [3ms]
2026-01-18 20:13:29.144 [info] > git for-each-ref --sort -committerdate --format %(refname)%00%(objectname)%00%(*objectname) [41ms]
2026-01-18 20:13:29.276 [info] > git status -z -uall [190ms]
2026-01-18 20:13:29.464 [info] > git status -z -uall [804ms]
2026-01-18 20:13:29.540 [info] > git config --get commit.template [53ms]
2026-01-18 20:13:29.635 [info] > git for-each-ref --format=%(refname)%00%(upstream:short)%00%(objectname)%00%(upstream:track)%00%(upstream:remotename)%00%(upstream:remoteref) refs/heads/main refs/remotes/main [69ms]
2026-01-18 20:13:29.654 [warning] [Git][revParse] Unable to read file: ENOENT: no such file or directory, open '/home/sibam/dotfiles/.git/refs/remotes/origin/main'
2026-01-18 20:13:29.679 [info] > git rev-parse refs/remotes/origin/main [26ms]
2026-01-18 20:13:29.741 [info] > git for-each-ref --sort -committerdate --format %(refname)%00%(objectname)%00%(*objectname) [19ms]
2026-01-18 20:13:34.004 [info] > git status -z -uall [4307ms]
