2026-01-19 19:02:28.591 [info] [main] Log level: Info
2026-01-19 19:02:28.591 [info] [main] Validating found git in: "git"
2026-01-19 19:02:28.591 [info] [main] Using git "2.52.0" from "git"
2026-01-19 19:02:28.591 [info] [Model][doInitialScan] Initial repository scan started
2026-01-19 19:02:28.591 [info] > git rev-parse --show-toplevel [45ms]
2026-01-19 19:02:28.591 [info] fatal: not a git repository (or any of the parent directories): .git
2026-01-19 19:02:28.591 [info] > git rev-parse --show-toplevel [11ms]
2026-01-19 19:02:28.591 [info] fatal: not a git repository (or any of the parent directories): .git
2026-01-19 19:02:29.149 [info] > git rev-parse --show-toplevel [14ms]
2026-01-19 19:02:29.149 [info] fatal: not a git repository (or any of the parent directories): .git
2026-01-19 19:02:29.199 [info] > git rev-parse --show-toplevel [8ms]
2026-01-19 19:02:29.199 [info] fatal: not a git repository (or any of the parent directories): .git
2026-01-19 19:02:29.237 [info] > git rev-parse --show-toplevel [10ms]
2026-01-19 19:02:29.237 [info] fatal: not a git repository (or any of the parent directories): .git
2026-01-19 19:02:29.262 [info] > git rev-parse --show-toplevel [7ms]
2026-01-19 19:02:29.262 [info] fatal: not a git repository (or any of the parent directories): .git
2026-01-19 19:02:29.300 [info] > git rev-parse --show-toplevel [11ms]
2026-01-19 19:02:29.300 [info] fatal: not a git repository (or any of the parent directories): .git
2026-01-19 19:02:29.314 [info] > git rev-parse --show-toplevel [3ms]
2026-01-19 19:02:29.314 [info] fatal: not a git repository (or any of the parent directories): .git
2026-01-19 19:02:29.605 [info] > git rev-parse --show-toplevel [279ms]
2026-01-19 19:02:29.605 [info] fatal: not a git repository (or any of the parent directories): .git
2026-01-19 19:02:29.967 [info] > git rev-parse --show-toplevel [345ms]
2026-01-19 19:02:29.967 [info] fatal: not a git repository (or any of the parent directories): .git
2026-01-19 19:02:30.013 [info] > git rev-parse --show-toplevel [35ms]
2026-01-19 19:02:30.013 [info] fatal: not a git repository (or any of the parent directories): .git
2026-01-19 19:02:30.144 [info] > git rev-parse --show-toplevel [5ms]
2026-01-19 19:02:30.144 [info] fatal: not a git repository (or any of the parent directories): .git
2026-01-19 19:02:30.171 [info] > git rev-parse --show-toplevel [9ms]
2026-01-19 19:02:30.171 [info] fatal: not a git repository (or any of the parent directories): .git
2026-01-19 19:02:30.224 [info] > git rev-parse --show-toplevel [20ms]
2026-01-19 19:02:30.224 [info] fatal: not a git repository (or any of the parent directories): .git
2026-01-19 19:02:30.236 [info] > git rev-parse --show-toplevel [3ms]
2026-01-19 19:02:30.252 [info] > git rev-parse --git-dir --git-common-dir --show-superproject-working-tree [5ms]
2026-01-19 19:02:30.264 [info] [Model][openRepository] Opened repository (path): /home/sibam/.oh-my-zsh
2026-01-19 19:02:30.264 [info] [Model][openRepository] Opened repository (real path): /home/sibam/.oh-my-zsh
2026-01-19 19:02:30.264 [info] [Model][openRepository] Opened repository (kind): repository
2026-01-19 19:02:30.291 [info] > git rev-parse --show-toplevel [5ms]
2026-01-19 19:02:30.291 [info] fatal: not a git repository (or any of the parent directories): .git
2026-01-19 19:02:30.291 [info] > git config --get commit.template [15ms]
2026-01-19 19:02:30.315 [info] > git for-each-ref --format=%(refname)%00%(upstream:short)%00%(objectname)%00%(upstream:track)%00%(upstream:remotename)%00%(upstream:remoteref) refs/heads/master refs/remotes/master [3ms]
2026-01-19 19:02:30.315 [info] > git rev-parse --show-toplevel [13ms]
2026-01-19 19:02:30.315 [info] fatal: not a git repository (or any of the parent directories): .git
2026-01-19 19:02:30.326 [info] > git rev-parse --show-toplevel [2ms]
2026-01-19 19:02:30.326 [info] fatal: not a git repository (or any of the parent directories): .git
2026-01-19 19:02:30.363 [info] > git rev-parse --show-toplevel [5ms]
2026-01-19 19:02:30.363 [info] fatal: not a git repository (or any of the parent directories): .git
2026-01-19 19:02:30.363 [info] > git for-each-ref --sort -committerdate --format %(refname)%00%(objectname)%00%(*objectname) [15ms]
2026-01-19 19:02:30.388 [info] > git rev-parse --show-toplevel [14ms]
2026-01-19 19:02:30.388 [info] fatal: not a git repository (or any of the parent directories): .git
2026-01-19 19:02:30.409 [info] > git rev-parse --show-toplevel [7ms]
2026-01-19 19:02:30.451 [info] > git rev-parse --git-dir --git-common-dir --show-superproject-working-tree [30ms]
2026-01-19 19:02:30.458 [info] [Model][openRepository] Opened repository (path): /home/sibam/.tmuxifier
2026-01-19 19:02:30.458 [info] [Model][openRepository] Opened repository (real path): /home/sibam/.tmuxifier
2026-01-19 19:02:30.458 [info] [Model][openRepository] Opened repository (kind): repository
2026-01-19 19:02:30.482 [info] > git status -z -uall [145ms]
2026-01-19 19:02:30.536 [info] > git for-each-ref --format=%(refname)%00%(upstream:short)%00%(objectname)%00%(upstream:track)%00%(upstream:remotename)%00%(upstream:remoteref) refs/heads/master refs/remotes/master [24ms]
2026-01-19 19:02:30.547 [info] > git rev-parse --show-toplevel [67ms]
2026-01-19 19:02:30.547 [info] fatal: not a git repository (or any of the parent directories): .git
2026-01-19 19:02:30.547 [info] > git config --get commit.template [78ms]
2026-01-19 19:02:30.571 [info] > git config --get --local branch.master.vscode-merge-base [24ms]
2026-01-19 19:02:30.583 [info] > git config --get commit.template [51ms]
2026-01-19 19:02:30.597 [info] > git rev-parse --show-toplevel [32ms]
2026-01-19 19:02:30.597 [info] fatal: not a git repository (or any of the parent directories): .git
2026-01-19 19:02:30.626 [info] > git for-each-ref --format=%(refname)%00%(upstream:short)%00%(objectname)%00%(upstream:track)%00%(upstream:remotename)%00%(upstream:remoteref) refs/heads/main refs/remotes/main [31ms]
2026-01-19 19:02:30.626 [info] > git for-each-ref --format=%(refname)%00%(upstream:short)%00%(objectname)%00%(upstream:track)%00%(upstream:remotename)%00%(upstream:remoteref) refs/heads/origin/master refs/remotes/origin/master [44ms]
2026-01-19 19:02:30.649 [warning] [Git][revParse] Unable to read file: ENOENT: no such file or directory, open '/home/sibam/.tmuxifier/.git/refs/remotes/origin/main'
2026-01-19 19:02:30.653 [info] > git rev-parse --show-toplevel [29ms]
2026-01-19 19:02:30.653 [info] fatal: not a git repository (or any of the parent directories): .git
2026-01-19 19:02:30.653 [info] > git for-each-ref --format=%(refname)%00%(upstream:short)%00%(objectname)%00%(upstream:track)%00%(upstream:remotename)%00%(upstream:remoteref) refs/heads/master refs/remotes/master [40ms]
2026-01-19 19:02:30.670 [info] > git rev-parse refs/remotes/origin/main [21ms]
2026-01-19 19:02:30.690 [info] > git merge-base refs/heads/master refs/remotes/origin/master [52ms]
2026-01-19 19:02:30.721 [info] > git status -z -uall [41ms]
2026-01-19 19:02:30.721 [info] > git for-each-ref --sort -committerdate --format %(refname)%00%(objectname)%00%(*objectname) [32ms]
2026-01-19 19:02:30.750 [info] > git rev-parse --show-toplevel [84ms]
2026-01-19 19:02:30.750 [info] fatal: not a git repository (or any of the parent directories): .git
2026-01-19 19:02:30.772 [info] > git for-each-ref --format=%(refname)%00%(upstream:short)%00%(objectname)%00%(upstream:track)%00%(upstream:remotename)%00%(upstream:remoteref) refs/heads/main refs/remotes/main [38ms]
2026-01-19 19:02:30.782 [info] > git diff --raw --numstat --diff-filter=ADMR -z --find-renames=50% ec14da72fbf8b5016bb1533d4af3ff3bb2ac7a19...refs/remotes/origin/master -- [83ms]
2026-01-19 19:02:30.809 [info] > git config --get --local branch.main.vscode-merge-base [27ms]
2026-01-19 19:02:30.819 [info] > git rev-parse --show-toplevel [49ms]
2026-01-19 19:02:30.819 [info] > git config --get commit.template [58ms]
2026-01-19 19:02:30.832 [info] > git for-each-ref --format=%(refname)%00%(upstream:short)%00%(objectname)%00%(upstream:track)%00%(upstream:remotename)%00%(upstream:remoteref) refs/heads/origin/main refs/remotes/origin/main [14ms]
2026-01-19 19:02:30.844 [info] > git for-each-ref --sort -committerdate --format %(refname)%00%(objectname)%00%(*objectname) [38ms]
2026-01-19 19:02:30.856 [info] > git status -z -uall [60ms]
2026-01-19 19:02:30.858 [info] > git merge-base refs/heads/main refs/remotes/origin/main [15ms]
2026-01-19 19:02:30.868 [info] > git rev-parse --git-dir --git-common-dir --show-superproject-working-tree [40ms]
2026-01-19 19:02:30.872 [info] [Model][openRepository] Opened repository (path): /home/sibam/Arch-Hyprland
2026-01-19 19:02:30.872 [info] [Model][openRepository] Opened repository (real path): /home/sibam/Arch-Hyprland
2026-01-19 19:02:30.872 [info] [Model][openRepository] Opened repository (kind): repository
2026-01-19 19:02:30.905 [info] > git diff --raw --numstat --diff-filter=ADMR -z --find-renames=50% f268c12f3f05202cfbfff706063e4efc133edca8...refs/remotes/origin/main -- [38ms]
2026-01-19 19:02:30.906 [info] > git for-each-ref --format=%(refname)%00%(upstream:short)%00%(objectname)%00%(upstream:track)%00%(upstream:remotename)%00%(upstream:remoteref) refs/heads/main refs/remotes/main [51ms]
2026-01-19 19:02:30.916 [warning] [Git][revParse] Unable to read file: ENOENT: no such file or directory, open '/home/sibam/.tmuxifier/.git/refs/remotes/origin/main'
2026-01-19 19:02:30.917 [info] > git rev-parse --show-toplevel [21ms]
2026-01-19 19:02:30.917 [info] fatal: not a git repository (or any of the parent directories): .git
2026-01-19 19:02:30.918 [info] > git config --get commit.template [32ms]
2026-01-19 19:02:30.930 [info] > git rev-parse refs/remotes/origin/main [14ms]
2026-01-19 19:02:30.963 [info] > git status -z -uall [23ms]
2026-01-19 19:02:30.963 [info] > git rev-parse --show-toplevel [34ms]
2026-01-19 19:02:30.963 [info] fatal: not a git repository (or any of the parent directories): .git
2026-01-19 19:02:30.975 [info] > git for-each-ref --format=%(refname)%00%(upstream:short)%00%(objectname)%00%(upstream:track)%00%(upstream:remotename)%00%(upstream:remoteref) refs/heads/main refs/remotes/main [17ms]
2026-01-19 19:02:30.975 [info] > git for-each-ref --sort -committerdate --format %(refname)%00%(objectname)%00%(*objectname) [26ms]
2026-01-19 19:02:30.999 [warning] [Git][revParse] Unable to read file: ENOENT: no such file or directory, open '/home/sibam/Arch-Hyprland/.git/refs/remotes/origin/main'
2026-01-19 19:02:31.003 [info] > git rev-parse --show-toplevel [30ms]
2026-01-19 19:02:31.003 [info] fatal: not a git repository (or any of the parent directories): .git
2026-01-19 19:02:31.016 [info] > git rev-parse refs/remotes/origin/main [16ms]
2026-01-19 19:02:31.037 [info] > git status -z -uall [12ms]
2026-01-19 19:02:31.038 [info] > git rev-parse --show-toplevel [24ms]
2026-01-19 19:02:31.048 [info] > git for-each-ref --sort -committerdate --format %(refname)%00%(objectname)%00%(*objectname) [13ms]
2026-01-19 19:02:31.095 [info] > git for-each-ref --format=%(refname)%00%(upstream:short)%00%(objectname)%00%(upstream:track)%00%(upstream:remotename)%00%(upstream:remoteref) refs/heads/main refs/remotes/main [33ms]
2026-01-19 19:02:31.105 [info] > git rev-parse --git-dir --git-common-dir --show-superproject-working-tree [58ms]
2026-01-19 19:02:31.110 [info] [Model][openRepository] Opened repository (path): /home/sibam/HyprFlux
2026-01-19 19:02:31.110 [info] [Model][openRepository] Opened repository (real path): /home/sibam/HyprFlux
2026-01-19 19:02:31.110 [info] [Model][openRepository] Opened repository (kind): repository
2026-01-19 19:02:31.134 [info] > git config --get --local branch.main.vscode-merge-base [29ms]
2026-01-19 19:02:31.146 [info] > git config --get commit.template [55ms]
2026-01-19 19:02:31.149 [info] > git for-each-ref --format=%(refname)%00%(upstream:short)%00%(objectname)%00%(upstream:track)%00%(upstream:remotename)%00%(upstream:remoteref) refs/heads/origin/main refs/remotes/origin/main [3ms]
2026-01-19 19:02:31.160 [info] > git rev-parse --show-toplevel [28ms]
2026-01-19 19:02:31.160 [info] fatal: not a git repository (or any of the parent directories): .git
2026-01-19 19:02:31.160 [info] > git config --get commit.template [38ms]
2026-01-19 19:02:31.192 [info] > git merge-base refs/heads/main refs/remotes/origin/main [33ms]
2026-01-19 19:02:31.214 [info] > git rev-parse --show-toplevel [23ms]
2026-01-19 19:02:31.214 [info] fatal: not a git repository (or any of the parent directories): .git
2026-01-19 19:02:31.214 [info] > git for-each-ref --format=%(refname)%00%(upstream:short)%00%(objectname)%00%(upstream:track)%00%(upstream:remotename)%00%(upstream:remoteref) refs/heads/main refs/remotes/main [35ms]
2026-01-19 19:02:31.233 [warning] [Git][revParse] Unable to read file: ENOENT: no such file or directory, open '/home/sibam/Arch-Hyprland/.git/refs/remotes/origin/main'
2026-01-19 19:02:31.236 [info] > git for-each-ref --format=%(refname)%00%(upstream:short)%00%(objectname)%00%(upstream:track)%00%(upstream:remotename)%00%(upstream:remoteref) refs/heads/main refs/remotes/main [24ms]
2026-01-19 19:02:31.236 [info] > git diff --raw --numstat --diff-filter=ADMR -z --find-renames=50% 5acde89271de571d66cbb71afcb7b9ec7779ed9d...refs/remotes/origin/main -- [34ms]
2026-01-19 19:02:31.245 [warning] [Git][revParse] Unable to read file: ENOENT: no such file or directory, open '/home/sibam/HyprFlux/.git/refs/remotes/origin/main'
2026-01-19 19:02:31.247 [info] > git rev-parse refs/remotes/origin/main [14ms]
2026-01-19 19:02:31.267 [info] > git rev-parse --show-toplevel [43ms]
2026-01-19 19:02:31.267 [info] fatal: not a git repository (or any of the parent directories): .git
2026-01-19 19:02:31.283 [info] > git status -z -uall [26ms]
2026-01-19 19:02:31.284 [info] > git rev-parse refs/remotes/origin/main [39ms]
2026-01-19 19:02:31.307 [info] > git rev-parse --show-toplevel [29ms]
2026-01-19 19:02:31.307 [info] fatal: not a git repository (or any of the parent directories): .git
2026-01-19 19:02:31.307 [info] > git for-each-ref --sort -committerdate --format %(refname)%00%(objectname)%00%(*objectname) [40ms]
2026-01-19 19:02:31.321 [info] > git for-each-ref --sort -committerdate --format %(refname)%00%(objectname)%00%(*objectname) [17ms]
2026-01-19 19:02:31.323 [info] > git rev-parse --show-toplevel [3ms]
2026-01-19 19:02:31.323 [info] fatal: not a git repository (or any of the parent directories): .git
2026-01-19 19:02:31.335 [info] > git rev-parse --show-toplevel [3ms]
2026-01-19 19:02:31.349 [info] > git rev-parse --git-dir --git-common-dir --show-superproject-working-tree [4ms]
2026-01-19 19:02:31.353 [info] [Model][openRepository] Opened repository (path): /home/sibam/Wallpapers
2026-01-19 19:02:31.353 [info] [Model][openRepository] Opened repository (real path): /home/sibam/Wallpapers
2026-01-19 19:02:31.353 [info] [Model][openRepository] Opened repository (kind): repository
2026-01-19 19:02:31.375 [info] > git rev-parse --show-toplevel [3ms]
2026-01-19 19:02:31.375 [info] > git config --get commit.template [12ms]
2026-01-19 19:02:31.398 [info] > git rev-parse --git-dir --git-common-dir --show-superproject-working-tree [12ms]
2026-01-19 19:02:31.404 [info] [Model][openRepository] Opened repository (path): /home/sibam/dotfiles
2026-01-19 19:02:31.404 [info] [Model][openRepository] Opened repository (real path): /home/sibam/dotfiles
2026-01-19 19:02:31.404 [info] [Model][openRepository] Opened repository (kind): repository
2026-01-19 19:02:31.428 [info] > git for-each-ref --format=%(refname)%00%(upstream:short)%00%(objectname)%00%(upstream:track)%00%(upstream:remotename)%00%(upstream:remoteref) refs/heads/master refs/remotes/master [32ms]
2026-01-19 19:02:31.446 [warning] [Git][revParse] Unable to read file: ENOENT: no such file or directory, open '/home/sibam/Wallpapers/.git/refs/remotes/origin/master'
2026-01-19 19:02:31.450 [info] > git status -z -uall [156ms]
2026-01-19 19:02:31.450 [info] > git rev-parse --show-toplevel [27ms]
2026-01-19 19:02:31.450 [info] fatal: not a git repository (or any of the parent directories): .git
2026-01-19 19:02:31.450 [info] > git config --get commit.template [36ms]
2026-01-19 19:02:31.489 [info] > git for-each-ref --format=%(refname)%00%(upstream:short)%00%(objectname)%00%(upstream:track)%00%(upstream:remotename)%00%(upstream:remoteref) refs/heads/main refs/remotes/main [26ms]
2026-01-19 19:02:31.500 [info] > git rev-parse refs/remotes/origin/master [54ms]
2026-01-19 19:02:31.532 [info] > git status -z -uall [23ms]
2026-01-19 19:02:31.532 [info] > git for-each-ref --sort -committerdate --format %(refname)%00%(objectname)%00%(*objectname) [13ms]
2026-01-19 19:02:31.547 [info] > git config --get --local branch.main.vscode-merge-base [47ms]
2026-01-19 19:02:31.556 [info] > git config --get commit.template [68ms]
2026-01-19 19:02:31.556 [info] > git rev-parse --show-toplevel [78ms]
2026-01-19 19:02:31.556 [info] fatal: not a git repository (or any of the parent directories): .git
2026-01-19 19:02:31.579 [info] > git for-each-ref --format=%(refname)%00%(upstream:short)%00%(objectname)%00%(upstream:track)%00%(upstream:remotename)%00%(upstream:remoteref) refs/heads/origin/main refs/remotes/origin/main [23ms]
2026-01-19 19:02:31.590 [info] > git for-each-ref --format=%(refname)%00%(upstream:short)%00%(objectname)%00%(upstream:track)%00%(upstream:remotename)%00%(upstream:remoteref) refs/heads/master refs/remotes/master [46ms]
2026-01-19 19:02:31.600 [info] > git for-each-ref --format=%(refname)%00%(upstream:short)%00%(objectname)%00%(upstream:track)%00%(upstream:remotename)%00%(upstream:remoteref) refs/heads/main refs/remotes/main [70ms]
2026-01-19 19:02:31.621 [warning] [Git][revParse] Unable to read file: ENOENT: no such file or directory, open '/home/sibam/dotfiles/.git/refs/remotes/origin/main'
2026-01-19 19:02:31.623 [info] > git config --get --local branch.master.vscode-merge-base [23ms]
2026-01-19 19:02:31.634 [info] > git merge-base refs/heads/main refs/remotes/origin/main [44ms]
2026-01-19 19:02:31.645 [info] > git rev-parse --show-toplevel [68ms]
2026-01-19 19:02:31.645 [info] fatal: not a git repository (or any of the parent directories): .git
2026-01-19 19:02:31.646 [info] > git config --get commit.template [76ms]
2026-01-19 19:02:31.660 [info] > git for-each-ref --format=%(refname)%00%(upstream:short)%00%(objectname)%00%(upstream:track)%00%(upstream:remotename)%00%(upstream:remoteref) refs/heads/origin/master refs/remotes/origin/master [25ms]
2026-01-19 19:02:31.671 [info] > git rev-parse refs/remotes/origin/main [50ms]
2026-01-19 19:02:31.692 [info] > git for-each-ref --format=%(refname)%00%(upstream:short)%00%(objectname)%00%(upstream:track)%00%(upstream:remotename)%00%(upstream:remoteref) refs/heads/main refs/remotes/main [82ms]
2026-01-19 19:02:31.716 [warning] [Git][revParse] Unable to read file: ENOENT: no such file or directory, open '/home/sibam/HyprFlux/.git/refs/remotes/origin/main'
2026-01-19 19:02:31.718 [info] > git merge-base refs/heads/master refs/remotes/origin/master [48ms]
2026-01-19 19:02:31.729 [info] > git rev-parse --show-toplevel [71ms]
2026-01-19 19:02:31.729 [info] > git diff --raw --numstat --diff-filter=ADMR -z --find-renames=50% 9033d902b9452d4dc871e386975e4a65b8f86182...refs/remotes/origin/main -- [84ms]
2026-01-19 19:02:31.743 [info] > git diff --raw --numstat --diff-filter=ADMR -z --find-renames=50% dff7059b0a91707ae935d7ede01671eba9474004...refs/remotes/origin/master -- [14ms]
2026-01-19 19:02:31.743 [info] > git rev-parse refs/remotes/origin/main [27ms]
2026-01-19 19:02:31.763 [info] > git for-each-ref --format=%(refname)%00%(upstream:short)%00%(objectname)%00%(upstream:track)%00%(upstream:remotename)%00%(upstream:remoteref) refs/heads/master refs/remotes/master [58ms]
2026-01-19 19:02:31.763 [info] > git for-each-ref --sort -committerdate --format %(refname)%00%(objectname)%00%(*objectname) [72ms]
2026-01-19 19:02:31.773 [warning] [Git][revParse] Unable to read file: ENOENT: no such file or directory, open '/home/sibam/Wallpapers/.git/refs/remotes/origin/master'
2026-01-19 19:02:31.774 [info] > git rev-parse --git-dir --git-common-dir --show-superproject-working-tree [33ms]
2026-01-19 19:02:31.778 [info] [Model][openRepository] Opened repository (path): /home/sibam/hypr-lite
2026-01-19 19:02:31.778 [info] [Model][openRepository] Opened repository (real path): /home/sibam/hypr-lite
2026-01-19 19:02:31.778 [info] [Model][openRepository] Opened repository (kind): repository
2026-01-19 19:02:31.800 [info] > git rev-parse refs/remotes/origin/master [27ms]
2026-01-19 19:02:31.822 [info] > git for-each-ref --sort -committerdate --format %(refname)%00%(objectname)%00%(*objectname) [59ms]
2026-01-19 19:02:31.825 [info] > git status -z -uall [15ms]
2026-01-19 19:02:31.825 [info] > git for-each-ref --sort -committerdate --format %(refname)%00%(objectname)%00%(*objectname) [4ms]
2026-01-19 19:02:31.828 [info] > git rev-parse --show-toplevel [29ms]
2026-01-19 19:02:31.828 [info] fatal: not a git repository (or any of the parent directories): .git
2026-01-19 19:02:31.828 [info] > git config --get commit.template [39ms]
2026-01-19 19:02:31.857 [info] > git rev-parse --show-toplevel [15ms]
2026-01-19 19:02:31.868 [info] > git for-each-ref --format=%(refname)%00%(upstream:short)%00%(objectname)%00%(upstream:track)%00%(upstream:remotename)%00%(upstream:remoteref) refs/heads/main refs/remotes/main [13ms]
2026-01-19 19:02:31.877 [warning] [Git][revParse] Unable to read file: ENOENT: no such file or directory, open '/home/sibam/hypr-lite/.git/refs/remotes/origin/main'
2026-01-19 19:02:31.880 [info] > git rev-parse refs/remotes/origin/main [2ms]
2026-01-19 19:02:31.898 [info] > git rev-parse --git-dir --git-common-dir --show-superproject-working-tree [31ms]
2026-01-19 19:02:31.903 [info] [Model][openRepository] Opened repository (path): /home/sibam/hyprlang-git
2026-01-19 19:02:31.903 [info] [Model][openRepository] Opened repository (real path): /home/sibam/hyprlang-git
2026-01-19 19:02:31.903 [info] [Model][openRepository] Opened repository (kind): repository
2026-01-19 19:02:31.923 [info] > git status -z -uall [170ms]
2026-01-19 19:02:31.923 [info] > git status -z -uall [34ms]
2026-01-19 19:02:31.923 [info] > git for-each-ref --sort -committerdate --format %(refname)%00%(objectname)%00%(*objectname) [25ms]
2026-01-19 19:02:31.971 [info] > git for-each-ref --format=%(refname)%00%(upstream:short)%00%(objectname)%00%(upstream:track)%00%(upstream:remotename)%00%(upstream:remoteref) refs/heads/main refs/remotes/main [35ms]
2026-01-19 19:02:31.982 [info] > git rev-parse --show-toplevel [60ms]
2026-01-19 19:02:31.982 [info] fatal: not a git repository (or any of the parent directories): .git
2026-01-19 19:02:31.982 [info] > git config --get commit.template [70ms]
2026-01-19 19:02:31.997 [info] > git config --get --local branch.main.vscode-merge-base [16ms]
2026-01-19 19:02:32.008 [info] > git config --get commit.template [40ms]
2026-01-19 19:02:32.027 [info] > git for-each-ref --format=%(refname)%00%(upstream:short)%00%(objectname)%00%(upstream:track)%00%(upstream:remotename)%00%(upstream:remoteref) refs/heads/origin/main refs/remotes/origin/main [19ms]
2026-01-19 19:02:32.040 [info] > git rev-parse --show-toplevel [44ms]
2026-01-19 19:02:32.063 [info] > git for-each-ref --format=%(refname)%00%(upstream:short)%00%(objectname)%00%(upstream:track)%00%(upstream:remotename)%00%(upstream:remoteref) refs/heads/master refs/remotes/master [40ms]
2026-01-19 19:02:32.083 [warning] [Git][revParse] Unable to read file: ENOENT: no such file or directory, open '/home/sibam/hyprlang-git/.git/refs/remotes/origin/master'
2026-01-19 19:02:32.087 [info] > git rev-parse --git-dir --git-common-dir --show-superproject-working-tree [26ms]
2026-01-19 19:02:32.092 [info] [Model][openRepository] Opened repository (path): /home/sibam/omarchy
2026-01-19 19:02:32.092 [info] [Model][openRepository] Opened repository (real path): /home/sibam/omarchy
2026-01-19 19:02:32.092 [info] [Model][openRepository] Opened repository (kind): repository
2026-01-19 19:02:32.093 [info] > git for-each-ref --format=%(refname)%00%(upstream:short)%00%(objectname)%00%(upstream:track)%00%(upstream:remotename)%00%(upstream:remoteref) refs/heads/main refs/remotes/main [43ms]
2026-01-19 19:02:32.093 [info] > git merge-base refs/heads/main refs/remotes/origin/main [54ms]
2026-01-19 19:02:32.136 [warning] [Git][revParse] Unable to read file: ENOENT: no such file or directory, open '/home/sibam/hypr-lite/.git/refs/remotes/origin/main'
2026-01-19 19:02:32.137 [info] > git rev-parse refs/remotes/origin/master [54ms]
2026-01-19 19:02:32.161 [info] > git status -z -uall [15ms]
2026-01-19 19:02:32.161 [info] > git for-each-ref --sort -committerdate --format %(refname)%00%(objectname)%00%(*objectname) [4ms]
2026-01-19 19:02:32.176 [info] > git rev-parse refs/remotes/origin/main [41ms]
2026-01-19 19:02:32.197 [info] > git rev-parse --show-toplevel [72ms]
2026-01-19 19:02:32.197 [info] fatal: not a git repository (or any of the parent directories): .git
2026-01-19 19:02:32.197 [info] > git config --get commit.template [83ms]
2026-01-19 19:02:32.197 [info] > git diff --raw --numstat --diff-filter=ADMR -z --find-renames=50% 5dc071ffb08a037e8c440266af06a5117b0dfb96...refs/remotes/origin/main -- [95ms]
2026-01-19 19:02:32.221 [info] > git status -z -uall [35ms]
2026-01-19 19:02:32.221 [info] > git for-each-ref --sort -committerdate --format %(refname)%00%(objectname)%00%(*objectname) [24ms]
2026-01-19 19:02:32.224 [info] > git for-each-ref --format=%(refname)%00%(upstream:short)%00%(objectname)%00%(upstream:track)%00%(upstream:remotename)%00%(upstream:remoteref) refs/heads/master refs/remotes/master [49ms]
2026-01-19 19:02:32.246 [info] > git config --get --local branch.master.vscode-merge-base [13ms]
2026-01-19 19:02:32.257 [info] > git rev-parse --show-toplevel [36ms]
2026-01-19 19:02:32.257 [info] fatal: not a git repository (or any of the parent directories): .git
2026-01-19 19:02:32.259 [info] [Model][doInitialScan] Initial repository scan completed - repositories (9), closed repositories (0), parent repositories (0), unsafe repositories (0)
2026-01-19 19:02:32.259 [info] > git config --get commit.template [49ms]
2026-01-19 19:02:32.261 [info] > git for-each-ref --format=%(refname)%00%(upstream:short)%00%(objectname)%00%(upstream:track)%00%(upstream:remotename)%00%(upstream:remoteref) refs/heads/origin/master refs/remotes/origin/master [5ms]
2026-01-19 19:02:32.271 [info] > git for-each-ref --format=%(refname)%00%(upstream:short)%00%(objectname)%00%(upstream:track)%00%(upstream:remotename)%00%(upstream:remoteref) refs/heads/master refs/remotes/master [27ms]
2026-01-19 19:02:32.292 [warning] [Git][revParse] Unable to read file: ENOENT: no such file or directory, open '/home/sibam/omarchy/.git/refs/remotes/origin/master'
2026-01-19 19:02:32.294 [info] > git merge-base refs/heads/master refs/remotes/origin/master [23ms]
2026-01-19 19:02:32.305 [info] > git rev-parse refs/remotes/origin/master [13ms]
2026-01-19 19:02:32.327 [info] > git for-each-ref --format=%(refname)%00%(upstream:short)%00%(objectname)%00%(upstream:track)%00%(upstream:remotename)%00%(upstream:remoteref) refs/heads/master refs/remotes/master [45ms]
2026-01-19 19:02:32.338 [warning] [Git][revParse] Unable to read file: ENOENT: no such file or directory, open '/home/sibam/hyprlang-git/.git/refs/remotes/origin/master'
2026-01-19 19:02:32.339 [info] > git diff --raw --numstat --diff-filter=ADMR -z --find-renames=50% 5a19411cefca9852e17d6f4bcd58eb01c801652c...refs/remotes/origin/master -- [36ms]
2026-01-19 19:02:32.342 [info] > git rev-parse refs/remotes/origin/master [3ms]
2026-01-19 19:02:32.362 [info] > git for-each-ref --sort -committerdate --format %(refname)%00%(objectname)%00%(*objectname) [36ms]
2026-01-19 19:02:32.364 [info] > git status -z -uall [13ms]
2026-01-19 19:02:32.365 [info] > git for-each-ref --sort -committerdate --format %(refname)%00%(objectname)%00%(*objectname) [4ms]
2026-01-19 19:02:32.476 [info] > git status -z -uall [161ms]
2026-01-19 19:02:32.502 [info] > git for-each-ref --format=%(refname)%00%(upstream:short)%00%(objectname)%00%(upstream:track)%00%(upstream:remotename)%00%(upstream:remoteref) refs/heads/master refs/remotes/master [14ms]
2026-01-19 19:02:32.517 [info] > git status -z -uall [836ms]
2026-01-19 19:02:32.517 [info] > git config --get --local branch.master.vscode-merge-base [4ms]
2026-01-19 19:02:32.527 [info] > git config --get commit.template [25ms]
2026-01-19 19:02:32.552 [info] > git for-each-ref --format=%(refname)%00%(upstream:short)%00%(objectname)%00%(upstream:track)%00%(upstream:remotename)%00%(upstream:remoteref) refs/heads/main refs/remotes/main [12ms]
2026-01-19 19:02:32.562 [info] > git for-each-ref --format=%(refname)%00%(upstream:short)%00%(objectname)%00%(upstream:track)%00%(upstream:remotename)%00%(upstream:remoteref) refs/heads/origin/master refs/remotes/origin/master [35ms]
2026-01-19 19:02:32.586 [info] > git merge-base refs/heads/master refs/remotes/origin/master [13ms]
2026-01-19 19:02:32.596 [info] > git config --get --local branch.main.vscode-merge-base [34ms]
2026-01-19 19:02:32.606 [info] > git config --get commit.template [54ms]
2026-01-19 19:02:32.610 [info] > git for-each-ref --format=%(refname)%00%(upstream:short)%00%(objectname)%00%(upstream:track)%00%(upstream:remotename)%00%(upstream:remoteref) refs/heads/origin/main refs/remotes/origin/main [5ms]
2026-01-19 19:02:32.620 [info] > git diff --raw --numstat --diff-filter=ADMR -z --find-renames=50% ed9a4a45ba3819f942df605e02011fcc70bfbda1...refs/remotes/origin/master -- [24ms]
2026-01-19 19:02:32.621 [info] > git for-each-ref --format=%(refname)%00%(upstream:short)%00%(objectname)%00%(upstream:track)%00%(upstream:remotename)%00%(upstream:remoteref) refs/heads/master refs/remotes/master [36ms]
2026-01-19 19:02:32.638 [warning] [Git][revParse] Unable to read file: ENOENT: no such file or directory, open '/home/sibam/omarchy/.git/refs/remotes/origin/master'
2026-01-19 19:02:32.639 [info] > git merge-base refs/heads/main refs/remotes/origin/main [19ms]
2026-01-19 19:02:32.651 [info] > git diff --raw --numstat --diff-filter=ADMR -z --find-renames=50% 77f6d9885e1736de342089ecd6e28aef41a64c1e...refs/remotes/origin/main -- [3ms]
2026-01-19 19:02:32.652 [info] > git rev-parse refs/remotes/origin/master [14ms]
2026-01-19 19:02:32.670 [info] > git for-each-ref --format=%(refname)%00%(upstream:short)%00%(objectname)%00%(upstream:track)%00%(upstream:remotename)%00%(upstream:remoteref) refs/heads/main refs/remotes/main [40ms]
2026-01-19 19:02:32.679 [warning] [Git][revParse] Unable to read file: ENOENT: no such file or directory, open '/home/sibam/dotfiles/.git/refs/remotes/origin/main'
2026-01-19 19:02:32.680 [info] > git for-each-ref --sort -committerdate --format %(refname)%00%(objectname)%00%(*objectname) [10ms]
2026-01-19 19:02:32.681 [info] > git rev-parse refs/remotes/origin/main [2ms]
2026-01-19 19:02:32.702 [info] > git for-each-ref --sort -committerdate --format %(refname)%00%(objectname)%00%(*objectname) [4ms]
2026-01-19 19:02:32.818 [info] > git status -z -uall [158ms]
2026-01-19 19:02:33.460 [info] > git status -z -uall [771ms]
2026-01-19 19:02:36.456 [info] > git config --get commit.template [12ms]
2026-01-19 19:02:36.456 [info] > git config --get commit.template [22ms]
2026-01-19 19:02:36.456 [info] > git config --get commit.template [31ms]
2026-01-19 19:02:36.456 [info] > git config --get commit.template [41ms]
2026-01-19 19:02:36.456 [info] > git config --get commit.template [49ms]
2026-01-19 19:02:36.456 [info] > git config --get commit.template [59ms]
2026-01-19 19:02:36.456 [info] > git config --get commit.template [70ms]
2026-01-19 19:02:36.456 [info] > git config --get commit.template [80ms]
2026-01-19 19:02:36.456 [info] > git config --get commit.template [90ms]
2026-01-19 19:02:36.636 [info] > git for-each-ref --format=%(refname)%00%(upstream:short)%00%(objectname)%00%(upstream:track)%00%(upstream:remotename)%00%(upstream:remoteref) refs/heads/master refs/remotes/master [50ms]
2026-01-19 19:02:36.636 [info] > git for-each-ref --format=%(refname)%00%(upstream:short)%00%(objectname)%00%(upstream:track)%00%(upstream:remotename)%00%(upstream:remoteref) refs/heads/main refs/remotes/main [63ms]
2026-01-19 19:02:36.636 [info] > git for-each-ref --format=%(refname)%00%(upstream:short)%00%(objectname)%00%(upstream:track)%00%(upstream:remotename)%00%(upstream:remoteref) refs/heads/main refs/remotes/main [75ms]
2026-01-19 19:02:36.636 [info] > git for-each-ref --format=%(refname)%00%(upstream:short)%00%(objectname)%00%(upstream:track)%00%(upstream:remotename)%00%(upstream:remoteref) refs/heads/main refs/remotes/main [86ms]
2026-01-19 19:02:36.636 [info] > git for-each-ref --format=%(refname)%00%(upstream:short)%00%(objectname)%00%(upstream:track)%00%(upstream:remotename)%00%(upstream:remoteref) refs/heads/master refs/remotes/master [99ms]
2026-01-19 19:02:36.636 [info] > git for-each-ref --format=%(refname)%00%(upstream:short)%00%(objectname)%00%(upstream:track)%00%(upstream:remotename)%00%(upstream:remoteref) refs/heads/main refs/remotes/main [111ms]
2026-01-19 19:02:36.637 [info] > git for-each-ref --format=%(refname)%00%(upstream:short)%00%(objectname)%00%(upstream:track)%00%(upstream:remotename)%00%(upstream:remoteref) refs/heads/master refs/remotes/master [124ms]
2026-01-19 19:02:36.637 [info] > git for-each-ref --format=%(refname)%00%(upstream:short)%00%(objectname)%00%(upstream:track)%00%(upstream:remotename)%00%(upstream:remoteref) refs/heads/master refs/remotes/master [140ms]
2026-01-19 19:02:36.637 [info] > git for-each-ref --format=%(refname)%00%(upstream:short)%00%(objectname)%00%(upstream:track)%00%(upstream:remotename)%00%(upstream:remoteref) refs/heads/main refs/remotes/main [152ms]
2026-01-19 19:02:36.658 [warning] [Git][revParse] Unable to read file: ENOENT: no such file or directory, open '/home/sibam/omarchy/.git/refs/remotes/origin/master'
2026-01-19 19:02:36.676 [warning] [Git][revParse] Unable to read file: ENOENT: no such file or directory, open '/home/sibam/dotfiles/.git/refs/remotes/origin/main'
2026-01-19 19:02:36.691 [warning] [Git][revParse] Unable to read file: ENOENT: no such file or directory, open '/home/sibam/HyprFlux/.git/refs/remotes/origin/main'
2026-01-19 19:02:36.704 [warning] [Git][revParse] Unable to read file: ENOENT: no such file or directory, open '/home/sibam/hypr-lite/.git/refs/remotes/origin/main'
2026-01-19 19:02:36.718 [warning] [Git][revParse] Unable to read file: ENOENT: no such file or directory, open '/home/sibam/Wallpapers/.git/refs/remotes/origin/master'
2026-01-19 19:02:36.731 [warning] [Git][revParse] Unable to read file: ENOENT: no such file or directory, open '/home/sibam/.tmuxifier/.git/refs/remotes/origin/main'
2026-01-19 19:02:36.747 [warning] [Git][revParse] Unable to read file: ENOENT: no such file or directory, open '/home/sibam/hyprlang-git/.git/refs/remotes/origin/master'
2026-01-19 19:02:36.760 [warning] [Git][revParse] Unable to read file: ENOENT: no such file or directory, open '/home/sibam/Arch-Hyprland/.git/refs/remotes/origin/main'
2026-01-19 19:02:36.784 [info] > git rev-parse refs/remotes/origin/main [24ms]
2026-01-19 19:02:36.825 [info] > git rev-parse refs/remotes/origin/master [79ms]
2026-01-19 19:02:36.846 [info] > git rev-parse refs/remotes/origin/main [115ms]
2026-01-19 19:02:36.864 [info] > git rev-parse refs/remotes/origin/master [146ms]
2026-01-19 19:02:36.882 [info] > git rev-parse refs/remotes/origin/main [178ms]
2026-01-19 19:02:36.901 [info] > git rev-parse refs/remotes/origin/main [210ms]
2026-01-19 19:02:36.920 [info] > git rev-parse refs/remotes/origin/main [244ms]
2026-01-19 19:02:36.939 [info] > git rev-parse refs/remotes/origin/master [281ms]
2026-01-19 19:02:36.974 [info] > git status -z -uall [178ms]
2026-01-19 19:02:36.974 [info] > git status -z -uall [138ms]
2026-01-19 19:02:36.974 [info] > git status -z -uall [119ms]
2026-01-19 19:02:36.974 [info] > git status -z -uall [101ms]
2026-01-19 19:02:36.974 [info] > git status -z -uall [83ms]
2026-01-19 19:02:36.974 [info] > git for-each-ref --sort -committerdate --format %(refname)%00%(objectname)%00%(*objectname) [35ms]
2026-01-19 19:02:36.975 [info] > git for-each-ref --sort -committerdate --format %(refname)%00%(objectname)%00%(*objectname) [56ms]
2026-01-19 19:02:36.975 [info] > git for-each-ref --sort -committerdate --format %(refname)%00%(objectname)%00%(*objectname) [75ms]
2026-01-19 19:02:36.979 [info] > git for-each-ref --sort -committerdate --format %(refname)%00%(objectname)%00%(*objectname) [97ms]
2026-01-19 19:02:36.981 [info] > git for-each-ref --sort -committerdate --format %(refname)%00%(objectname)%00%(*objectname) [117ms]
2026-01-19 19:02:36.983 [info] > git for-each-ref --sort -committerdate --format %(refname)%00%(objectname)%00%(*objectname) [137ms]
2026-01-19 19:02:36.995 [info] > git for-each-ref --sort -committerdate --format %(refname)%00%(objectname)%00%(*objectname) [170ms]
2026-01-19 19:02:37.032 [info] > git for-each-ref --sort -committerdate --format %(refname)%00%(objectname)%00%(*objectname) [72ms]
2026-01-19 19:02:37.054 [info] > git status -z -uall [143ms]
2026-01-19 19:02:37.054 [info] > git for-each-ref --sort -committerdate --format %(refname)%00%(objectname)%00%(*objectname) [32ms]
2026-01-19 19:02:37.075 [info] > git status -z -uall [63ms]
2026-01-19 19:02:37.154 [info] > git status -z -uall [206ms]
2026-01-19 19:02:43.236 [info] > git status -z -uall [6307ms]
