2026-01-19 19:02:27.497 [info] Reading sessions from keychain...
2026-01-19 19:02:27.497 [info] Getting sessions for all scopes...
2026-01-19 19:02:27.497 [info] Got stored sessions!
2026-01-19 19:02:27.497 [info] Got 1 verified sessions.
2026-01-19 19:02:27.497 [info] Got 1 sessions for ...
2026-01-19 19:02:27.497 [info] Getting sessions for all scopes...
2026-01-19 19:02:27.497 [info] Got 1 sessions for ...
2026-01-19 19:02:27.497 [info] Getting sessions for all scopes...
2026-01-19 19:02:27.497 [info] Got 1 sessions for ...
2026-01-19 19:02:27.497 [info] Getting sessions for all scopes...
2026-01-19 19:02:27.497 [info] Got 1 sessions for ...
2026-01-19 19:02:27.497 [info] Getting sessions for all scopes...
2026-01-19 19:02:27.497 [info] Got 1 sessions for ...
2026-01-19 19:02:27.497 [info] Getting sessions for all scopes...
2026-01-19 19:02:27.497 [info] Got 1 sessions for ...
2026-01-19 19:02:27.497 [info] Getting sessions for all scopes...
2026-01-19 19:02:27.497 [info] Got 1 sessions for ...
2026-01-19 19:02:27.497 [info] Getting sessions for all scopes...
2026-01-19 19:02:27.497 [info] Got 1 sessions for ...
2026-01-19 19:02:27.497 [info] Getting sessions for all scopes...
2026-01-19 19:02:27.497 [info] Got 1 sessions for ...
2026-01-19 19:02:27.497 [info] Getting sessions for all scopes...
2026-01-19 19:02:27.497 [info] Got 1 sessions for ...
2026-01-19 19:02:27.528 [info] Getting sessions for all scopes...
2026-01-19 19:02:27.529 [info] Got 1 sessions for ...
2026-01-19 19:02:27.532 [info] Getting sessions for all scopes...
2026-01-19 19:02:27.532 [info] Got 1 sessions for ...
2026-01-19 19:02:27.532 [info] Getting sessions for all scopes...
2026-01-19 19:02:27.532 [info] Got 1 sessions for ...
2026-01-19 19:02:27.533 [info] Getting sessions for all scopes...
2026-01-19 19:02:27.533 [info] Got 1 sessions for ...
2026-01-19 19:02:27.533 [info] Getting sessions for all scopes...
2026-01-19 19:02:27.533 [info] Got 1 sessions for ...
2026-01-19 19:02:27.534 [info] Getting sessions for all scopes...
2026-01-19 19:02:27.534 [info] Got 1 sessions for ...
2026-01-19 19:02:27.534 [info] Getting sessions for all scopes...
2026-01-19 19:02:27.534 [info] Got 1 sessions for ...
2026-01-19 19:02:27.535 [info] Getting sessions for all scopes...
2026-01-19 19:02:27.535 [info] Got 1 sessions for ...
2026-01-19 19:02:28.304 [info] Getting sessions for read:user,repo,user:email,workflow...
2026-01-19 19:02:28.305 [info] Got 1 sessions for read:user,repo,user:email,workflow...
2026-01-19 19:02:28.879 [info] Getting sessions for all scopes...
2026-01-19 19:02:28.879 [info] Got 1 sessions for ...
2026-01-19 19:02:29.279 [info] Getting sessions for all scopes...
2026-01-19 19:02:29.279 [info] Got 1 sessions for ...
2026-01-19 19:02:29.280 [info] Getting sessions for all scopes...
2026-01-19 19:02:29.280 [info] Got 1 sessions for ...
2026-01-19 19:02:29.322 [info] Getting sessions for all scopes...
2026-01-19 19:02:29.322 [info] Got 1 sessions for ...
2026-01-19 19:02:29.402 [info] Getting sessions for read:user,repo,user:email,workflow...
2026-01-19 19:02:29.402 [info] Got 1 sessions for read:user,repo,user:email,workflow...
2026-01-19 19:02:29.434 [info] FetcherService: Electron fetch failed with status: 429 
2026-01-19 19:02:29.437 [info] Unable to resolve optional EDU details. Status: 429 
2026-01-19 19:02:30.550 [info] Getting sessions for read:user,repo,user:email,workflow...
2026-01-19 19:02:30.550 [info] Got 1 sessions for read:user,repo,user:email,workflow...
2026-01-19 19:02:32.527 [info] Getting sessions for all scopes...
2026-01-19 19:02:32.527 [info] Got 1 sessions for ...
2026-01-19 19:02:32.527 [info] Getting sessions for all scopes...
2026-01-19 19:02:32.527 [info] Got 1 sessions for ...
2026-01-19 19:02:32.587 [info] Getting sessions for read:user,repo,user:email,workflow...
2026-01-19 19:02:32.587 [info] Got 1 sessions for read:user,repo,user:email,workflow...
2026-01-19 19:02:36.274 [info] Getting sessions for all scopes...
2026-01-19 19:02:36.274 [info] Got 1 sessions for ...
2026-01-19 19:02:36.275 [info] Getting sessions for all scopes...
2026-01-19 19:02:36.275 [info] Got 1 sessions for ...
2026-01-19 19:02:36.283 [info] Getting sessions for read:user,repo,user:email,workflow...
2026-01-19 19:02:36.283 [info] Got 1 sessions for read:user,repo,user:email,workflow...
2026-01-19 19:02:36.481 [info] Getting sessions for all scopes...
2026-01-19 19:02:36.481 [info] Got 1 sessions for ...
2026-01-19 19:02:36.500 [info] Getting sessions for all scopes...
2026-01-19 19:02:36.500 [info] Got 1 sessions for ...
2026-01-19 19:02:36.500 [info] Getting sessions for all scopes...
2026-01-19 19:02:36.500 [info] Got 1 sessions for ...
2026-01-19 19:02:36.502 [info] Getting sessions for all scopes...
2026-01-19 19:02:36.502 [info] Got 1 sessions for ...
2026-01-19 19:02:36.895 [info] Getting sessions for read:user,repo,user:email,workflow...
2026-01-19 19:02:36.895 [info] Got 1 sessions for read:user,repo,user:email,workflow...
2026-01-19 19:02:37.280 [info] Getting sessions for all scopes...
2026-01-19 19:02:37.280 [info] Got 1 sessions for ...
2026-01-19 19:02:37.479 [info] Getting sessions for read:user,repo,user:email,workflow...
2026-01-19 19:02:37.479 [info] Got 1 sessions for read:user,repo,user:email,workflow...
2026-01-19 19:02:44.498 [info] Getting sessions for all scopes...
2026-01-19 19:02:44.498 [info] Got 1 sessions for ...
2026-01-19 19:02:44.520 [info] Getting sessions for read:user,repo,user:email,workflow...
2026-01-19 19:02:44.521 [info] Got 1 sessions for read:user,repo,user:email,workflow...
2026-01-19 19:05:08.946 [info] Getting sessions for all scopes...
2026-01-19 19:05:08.946 [info] Got 1 sessions for ...
2026-01-19 19:05:08.948 [info] Getting sessions for all scopes...
2026-01-19 19:05:08.948 [info] Got 1 sessions for ...
2026-01-19 19:06:07.956 [info] Getting sessions for all scopes...
2026-01-19 19:06:07.956 [info] Got 1 sessions for ...
2026-01-19 19:06:07.959 [info] Getting sessions for read:user,repo,user:email,workflow...
2026-01-19 19:06:07.959 [info] Got 1 sessions for read:user,repo,user:email,workflow...
2026-01-19 19:07:36.373 [info] Getting sessions for all scopes...
2026-01-19 19:07:36.373 [info] Got 1 sessions for ...
2026-01-19 19:07:36.376 [info] Getting sessions for read:user,repo,user:email,workflow...
2026-01-19 19:07:36.376 [info] Got 1 sessions for read:user,repo,user:email,workflow...
2026-01-19 19:12:36.372 [info] Getting sessions for all scopes...
2026-01-19 19:12:36.372 [info] Got 1 sessions for ...
2026-01-19 19:12:36.375 [info] Getting sessions for read:user,repo,user:email,workflow...
2026-01-19 19:12:36.375 [info] Got 1 sessions for read:user,repo,user:email,workflow...
