2026-01-18 20:13:25.039 [info] Reading sessions from keychain...
2026-01-18 20:13:25.039 [info] Getting sessions for all scopes...
2026-01-18 20:13:25.039 [info] Got stored sessions!
2026-01-18 20:13:25.039 [info] Got 1 verified sessions.
2026-01-18 20:13:25.039 [info] Got 1 sessions for ...
2026-01-18 20:13:25.039 [info] Getting sessions for all scopes...
2026-01-18 20:13:25.039 [info] Got 1 sessions for ...
2026-01-18 20:13:25.039 [info] Getting sessions for all scopes...
2026-01-18 20:13:25.039 [info] Got 1 sessions for ...
2026-01-18 20:13:25.039 [info] Getting sessions for all scopes...
2026-01-18 20:13:25.039 [info] Got 1 sessions for ...
2026-01-18 20:13:25.039 [info] Getting sessions for all scopes...
2026-01-18 20:13:25.039 [info] Got 1 sessions for ...
2026-01-18 20:13:25.039 [info] Getting sessions for all scopes...
2026-01-18 20:13:25.039 [info] Got 1 sessions for ...
2026-01-18 20:13:25.039 [info] Getting sessions for all scopes...
2026-01-18 20:13:25.039 [info] Got 1 sessions for ...
2026-01-18 20:13:25.039 [info] Getting sessions for all scopes...
2026-01-18 20:13:25.039 [info] Got 1 sessions for ...
2026-01-18 20:13:25.039 [info] Getting sessions for all scopes...
2026-01-18 20:13:25.039 [info] Got 1 sessions for ...
2026-01-18 20:13:25.039 [info] Getting sessions for all scopes...
2026-01-18 20:13:25.039 [info] Got 1 sessions for ...
2026-01-18 20:13:25.039 [info] Getting sessions for all scopes...
2026-01-18 20:13:25.039 [info] Got 1 sessions for ...
2026-01-18 20:13:25.039 [info] Getting sessions for all scopes...
2026-01-18 20:13:25.039 [info] Got 1 sessions for ...
2026-01-18 20:13:25.039 [info] Getting sessions for all scopes...
2026-01-18 20:13:25.039 [info] Got 1 sessions for ...
2026-01-18 20:13:25.039 [info] Getting sessions for all scopes...
2026-01-18 20:13:25.039 [info] Got 1 sessions for ...
2026-01-18 20:13:25.039 [info] Getting sessions for all scopes...
2026-01-18 20:13:25.039 [info] Got 1 sessions for ...
2026-01-18 20:13:25.039 [info] Getting sessions for all scopes...
2026-01-18 20:13:25.039 [info] Got 1 sessions for ...
2026-01-18 20:13:25.039 [info] Getting sessions for all scopes...
2026-01-18 20:13:25.039 [info] Got 1 sessions for ...
2026-01-18 20:13:25.039 [info] Getting sessions for all scopes...
2026-01-18 20:13:25.039 [info] Got 1 sessions for ...
2026-01-18 20:13:25.039 [info] Getting sessions for all scopes...
2026-01-18 20:13:25.039 [info] Got 1 sessions for ...
2026-01-18 20:13:25.084 [info] Getting sessions for read:user,repo,user:email,workflow...
2026-01-18 20:13:25.084 [info] Got 1 sessions for read:user,repo,user:email,workflow...
2026-01-18 20:13:25.240 [info] Getting sessions for all scopes...
2026-01-18 20:13:25.240 [info] Got 1 sessions for ...
2026-01-18 20:13:25.280 [info] Getting sessions for read:user,repo,user:email,workflow...
2026-01-18 20:13:25.280 [info] Got 1 sessions for read:user,repo,user:email,workflow...
2026-01-18 20:13:25.764 [info] Getting sessions for all scopes...
2026-01-18 20:13:25.764 [info] Got 1 sessions for ...
2026-01-18 20:13:25.825 [info] Getting sessions for all scopes...
2026-01-18 20:13:25.825 [info] Got 1 sessions for ...
2026-01-18 20:13:25.954 [info] Getting sessions for read:user,repo,user:email,workflow...
2026-01-18 20:13:25.954 [info] Got 1 sessions for read:user,repo,user:email,workflow...
2026-01-18 20:13:25.977 [info] Getting sessions for read:user,repo,user:email,workflow...
2026-01-18 20:13:25.978 [info] Got 1 sessions for read:user,repo,user:email,workflow...
2026-01-18 20:13:26.185 [info] Getting sessions for all scopes...
2026-01-18 20:13:26.185 [info] Got 1 sessions for ...
2026-01-18 20:13:26.201 [info] Getting sessions for all scopes...
2026-01-18 20:13:26.201 [info] Got 1 sessions for ...
2026-01-18 20:13:26.201 [info] Getting sessions for all scopes...
2026-01-18 20:13:26.201 [info] Got 1 sessions for ...
2026-01-18 20:13:26.214 [info] Getting sessions for all scopes...
2026-01-18 20:13:26.214 [info] Got 1 sessions for ...
2026-01-18 20:13:26.215 [info] FetcherService: Electron fetch failed with status: 429 
2026-01-18 20:13:26.217 [info] Unable to resolve optional EDU details. Status: 429 
2026-01-18 20:13:26.312 [info] Getting sessions for read:user,repo,user:email,workflow...
2026-01-18 20:13:26.312 [info] Got 1 sessions for read:user,repo,user:email,workflow...
2026-01-18 20:13:28.742 [info] Getting sessions for all scopes...
2026-01-18 20:13:28.742 [info] Got 1 sessions for ...
2026-01-18 20:13:28.742 [info] Getting sessions for all scopes...
2026-01-18 20:13:28.742 [info] Got 1 sessions for ...
2026-01-18 20:13:29.003 [info] Getting sessions for read:user,repo,user:email,workflow...
2026-01-18 20:13:29.003 [info] Got 1 sessions for read:user,repo,user:email,workflow...
2026-01-18 20:13:29.057 [info] Getting sessions for all scopes...
2026-01-18 20:13:29.057 [info] Got 1 sessions for ...
2026-01-18 20:13:29.149 [info] Getting sessions for read:user,repo,user:email,workflow...
2026-01-18 20:13:29.149 [info] Got 1 sessions for read:user,repo,user:email,workflow...
2026-01-18 20:13:29.286 [info] Getting sessions for all scopes...
2026-01-18 20:13:29.286 [info] Got 1 sessions for ...
2026-01-18 20:13:29.445 [info] Getting sessions for read:user,repo,user:email,workflow...
2026-01-18 20:13:29.445 [info] Got 1 sessions for read:user,repo,user:email,workflow...
