2026-02-28 13:26:16.891 [info] Reading sessions from keychain...
2026-02-28 13:26:16.891 [info] Getting sessions for all scopes...
2026-02-28 13:26:16.891 [info] Got stored sessions!
2026-02-28 13:26:16.891 [info] Got 1 verified sessions.
2026-02-28 13:26:16.891 [info] Got 1 sessions for ...
2026-02-28 13:26:16.891 [info] Getting sessions for all scopes...
2026-02-28 13:26:16.891 [info] Got 1 sessions for ...
2026-02-28 13:26:16.891 [info] Getting sessions for all scopes...
2026-02-28 13:26:16.891 [info] Got 1 sessions for ...
2026-02-28 13:26:16.891 [info] Getting sessions for all scopes...
2026-02-28 13:26:16.891 [info] Got 1 sessions for ...
2026-02-28 13:26:16.891 [info] Getting sessions for all scopes...
2026-02-28 13:26:16.891 [info] Got 1 sessions for ...
2026-02-28 13:26:16.891 [info] Getting sessions for all scopes...
2026-02-28 13:26:16.891 [info] Got 1 sessions for ...
2026-02-28 13:26:16.891 [info] Getting sessions for all scopes...
2026-02-28 13:26:16.891 [info] Got 1 sessions for ...
2026-02-28 13:26:16.891 [info] Getting sessions for all scopes...
2026-02-28 13:26:16.891 [info] Got 1 sessions for ...
2026-02-28 13:26:16.891 [info] Getting sessions for all scopes...
2026-02-28 13:26:16.891 [info] Got 1 sessions for ...
2026-02-28 13:26:16.891 [info] Getting sessions for all scopes...
2026-02-28 13:26:16.891 [info] Got 1 sessions for ...
2026-02-28 13:26:16.891 [info] Getting sessions for all scopes...
2026-02-28 13:26:16.891 [info] Got 1 sessions for ...
2026-02-28 13:26:16.891 [info] Getting sessions for all scopes...
2026-02-28 13:26:16.891 [info] Got 1 sessions for ...
2026-02-28 13:26:16.891 [info] Getting sessions for all scopes...
2026-02-28 13:26:16.891 [info] Got 1 sessions for ...
2026-02-28 13:26:16.891 [info] Getting sessions for all scopes...
2026-02-28 13:26:16.891 [info] Got 1 sessions for ...
2026-02-28 13:26:16.891 [info] Getting sessions for all scopes...
2026-02-28 13:26:16.891 [info] Got 1 sessions for ...
2026-02-28 13:26:16.891 [info] Getting sessions for all scopes...
2026-02-28 13:26:16.891 [info] Got 1 sessions for ...
2026-02-28 13:26:16.891 [info] Getting sessions for all scopes...
2026-02-28 13:26:16.891 [info] Got 1 sessions for ...
2026-02-28 13:26:16.891 [info] Getting sessions for all scopes...
2026-02-28 13:26:16.891 [info] Got 1 sessions for ...
2026-02-28 13:26:16.891 [info] Getting sessions for read:user,repo,user:email,workflow...
2026-02-28 13:26:16.891 [info] Got 1 sessions for read:user,repo,user:email,workflow...
2026-02-28 13:26:17.237 [info] Getting sessions for all scopes...
2026-02-28 13:26:17.237 [info] Got 1 sessions for ...
2026-02-28 13:26:17.255 [info] Getting sessions for read:user,repo,user:email,workflow...
2026-02-28 13:26:17.255 [info] Got 1 sessions for read:user,repo,user:email,workflow...
2026-02-28 13:26:17.519 [info] Getting sessions for all scopes...
2026-02-28 13:26:17.519 [info] Got 1 sessions for ...
2026-02-28 13:26:17.519 [info] Getting sessions for all scopes...
2026-02-28 13:26:17.519 [info] Got 1 sessions for ...
2026-02-28 13:26:17.547 [info] Getting sessions for read:user,repo,user:email,workflow...
2026-02-28 13:26:17.547 [info] Got 1 sessions for read:user,repo,user:email,workflow...
2026-02-28 13:26:18.345 [info] FetcherService: Electron fetch failed with status: 429 
2026-02-28 13:26:18.347 [info] Unable to resolve optional EDU details. Status: 429 
2026-02-28 13:26:18.401 [info] Getting sessions for all scopes...
2026-02-28 13:26:18.401 [info] Got 1 sessions for ...
2026-02-28 13:26:18.401 [info] Getting sessions for all scopes...
2026-02-28 13:26:18.401 [info] Got 1 sessions for ...
2026-02-28 13:26:18.412 [info] Getting sessions for read:user,repo,user:email,workflow...
2026-02-28 13:26:18.412 [info] Got 1 sessions for read:user,repo,user:email,workflow...
2026-02-28 13:26:18.509 [info] Getting sessions for all scopes...
2026-02-28 13:26:18.509 [info] Got 1 sessions for ...
2026-02-28 13:26:18.511 [info] Getting sessions for all scopes...
2026-02-28 13:26:18.511 [info] Got 1 sessions for ...
2026-02-28 13:26:18.511 [info] Getting sessions for all scopes...
2026-02-28 13:26:18.511 [info] Got 1 sessions for ...
2026-02-28 13:26:18.545 [info] Getting sessions for all scopes...
2026-02-28 13:26:18.545 [info] Got 1 sessions for ...
2026-02-28 13:26:18.595 [info] Getting sessions for read:user,repo,user:email,workflow...
2026-02-28 13:26:18.595 [info] Got 1 sessions for read:user,repo,user:email,workflow...
2026-02-28 13:26:18.922 [info] Getting sessions for read:user,repo,user:email,workflow...
2026-02-28 13:26:18.922 [info] Got 1 sessions for read:user,repo,user:email,workflow...
2026-02-28 13:26:19.699 [info] Getting sessions for all scopes...
2026-02-28 13:26:19.699 [info] Got 1 sessions for ...
2026-02-28 13:26:19.701 [info] Getting sessions for read:user,repo,user:email,workflow...
2026-02-28 13:26:19.701 [info] Got 1 sessions for read:user,repo,user:email,workflow...
2026-02-28 13:27:46.331 [info] Getting sessions for all scopes...
2026-02-28 13:27:46.331 [info] Got 1 sessions for ...
2026-02-28 13:27:46.344 [info] Getting sessions for read:user,repo,user:email,workflow...
2026-02-28 13:27:46.344 [info] Got 1 sessions for read:user,repo,user:email,workflow...
2026-02-28 13:37:25.137 [info] Getting sessions for all scopes...
2026-02-28 13:37:25.138 [info] Got 1 sessions for ...
2026-02-28 13:37:25.148 [info] Getting sessions for read:user,repo,user:email,workflow...
2026-02-28 13:37:25.148 [info] Got 1 sessions for read:user,repo,user:email,workflow...
2026-02-28 13:40:43.365 [info] Getting sessions for all scopes...
2026-02-28 13:40:43.365 [info] Got 1 sessions for ...
2026-02-28 13:40:43.368 [info] Getting sessions for read:user,repo,user:email,workflow...
2026-02-28 13:40:43.368 [info] Got 1 sessions for read:user,repo,user:email,workflow...
