2026-02-28 13:42:48.896 [info] Reading sessions from keychain...
2026-02-28 13:42:48.896 [info] Getting sessions for all scopes...
2026-02-28 13:42:48.896 [info] Got stored sessions!
2026-02-28 13:42:48.896 [info] Got 1 verified sessions.
2026-02-28 13:42:48.896 [info] Got 1 sessions for ...
2026-02-28 13:42:48.896 [info] Getting sessions for all scopes...
2026-02-28 13:42:48.896 [info] Got 1 sessions for ...
2026-02-28 13:42:48.896 [info] Getting sessions for all scopes...
2026-02-28 13:42:48.896 [info] Got 1 sessions for ...
2026-02-28 13:42:48.896 [info] Getting sessions for all scopes...
2026-02-28 13:42:48.896 [info] Got 1 sessions for ...
2026-02-28 13:42:48.896 [info] Getting sessions for all scopes...
2026-02-28 13:42:48.896 [info] Got 1 sessions for ...
2026-02-28 13:42:48.896 [info] Getting sessions for all scopes...
2026-02-28 13:42:48.896 [info] Got 1 sessions for ...
2026-02-28 13:42:48.896 [info] Getting sessions for all scopes...
2026-02-28 13:42:48.896 [info] Got 1 sessions for ...
2026-02-28 13:42:48.896 [info] Getting sessions for all scopes...
2026-02-28 13:42:48.896 [info] Got 1 sessions for ...
2026-02-28 13:42:48.896 [info] Getting sessions for all scopes...
2026-02-28 13:42:48.896 [info] Got 1 sessions for ...
2026-02-28 13:42:48.896 [info] Getting sessions for all scopes...
2026-02-28 13:42:48.896 [info] Got 1 sessions for ...
2026-02-28 13:42:48.896 [info] Getting sessions for all scopes...
2026-02-28 13:42:48.896 [info] Got 1 sessions for ...
2026-02-28 13:42:48.896 [info] Getting sessions for all scopes...
2026-02-28 13:42:48.896 [info] Got 1 sessions for ...
2026-02-28 13:42:48.896 [info] Getting sessions for all scopes...
2026-02-28 13:42:48.897 [info] Got 1 sessions for ...
2026-02-28 13:42:48.897 [info] Getting sessions for all scopes...
2026-02-28 13:42:48.897 [info] Got 1 sessions for ...
2026-02-28 13:42:48.897 [info] Getting sessions for all scopes...
2026-02-28 13:42:48.897 [info] Got 1 sessions for ...
2026-02-28 13:42:48.897 [info] Getting sessions for all scopes...
2026-02-28 13:42:48.897 [info] Got 1 sessions for ...
2026-02-28 13:42:48.897 [info] Getting sessions for all scopes...
2026-02-28 13:42:48.897 [info] Got 1 sessions for ...
2026-02-28 13:42:48.897 [info] Getting sessions for all scopes...
2026-02-28 13:42:48.897 [info] Got 1 sessions for ...
2026-02-28 13:42:48.897 [info] Getting sessions for all scopes...
2026-02-28 13:42:48.897 [info] Got 1 sessions for ...
2026-02-28 13:42:48.976 [info] Getting sessions for read:user,repo,user:email,workflow...
2026-02-28 13:42:48.977 [info] Got 1 sessions for read:user,repo,user:email,workflow...
2026-02-28 13:42:49.276 [info] Getting sessions for all scopes...
2026-02-28 13:42:49.276 [info] Got 1 sessions for ...
2026-02-28 13:42:49.291 [info] Getting sessions for read:user,repo,user:email,workflow...
2026-02-28 13:42:49.291 [info] Got 1 sessions for read:user,repo,user:email,workflow...
2026-02-28 13:42:49.561 [info] Getting sessions for all scopes...
2026-02-28 13:42:49.561 [info] Got 1 sessions for ...
2026-02-28 13:42:49.561 [info] Getting sessions for all scopes...
2026-02-28 13:42:49.561 [info] Got 1 sessions for ...
2026-02-28 13:42:49.599 [info] Getting sessions for read:user,repo,user:email,workflow...
2026-02-28 13:42:49.599 [info] Got 1 sessions for read:user,repo,user:email,workflow...
2026-02-28 13:42:50.541 [info] FetcherService: Electron fetch failed with status: 429 
2026-02-28 13:42:50.544 [info] Unable to resolve optional EDU details. Status: 429 
2026-02-28 13:42:50.636 [info] Getting sessions for all scopes...
2026-02-28 13:42:50.636 [info] Got 1 sessions for ...
2026-02-28 13:42:50.636 [info] Getting sessions for all scopes...
2026-02-28 13:42:50.636 [info] Got 1 sessions for ...
2026-02-28 13:42:50.676 [info] Getting sessions for all scopes...
2026-02-28 13:42:50.676 [info] Got 1 sessions for ...
2026-02-28 13:42:50.692 [info] Getting sessions for read:user,repo,user:email,workflow...
2026-02-28 13:42:50.692 [info] Got 1 sessions for read:user,repo,user:email,workflow...
2026-02-28 13:42:50.735 [info] Getting sessions for all scopes...
2026-02-28 13:42:50.735 [info] Got 1 sessions for ...
2026-02-28 13:42:50.750 [info] Getting sessions for read:user,repo,user:email,workflow...
2026-02-28 13:42:50.750 [info] Got 1 sessions for read:user,repo,user:email,workflow...
2026-02-28 13:42:50.870 [info] Getting sessions for all scopes...
2026-02-28 13:42:50.870 [info] Got 1 sessions for ...
2026-02-28 13:42:50.926 [info] Getting sessions for all scopes...
2026-02-28 13:42:50.927 [info] Got 1 sessions for ...
2026-02-28 13:42:50.927 [info] Getting sessions for all scopes...
2026-02-28 13:42:50.927 [info] Got 1 sessions for ...
2026-02-28 13:42:50.927 [info] Getting sessions for all scopes...
2026-02-28 13:42:50.928 [info] Got 1 sessions for ...
2026-02-28 13:42:50.987 [info] Getting sessions for read:user,repo,user:email,workflow...
2026-02-28 13:42:50.987 [info] Got 1 sessions for read:user,repo,user:email,workflow...
2026-02-28 13:42:53.447 [info] Getting sessions for all scopes...
2026-02-28 13:42:53.447 [info] Got 1 sessions for ...
2026-02-28 13:42:53.743 [info] Getting sessions for read:user,repo,user:email,workflow...
2026-02-28 13:42:53.743 [info] Got 1 sessions for read:user,repo,user:email,workflow...
2026-02-28 13:42:53.860 [info] Getting sessions for all scopes...
2026-02-28 13:42:53.860 [info] Got 1 sessions for ...
2026-02-28 13:42:53.917 [info] Getting sessions for read:user,repo,user:email,workflow...
2026-02-28 13:42:53.917 [info] Got 1 sessions for read:user,repo,user:email,workflow...
2026-02-28 13:42:54.102 [info] Getting sessions for all scopes...
2026-02-28 13:42:54.102 [info] Got 1 sessions for ...
2026-02-28 13:42:59.036 [info] Getting sessions for read:user,repo,user:email,workflow...
2026-02-28 13:42:59.036 [info] Got 1 sessions for read:user,repo,user:email,workflow...
2026-02-28 13:44:43.206 [info] Getting sessions for all scopes...
2026-02-28 13:44:43.206 [info] Got 1 sessions for ...
2026-02-28 13:44:43.209 [info] Getting sessions for read:user,repo,user:email,workflow...
2026-02-28 13:44:43.209 [info] Got 1 sessions for read:user,repo,user:email,workflow...
2026-02-28 13:47:50.852 [info] Getting sessions for all scopes...
2026-02-28 13:47:50.852 [info] Got 1 sessions for ...
2026-02-28 13:47:50.853 [info] Getting sessions for read:user,repo,user:email,workflow...
2026-02-28 13:47:50.853 [info] Got 1 sessions for read:user,repo,user:email,workflow...
2026-02-28 13:51:02.332 [info] Getting sessions for all scopes...
2026-02-28 13:51:02.332 [info] Got 1 sessions for ...
2026-02-28 13:51:02.654 [info] Getting sessions for read:user,repo,user:email,workflow...
2026-02-28 13:51:02.654 [info] Got 1 sessions for read:user,repo,user:email,workflow...
2026-02-28 13:51:12.630 [info] Getting sessions for all scopes...
2026-02-28 13:51:12.630 [info] Got 1 sessions for ...
2026-02-28 13:51:12.847 [info] Getting sessions for read:user,repo,user:email,workflow...
2026-02-28 13:51:12.847 [info] Got 1 sessions for read:user,repo,user:email,workflow...
2026-02-28 13:51:13.095 [info] Getting sessions for all scopes...
2026-02-28 13:51:13.095 [info] Got 1 sessions for ...
2026-02-28 13:51:13.411 [info] Getting sessions for read:user,repo,user:email,workflow...
2026-02-28 13:51:13.411 [info] Got 1 sessions for read:user,repo,user:email,workflow...
2026-02-28 13:51:13.802 [info] Getting sessions for all scopes...
2026-02-28 13:51:13.802 [info] Got 1 sessions for ...
2026-02-28 13:51:14.155 [info] Getting sessions for read:user,repo,user:email,workflow...
2026-02-28 13:51:14.155 [info] Got 1 sessions for read:user,repo,user:email,workflow...
2026-02-28 13:51:14.538 [info] Getting sessions for all scopes...
2026-02-28 13:51:14.538 [info] Got 1 sessions for ...
2026-02-28 13:51:14.897 [info] Getting sessions for read:user,repo,user:email,workflow...
2026-02-28 13:51:14.897 [info] Got 1 sessions for read:user,repo,user:email,workflow...
2026-02-28 13:51:15.339 [info] Getting sessions for all scopes...
2026-02-28 13:51:15.339 [info] Got 1 sessions for ...
2026-02-28 13:51:15.564 [info] Getting sessions for read:user,repo,user:email,workflow...
2026-02-28 13:51:15.564 [info] Got 1 sessions for read:user,repo,user:email,workflow...
2026-02-28 13:51:16.035 [info] Getting sessions for all scopes...
2026-02-28 13:51:16.035 [info] Got 1 sessions for ...
2026-02-28 13:51:16.221 [info] Getting sessions for read:user,repo,user:email,workflow...
2026-02-28 13:51:16.221 [info] Got 1 sessions for read:user,repo,user:email,workflow...
2026-02-28 13:51:16.543 [info] Getting sessions for all scopes...
2026-02-28 13:51:16.543 [info] Got 1 sessions for ...
2026-02-28 13:51:16.736 [info] Getting sessions for read:user,repo,user:email,workflow...
2026-02-28 13:51:16.736 [info] Got 1 sessions for read:user,repo,user:email,workflow...
2026-02-28 13:51:17.067 [info] Getting sessions for all scopes...
2026-02-28 13:51:17.067 [info] Got 1 sessions for ...
2026-02-28 13:51:17.324 [info] Getting sessions for read:user,repo,user:email,workflow...
2026-02-28 13:51:17.324 [info] Got 1 sessions for read:user,repo,user:email,workflow...
2026-02-28 13:51:17.587 [info] Getting sessions for all scopes...
2026-02-28 13:51:17.587 [info] Got 1 sessions for ...
2026-02-28 13:51:17.862 [info] Getting sessions for read:user,repo,user:email,workflow...
2026-02-28 13:51:17.862 [info] Got 1 sessions for read:user,repo,user:email,workflow...
2026-02-28 13:51:18.308 [info] Getting sessions for all scopes...
2026-02-28 13:51:18.308 [info] Got 1 sessions for ...
2026-02-28 13:51:18.636 [info] Getting sessions for read:user,repo,user:email,workflow...
2026-02-28 13:51:18.636 [info] Got 1 sessions for read:user,repo,user:email,workflow...
2026-02-28 13:51:18.918 [info] Getting sessions for all scopes...
2026-02-28 13:51:18.918 [info] Got 1 sessions for ...
2026-02-28 13:51:19.148 [info] Getting sessions for read:user,repo,user:email,workflow...
2026-02-28 13:51:19.148 [info] Got 1 sessions for read:user,repo,user:email,workflow...
2026-02-28 13:51:19.422 [info] Getting sessions for all scopes...
2026-02-28 13:51:19.422 [info] Got 1 sessions for ...
2026-02-28 13:51:19.627 [info] Getting sessions for read:user,repo,user:email,workflow...
2026-02-28 13:51:19.627 [info] Got 1 sessions for read:user,repo,user:email,workflow...
2026-02-28 13:51:20.007 [info] Getting sessions for all scopes...
2026-02-28 13:51:20.007 [info] Got 1 sessions for ...
2026-02-28 13:51:20.318 [info] Getting sessions for read:user,repo,user:email,workflow...
2026-02-28 13:51:20.318 [info] Got 1 sessions for read:user,repo,user:email,workflow...
2026-02-28 13:51:20.564 [info] Getting sessions for all scopes...
2026-02-28 13:51:20.564 [info] Got 1 sessions for ...
2026-02-28 13:51:20.881 [info] Getting sessions for read:user,repo,user:email,workflow...
2026-02-28 13:51:20.881 [info] Got 1 sessions for read:user,repo,user:email,workflow...
2026-02-28 13:51:21.405 [info] Getting sessions for all scopes...
2026-02-28 13:51:21.405 [info] Got 1 sessions for ...
2026-02-28 13:51:21.763 [info] Getting sessions for read:user,repo,user:email,workflow...
2026-02-28 13:51:21.763 [info] Got 1 sessions for read:user,repo,user:email,workflow...
2026-02-28 13:51:22.163 [info] Getting sessions for all scopes...
2026-02-28 13:51:22.163 [info] Got 1 sessions for ...
2026-02-28 13:51:22.511 [info] Getting sessions for read:user,repo,user:email,workflow...
2026-02-28 13:51:22.512 [info] Got 1 sessions for read:user,repo,user:email,workflow...
2026-02-28 13:51:22.959 [info] Getting sessions for all scopes...
2026-02-28 13:51:22.959 [info] Got 1 sessions for ...
2026-02-28 13:51:23.264 [info] Getting sessions for read:user,repo,user:email,workflow...
2026-02-28 13:51:23.264 [info] Got 1 sessions for read:user,repo,user:email,workflow...
2026-02-28 13:51:23.835 [info] Getting sessions for all scopes...
2026-02-28 13:51:23.835 [info] Got 1 sessions for ...
2026-02-28 13:51:24.073 [info] Getting sessions for read:user,repo,user:email,workflow...
2026-02-28 13:51:24.073 [info] Got 1 sessions for read:user,repo,user:email,workflow...
2026-02-28 13:51:24.631 [info] Getting sessions for all scopes...
2026-02-28 13:51:24.631 [info] Got 1 sessions for ...
2026-02-28 13:51:24.688 [info] Getting sessions for read:user,repo,user:email,workflow...
2026-02-28 13:51:24.688 [info] Got 1 sessions for read:user,repo,user:email,workflow...
2026-02-28 13:51:24.696 [info] Getting sessions for all scopes...
2026-02-28 13:51:24.696 [info] Got 1 sessions for ...
2026-02-28 13:51:24.696 [info] Getting sessions for read:user,repo,user:email,workflow...
2026-02-28 13:51:24.696 [info] Got 1 sessions for read:user,repo,user:email,workflow...
2026-02-28 13:52:50.854 [info] Getting sessions for all scopes...
2026-02-28 13:52:50.854 [info] Got 1 sessions for ...
2026-02-28 13:52:50.855 [info] Getting sessions for read:user,repo,user:email,workflow...
2026-02-28 13:52:50.855 [info] Got 1 sessions for read:user,repo,user:email,workflow...
2026-02-28 13:52:58.872 [info] Getting sessions for read:user,repo,user:email,workflow...
2026-02-28 13:52:58.872 [info] Got 1 sessions for read:user,repo,user:email,workflow...
2026-02-28 13:54:43.206 [info] Getting sessions for all scopes...
2026-02-28 13:54:43.207 [info] Got 1 sessions for ...
2026-02-28 13:54:43.208 [info] Getting sessions for read:user,repo,user:email,workflow...
2026-02-28 13:54:43.208 [info] Got 1 sessions for read:user,repo,user:email,workflow...
2026-02-28 13:57:50.853 [info] Getting sessions for all scopes...
2026-02-28 13:57:50.853 [info] Got 1 sessions for ...
2026-02-28 13:57:50.854 [info] Getting sessions for read:user,repo,user:email,workflow...
2026-02-28 13:57:50.854 [info] Got 1 sessions for read:user,repo,user:email,workflow...
2026-02-28 14:02:50.854 [info] Getting sessions for all scopes...
2026-02-28 14:02:50.858 [info] Got 1 sessions for ...
2026-02-28 14:02:50.859 [info] Getting sessions for read:user,repo,user:email,workflow...
2026-02-28 14:02:50.859 [info] Got 1 sessions for read:user,repo,user:email,workflow...
2026-02-28 14:07:50.853 [info] Getting sessions for all scopes...
2026-02-28 14:07:50.853 [info] Got 1 sessions for ...
2026-02-28 14:07:50.854 [info] Getting sessions for read:user,repo,user:email,workflow...
2026-02-28 14:07:50.854 [info] Got 1 sessions for read:user,repo,user:email,workflow...
2026-02-28 14:12:50.853 [info] Getting sessions for all scopes...
2026-02-28 14:12:50.853 [info] Got 1 sessions for ...
2026-02-28 14:12:50.854 [info] Getting sessions for read:user,repo,user:email,workflow...
2026-02-28 14:12:50.854 [info] Got 1 sessions for read:user,repo,user:email,workflow...
2026-02-28 14:14:51.792 [info] Getting sessions for all scopes...
2026-02-28 14:14:51.792 [info] Got 1 sessions for ...
2026-02-28 14:14:51.793 [info] Getting sessions for read:user,repo,user:email,workflow...
2026-02-28 14:14:51.793 [info] Got 1 sessions for read:user,repo,user:email,workflow...
2026-02-28 14:15:27.708 [info] Getting sessions for all scopes...
2026-02-28 14:15:27.708 [info] Got 1 sessions for ...
2026-02-28 14:15:27.711 [info] Getting sessions for read:user,repo,user:email,workflow...
2026-02-28 14:15:27.711 [info] Got 1 sessions for read:user,repo,user:email,workflow...
