2026-01-18 20:13:24.717 [info] Reading sessions from keychain...
2026-01-18 20:13:24.717 [info] Got stored sessions!
2026-01-18 20:13:24.717 [info] Got 1 verified sessions.
2026-01-18 20:13:24.717 [info] Getting sessions for all scopes...
2026-01-18 20:13:24.717 [info] Got 1 sessions for ...
2026-01-18 20:13:24.717 [info] Getting sessions for all scopes...
2026-01-18 20:13:24.717 [info] Got 1 sessions for ...
2026-01-18 20:13:24.717 [info] Getting sessions for all scopes...
2026-01-18 20:13:24.717 [info] Got 1 sessions for ...
2026-01-18 20:13:24.717 [info] Getting sessions for all scopes...
2026-01-18 20:13:24.717 [info] Got 1 sessions for ...
2026-01-18 20:13:24.717 [info] Getting sessions for all scopes...
2026-01-18 20:13:24.717 [info] Got 1 sessions for ...
2026-01-18 20:13:24.717 [info] Getting sessions for all scopes...
2026-01-18 20:13:24.717 [info] Got 1 sessions for ...
2026-01-18 20:13:24.717 [info] Getting sessions for all scopes...
2026-01-18 20:13:24.717 [info] Got 1 sessions for ...
2026-01-18 20:13:24.717 [info] Getting sessions for all scopes...
2026-01-18 20:13:24.717 [info] Got 1 sessions for ...
2026-01-18 20:13:24.717 [info] Getting sessions for all scopes...
2026-01-18 20:13:24.717 [info] Got 1 sessions for ...
2026-01-18 20:13:24.717 [info] Getting sessions for all scopes...
2026-01-18 20:13:24.717 [info] Got 1 sessions for ...
2026-01-18 20:13:24.717 [info] Getting sessions for all scopes...
2026-01-18 20:13:24.717 [info] Got 1 sessions for ...
2026-01-18 20:13:24.717 [info] Getting sessions for all scopes...
2026-01-18 20:13:24.717 [info] Got 1 sessions for ...
2026-01-18 20:13:24.717 [info] Getting sessions for all scopes...
2026-01-18 20:13:24.717 [info] Got 1 sessions for ...
2026-01-18 20:13:24.717 [info] Getting sessions for all scopes...
2026-01-18 20:13:24.717 [info] Got 1 sessions for ...
2026-01-18 20:13:24.717 [info] Getting sessions for all scopes...
2026-01-18 20:13:24.717 [info] Got 1 sessions for ...
2026-01-18 20:13:24.717 [info] Getting sessions for all scopes...
2026-01-18 20:13:24.717 [info] Got 1 sessions for ...
2026-01-18 20:13:24.717 [info] Getting sessions for all scopes...
2026-01-18 20:13:24.717 [info] Got 1 sessions for ...
2026-01-18 20:13:24.717 [info] Getting sessions for all scopes...
2026-01-18 20:13:24.717 [info] Got 1 sessions for ...
2026-01-18 20:13:24.717 [info] Getting sessions for all scopes...
2026-01-18 20:13:24.717 [info] Got 1 sessions for ...
2026-01-18 20:13:24.717 [info] Getting sessions for read:user,repo,user:email,workflow...
2026-01-18 20:13:24.717 [info] Got 1 sessions for read:user,repo,user:email,workflow...
2026-01-18 20:13:25.011 [info] Getting sessions for all scopes...
2026-01-18 20:13:25.011 [info] Got 1 sessions for ...
2026-01-18 20:13:25.018 [info] Getting sessions for read:user,repo,user:email,workflow...
2026-01-18 20:13:25.018 [info] Got 1 sessions for read:user,repo,user:email,workflow...
2026-01-18 20:13:25.207 [info] Getting sessions for all scopes...
2026-01-18 20:13:25.207 [info] Got 1 sessions for ...
2026-01-18 20:13:25.208 [info] Getting sessions for all scopes...
2026-01-18 20:13:25.208 [info] Got 1 sessions for ...
2026-01-18 20:13:25.230 [info] Getting sessions for read:user,repo,user:email,workflow...
2026-01-18 20:13:25.230 [info] Got 1 sessions for read:user,repo,user:email,workflow...
2026-01-18 20:13:25.830 [info] Getting sessions for read:user,repo,user:email,workflow...
2026-01-18 20:13:25.830 [info] Got 1 sessions for read:user,repo,user:email,workflow...
2026-01-18 20:13:26.294 [info] FetcherService: Electron fetch failed with status: 429 
2026-01-18 20:13:26.296 [info] Unable to resolve optional EDU details. Status: 429 
2026-01-18 20:13:26.354 [info] Getting sessions for all scopes...
2026-01-18 20:13:26.354 [info] Got 1 sessions for ...
2026-01-18 20:13:26.354 [info] Getting sessions for all scopes...
2026-01-18 20:13:26.354 [info] Got 1 sessions for ...
2026-01-18 20:13:26.430 [info] Getting sessions for read:user,repo,user:email,workflow...
2026-01-18 20:13:26.430 [info] Got 1 sessions for read:user,repo,user:email,workflow...
2026-01-18 20:13:26.556 [info] Getting sessions for all scopes...
2026-01-18 20:13:26.556 [info] Got 1 sessions for ...
2026-01-18 20:13:26.568 [info] Getting sessions for all scopes...
2026-01-18 20:13:26.568 [info] Got 1 sessions for ...
2026-01-18 20:13:26.568 [info] Getting sessions for all scopes...
2026-01-18 20:13:26.568 [info] Got 1 sessions for ...
2026-01-18 20:13:26.579 [info] Getting sessions for all scopes...
2026-01-18 20:13:26.579 [info] Got 1 sessions for ...
2026-01-18 20:13:26.661 [info] Getting sessions for read:user,repo,user:email,workflow...
2026-01-18 20:13:26.661 [info] Got 1 sessions for read:user,repo,user:email,workflow...
2026-01-18 20:13:26.764 [info] Getting sessions for all scopes...
2026-01-18 20:13:26.764 [info] Got 1 sessions for ...
2026-01-18 20:13:28.515 [info] Getting sessions for all scopes...
2026-01-18 20:13:28.516 [info] Got 1 sessions for ...
2026-01-18 20:13:28.516 [info] Getting sessions for all scopes...
2026-01-18 20:13:28.516 [info] Got 1 sessions for ...
2026-01-18 20:13:28.754 [info] Getting sessions for read:user,repo,user:email,workflow...
2026-01-18 20:13:28.754 [info] Got 1 sessions for read:user,repo,user:email,workflow...
2026-01-18 20:13:28.851 [info] Getting sessions for all scopes...
2026-01-18 20:13:28.851 [info] Got 1 sessions for ...
2026-01-18 20:13:28.884 [info] Getting sessions for read:user,repo,user:email,workflow...
2026-01-18 20:13:28.884 [info] Got 1 sessions for read:user,repo,user:email,workflow...
2026-01-18 20:13:29.074 [info] Getting sessions for all scopes...
2026-01-18 20:13:29.074 [info] Got 1 sessions for ...
2026-01-18 20:13:29.285 [info] Getting sessions for read:user,repo,user:email,workflow...
2026-01-18 20:13:29.285 [info] Got 1 sessions for read:user,repo,user:email,workflow...
2026-01-18 20:13:34.350 [info] Getting sessions for all scopes...
2026-01-18 20:13:34.350 [info] Got 1 sessions for ...
2026-01-18 20:13:34.517 [info] Getting sessions for read:user,repo,user:email,workflow...
2026-01-18 20:13:34.517 [info] Got 1 sessions for read:user,repo,user:email,workflow...
2026-01-18 20:14:42.549 [info] Getting sessions for all scopes...
2026-01-18 20:14:42.549 [info] Got 1 sessions for ...
2026-01-18 20:14:42.550 [info] Getting sessions for all scopes...
2026-01-18 20:14:42.550 [info] Got 1 sessions for ...
2026-01-18 20:18:26.518 [info] Getting sessions for all scopes...
2026-01-18 20:18:26.518 [info] Got 1 sessions for ...
2026-01-18 20:18:26.520 [info] Getting sessions for read:user,repo,user:email,workflow...
2026-01-18 20:18:26.520 [info] Got 1 sessions for read:user,repo,user:email,workflow...
2026-01-18 20:19:06.467 [info] Getting sessions for all scopes...
2026-01-18 20:19:06.467 [info] Got 1 sessions for ...
2026-01-18 20:19:06.469 [info] Getting sessions for read:user,repo,user:email,workflow...
2026-01-18 20:19:06.469 [info] Got 1 sessions for read:user,repo,user:email,workflow...
