2026-02-04 19:06:16.066 [info] Reading sessions from keychain...
2026-02-04 19:06:16.066 [info] Getting sessions for all scopes...
2026-02-04 19:06:16.066 [info] Got stored sessions!
2026-02-04 19:06:16.066 [info] Got 1 verified sessions.
2026-02-04 19:06:16.066 [info] Got 1 sessions for ...
2026-02-04 19:06:16.066 [info] Getting sessions for all scopes...
2026-02-04 19:06:16.066 [info] Got 1 sessions for ...
2026-02-04 19:06:16.066 [info] Getting sessions for all scopes...
2026-02-04 19:06:16.066 [info] Got 1 sessions for ...
2026-02-04 19:06:16.066 [info] Getting sessions for all scopes...
2026-02-04 19:06:16.066 [info] Got 1 sessions for ...
2026-02-04 19:06:16.066 [info] Getting sessions for all scopes...
2026-02-04 19:06:16.066 [info] Got 1 sessions for ...
2026-02-04 19:06:16.066 [info] Getting sessions for all scopes...
2026-02-04 19:06:16.066 [info] Got 1 sessions for ...
2026-02-04 19:06:16.066 [info] Getting sessions for all scopes...
2026-02-04 19:06:16.066 [info] Got 1 sessions for ...
2026-02-04 19:06:16.066 [info] Getting sessions for all scopes...
2026-02-04 19:06:16.066 [info] Got 1 sessions for ...
2026-02-04 19:06:16.066 [info] Getting sessions for all scopes...
2026-02-04 19:06:16.066 [info] Got 1 sessions for ...
2026-02-04 19:06:16.066 [info] Getting sessions for all scopes...
2026-02-04 19:06:16.066 [info] Got 1 sessions for ...
2026-02-04 19:06:16.066 [info] Getting sessions for all scopes...
2026-02-04 19:06:16.066 [info] Got 1 sessions for ...
2026-02-04 19:06:16.066 [info] Getting sessions for all scopes...
2026-02-04 19:06:16.066 [info] Got 1 sessions for ...
2026-02-04 19:06:16.066 [info] Getting sessions for all scopes...
2026-02-04 19:06:16.066 [info] Got 1 sessions for ...
2026-02-04 19:06:16.066 [info] Getting sessions for all scopes...
2026-02-04 19:06:16.066 [info] Got 1 sessions for ...
2026-02-04 19:06:16.066 [info] Getting sessions for all scopes...
2026-02-04 19:06:16.066 [info] Got 1 sessions for ...
2026-02-04 19:06:16.066 [info] Getting sessions for all scopes...
2026-02-04 19:06:16.066 [info] Got 1 sessions for ...
2026-02-04 19:06:16.066 [info] Getting sessions for all scopes...
2026-02-04 19:06:16.066 [info] Got 1 sessions for ...
2026-02-04 19:06:16.066 [info] Getting sessions for all scopes...
2026-02-04 19:06:16.066 [info] Got 1 sessions for ...
2026-02-04 19:06:16.066 [info] Getting sessions for read:user,repo,user:email,workflow...
2026-02-04 19:06:16.066 [info] Got 1 sessions for read:user,repo,user:email,workflow...
2026-02-04 19:06:16.545 [info] Getting sessions for read:user,repo,user:email,workflow...
2026-02-04 19:06:16.545 [info] Got 1 sessions for read:user,repo,user:email,workflow...
2026-02-04 19:06:16.806 [info] Getting sessions for all scopes...
2026-02-04 19:06:16.807 [info] Got 1 sessions for ...
2026-02-04 19:06:16.842 [info] Getting sessions for all scopes...
2026-02-04 19:06:16.842 [info] Got 1 sessions for ...
2026-02-04 19:06:16.843 [info] Getting sessions for all scopes...
2026-02-04 19:06:16.843 [info] Got 1 sessions for ...
2026-02-04 19:06:16.856 [info] Getting sessions for read:user,repo,user:email,workflow...
2026-02-04 19:06:16.856 [info] Got 1 sessions for read:user,repo,user:email,workflow...
2026-02-04 19:06:16.881 [info] Getting sessions for all scopes...
2026-02-04 19:06:16.882 [info] Got 1 sessions for ...
2026-02-04 19:06:16.884 [info] Getting sessions for read:user,repo,user:email,workflow...
2026-02-04 19:06:16.884 [info] Got 1 sessions for read:user,repo,user:email,workflow...
2026-02-04 19:06:17.595 [info] Getting sessions for all scopes...
2026-02-04 19:06:17.595 [info] Got 1 sessions for ...
2026-02-04 19:06:17.627 [info] Getting sessions for read:user,repo,user:email,workflow...
2026-02-04 19:06:17.627 [info] Got 1 sessions for read:user,repo,user:email,workflow...
2026-02-04 19:06:17.627 [info] Getting sessions for all scopes...
2026-02-04 19:06:17.627 [info] Got 1 sessions for ...
2026-02-04 19:06:17.645 [info] Getting sessions for read:user,repo,user:email,workflow...
2026-02-04 19:06:17.645 [info] Got 1 sessions for read:user,repo,user:email,workflow...
2026-02-04 19:06:17.787 [info] Getting sessions for all scopes...
2026-02-04 19:06:17.787 [info] Got 1 sessions for ...
2026-02-04 19:06:17.800 [info] Getting sessions for all scopes...
2026-02-04 19:06:17.800 [info] Got 1 sessions for ...
2026-02-04 19:06:17.800 [info] Getting sessions for all scopes...
2026-02-04 19:06:17.800 [info] Got 1 sessions for ...
2026-02-04 19:06:17.807 [info] Getting sessions for all scopes...
2026-02-04 19:06:17.807 [info] Got 1 sessions for ...
2026-02-04 19:06:17.864 [info] Getting sessions for read:user,repo,user:email,workflow...
2026-02-04 19:06:17.864 [info] Got 1 sessions for read:user,repo,user:email,workflow...
2026-02-04 19:06:17.918 [info] FetcherService: Electron fetch failed with status: 429 
2026-02-04 19:06:17.920 [info] Unable to resolve optional EDU details. Status: 429 
2026-02-04 19:11:53.966 [info] Getting sessions for all scopes...
2026-02-04 19:11:53.966 [info] Got 1 sessions for ...
2026-02-04 19:11:53.967 [info] Getting sessions for read:user,repo,user:email,workflow...
2026-02-04 19:11:53.967 [info] Got 1 sessions for read:user,repo,user:email,workflow...
2026-02-04 19:22:03.177 [info] Getting sessions for all scopes...
2026-02-04 19:22:03.177 [info] Got 1 sessions for ...
2026-02-04 19:22:03.178 [info] Getting sessions for read:user,repo,user:email,workflow...
2026-02-04 19:22:03.178 [info] Got 1 sessions for read:user,repo,user:email,workflow...
2026-02-04 19:32:49.789 [info] Getting sessions for all scopes...
2026-02-04 19:32:49.789 [info] Got 1 sessions for ...
2026-02-04 19:32:49.791 [info] Getting sessions for read:user,repo,user:email,workflow...
2026-02-04 19:32:49.791 [info] Got 1 sessions for read:user,repo,user:email,workflow...
2026-02-04 19:35:10.518 [info] Getting sessions for all scopes...
2026-02-04 19:35:10.518 [info] Got 1 sessions for ...
2026-02-04 19:35:10.519 [info] Getting sessions for read:user,repo,user:email,workflow...
2026-02-04 19:35:10.519 [info] Got 1 sessions for read:user,repo,user:email,workflow...
2026-02-04 19:35:11.185 [info] Getting sessions for all scopes...
2026-02-04 19:35:11.185 [info] Got 1 sessions for ...
2026-02-04 19:35:11.186 [info] Getting sessions for all scopes...
2026-02-04 19:35:11.186 [info] Got 1 sessions for ...
2026-02-04 19:35:11.187 [info] Getting sessions for read:user,repo,user:email,workflow...
2026-02-04 19:35:11.187 [info] Got 1 sessions for read:user,repo,user:email,workflow...
2026-02-04 19:35:11.194 [info] Getting sessions for all scopes...
2026-02-04 19:35:11.194 [info] Got 1 sessions for ...
2026-02-04 19:35:11.198 [info] Getting sessions for read:user,repo,user:email,workflow...
2026-02-04 19:35:11.198 [info] Got 1 sessions for read:user,repo,user:email,workflow...
2026-02-04 19:35:11.895 [info] Getting sessions for all scopes...
2026-02-04 19:35:11.895 [info] Got 1 sessions for ...
2026-02-04 19:35:11.896 [info] Getting sessions for read:user,repo,user:email,workflow...
2026-02-04 19:35:11.896 [info] Got 1 sessions for read:user,repo,user:email,workflow...
2026-02-04 19:49:22.109 [info] Getting sessions for all scopes...
2026-02-04 19:49:22.109 [info] Got 1 sessions for ...
2026-02-04 19:49:22.132 [info] Getting sessions for read:user,repo,user:email,workflow...
2026-02-04 19:49:22.132 [info] Got 1 sessions for read:user,repo,user:email,workflow...
2026-02-04 20:06:11.845 [info] Getting sessions for all scopes...
2026-02-04 20:06:11.845 [info] Got 1 sessions for ...
2026-02-04 20:06:11.848 [info] Getting sessions for read:user,repo,user:email,workflow...
2026-02-04 20:06:11.848 [info] Got 1 sessions for read:user,repo,user:email,workflow...
2026-02-04 20:08:13.965 [info] Getting sessions for all scopes...
2026-02-04 20:08:13.965 [info] Got 1 sessions for ...
2026-02-04 20:08:13.968 [info] Getting sessions for all scopes...
2026-02-04 20:08:13.969 [info] Got 1 sessions for ...
2026-02-04 20:08:14.763 [info] Getting sessions for all scopes...
2026-02-04 20:08:14.763 [info] Got 1 sessions for ...
2026-02-04 20:08:14.764 [info] Getting sessions for all scopes...
2026-02-04 20:08:14.764 [info] Got 1 sessions for ...
2026-02-04 20:08:14.766 [info] Getting sessions for read:user,repo,user:email,workflow...
2026-02-04 20:08:14.766 [info] Got 1 sessions for read:user,repo,user:email,workflow...
2026-02-04 20:08:14.770 [info] Getting sessions for all scopes...
2026-02-04 20:08:14.770 [info] Got 1 sessions for ...
2026-02-04 20:08:14.773 [info] Getting sessions for read:user,repo,user:email,workflow...
2026-02-04 20:08:14.773 [info] Got 1 sessions for read:user,repo,user:email,workflow...
2026-02-04 20:08:15.783 [info] Getting sessions for all scopes...
2026-02-04 20:08:15.783 [info] Got 1 sessions for ...
2026-02-04 20:08:15.784 [info] Getting sessions for all scopes...
2026-02-04 20:08:15.784 [info] Got 1 sessions for ...
2026-02-04 20:08:15.786 [info] Getting sessions for read:user,repo,user:email,workflow...
2026-02-04 20:08:15.786 [info] Got 1 sessions for read:user,repo,user:email,workflow...
2026-02-04 20:08:15.793 [info] Getting sessions for all scopes...
2026-02-04 20:08:15.793 [info] Got 1 sessions for ...
2026-02-04 20:08:15.795 [info] Getting sessions for read:user,repo,user:email,workflow...
2026-02-04 20:08:15.795 [info] Got 1 sessions for read:user,repo,user:email,workflow...
2026-02-04 20:08:16.509 [info] Getting sessions for all scopes...
2026-02-04 20:08:16.509 [info] Got 1 sessions for ...
2026-02-04 20:08:16.512 [info] Getting sessions for read:user,repo,user:email,workflow...
2026-02-04 20:08:16.512 [info] Got 1 sessions for read:user,repo,user:email,workflow...
2026-02-04 20:55:38.600 [info] Getting sessions for all scopes...
2026-02-04 20:55:38.600 [info] Got 1 sessions for ...
2026-02-04 20:55:38.601 [info] Getting sessions for read:user,repo,user:email,workflow...
2026-02-04 20:55:38.601 [info] Got 1 sessions for read:user,repo,user:email,workflow...
2026-02-04 21:03:17.002 [info] Getting sessions for all scopes...
2026-02-04 21:03:17.002 [info] Got 1 sessions for ...
2026-02-04 21:03:17.003 [info] Getting sessions for read:user,repo,user:email,workflow...
2026-02-04 21:03:17.003 [info] Got 1 sessions for read:user,repo,user:email,workflow...
2026-02-04 21:03:17.855 [info] Getting sessions for all scopes...
2026-02-04 21:03:17.855 [info] Got 1 sessions for ...
2026-02-04 21:03:17.855 [info] Getting sessions for all scopes...
2026-02-04 21:03:17.855 [info] Got 1 sessions for ...
2026-02-04 21:03:17.856 [info] Getting sessions for read:user,repo,user:email,workflow...
2026-02-04 21:03:17.856 [info] Got 1 sessions for read:user,repo,user:email,workflow...
2026-02-04 21:03:17.859 [info] Getting sessions for all scopes...
2026-02-04 21:03:17.859 [info] Got 1 sessions for ...
2026-02-04 21:03:17.860 [info] Getting sessions for read:user,repo,user:email,workflow...
2026-02-04 21:03:17.860 [info] Got 1 sessions for read:user,repo,user:email,workflow...
2026-02-04 21:03:18.559 [info] Getting sessions for all scopes...
2026-02-04 21:03:18.559 [info] Got 1 sessions for ...
2026-02-04 21:03:18.560 [info] Getting sessions for read:user,repo,user:email,workflow...
2026-02-04 21:03:18.560 [info] Got 1 sessions for read:user,repo,user:email,workflow...
2026-02-04 21:13:09.802 [info] Getting sessions for all scopes...
2026-02-04 21:13:09.802 [info] Got 1 sessions for ...
2026-02-04 21:13:09.803 [info] Getting sessions for read:user,repo,user:email,workflow...
2026-02-04 21:13:09.803 [info] Got 1 sessions for read:user,repo,user:email,workflow...
