2026-01-24 18:43:48.084 [info] Reading sessions from keychain...
2026-01-24 18:43:48.084 [info] Getting sessions for all scopes...
2026-01-24 18:43:48.084 [info] Got stored sessions!
2026-01-24 18:43:48.084 [info] Got 1 verified sessions.
2026-01-24 18:43:48.084 [info] Got 1 sessions for ...
2026-01-24 18:43:48.084 [info] Getting sessions for all scopes...
2026-01-24 18:43:48.084 [info] Got 1 sessions for ...
2026-01-24 18:43:48.084 [info] Getting sessions for all scopes...
2026-01-24 18:43:48.084 [info] Got 1 sessions for ...
2026-01-24 18:43:48.084 [info] Getting sessions for all scopes...
2026-01-24 18:43:48.084 [info] Got 1 sessions for ...
2026-01-24 18:43:48.084 [info] Getting sessions for all scopes...
2026-01-24 18:43:48.084 [info] Got 1 sessions for ...
2026-01-24 18:43:48.084 [info] Getting sessions for all scopes...
2026-01-24 18:43:48.084 [info] Got 1 sessions for ...
2026-01-24 18:43:48.084 [info] Getting sessions for all scopes...
2026-01-24 18:43:48.084 [info] Got 1 sessions for ...
2026-01-24 18:43:48.084 [info] Getting sessions for all scopes...
2026-01-24 18:43:48.084 [info] Got 1 sessions for ...
2026-01-24 18:43:48.084 [info] Getting sessions for all scopes...
2026-01-24 18:43:48.084 [info] Got 1 sessions for ...
2026-01-24 18:43:48.084 [info] Getting sessions for all scopes...
2026-01-24 18:43:48.084 [info] Got 1 sessions for ...
2026-01-24 18:43:48.154 [info] Getting sessions for all scopes...
2026-01-24 18:43:48.154 [info] Got 1 sessions for ...
2026-01-24 18:43:48.155 [info] Getting sessions for all scopes...
2026-01-24 18:43:48.155 [info] Got 1 sessions for ...
2026-01-24 18:43:48.577 [info] Getting sessions for all scopes...
2026-01-24 18:43:48.577 [info] Got 1 sessions for ...
2026-01-24 18:43:48.578 [info] Getting sessions for all scopes...
2026-01-24 18:43:48.578 [info] Got 1 sessions for ...
2026-01-24 18:43:48.578 [info] Getting sessions for all scopes...
2026-01-24 18:43:48.578 [info] Got 1 sessions for ...
2026-01-24 18:43:48.578 [info] Getting sessions for all scopes...
2026-01-24 18:43:48.578 [info] Got 1 sessions for ...
2026-01-24 18:43:48.578 [info] Getting sessions for all scopes...
2026-01-24 18:43:48.578 [info] Got 1 sessions for ...
2026-01-24 18:43:48.578 [info] Getting sessions for all scopes...
2026-01-24 18:43:48.578 [info] Got 1 sessions for ...
2026-01-24 18:43:48.729 [info] Getting sessions for all scopes...
2026-01-24 18:43:48.729 [info] Got 1 sessions for ...
2026-01-24 18:43:48.885 [info] Getting sessions for read:user,repo,user:email,workflow...
2026-01-24 18:43:48.885 [info] Got 1 sessions for read:user,repo,user:email,workflow...
2026-01-24 18:43:49.386 [info] Getting sessions for all scopes...
2026-01-24 18:43:49.386 [info] Got 1 sessions for ...
2026-01-24 18:43:49.403 [info] Getting sessions for read:user,repo,user:email,workflow...
2026-01-24 18:43:49.403 [info] Got 1 sessions for read:user,repo,user:email,workflow...
2026-01-24 18:43:49.926 [info] Getting sessions for all scopes...
2026-01-24 18:43:49.927 [info] Got 1 sessions for ...
2026-01-24 18:43:49.927 [info] Getting sessions for all scopes...
2026-01-24 18:43:49.927 [info] Got 1 sessions for ...
2026-01-24 18:43:50.012 [info] Getting sessions for read:user,repo,user:email,workflow...
2026-01-24 18:43:50.012 [info] Got 1 sessions for read:user,repo,user:email,workflow...
2026-01-24 18:43:50.458 [info] FetcherService: Electron fetch failed with status: 429 
2026-01-24 18:43:50.460 [info] Unable to resolve optional EDU details. Status: 429 
2026-01-24 18:43:50.921 [info] Getting sessions for read:user,repo,user:email,workflow...
2026-01-24 18:43:50.921 [info] Got 1 sessions for read:user,repo,user:email,workflow...
2026-01-24 18:43:50.932 [info] Getting sessions for all scopes...
2026-01-24 18:43:50.932 [info] Got 1 sessions for ...
2026-01-24 18:43:50.932 [info] Getting sessions for all scopes...
2026-01-24 18:43:50.932 [info] Got 1 sessions for ...
2026-01-24 18:43:51.107 [info] Getting sessions for read:user,repo,user:email,workflow...
2026-01-24 18:43:51.107 [info] Got 1 sessions for read:user,repo,user:email,workflow...
2026-01-24 18:43:51.345 [info] Getting sessions for all scopes...
2026-01-24 18:43:51.345 [info] Got 1 sessions for ...
2026-01-24 18:43:51.347 [info] Getting sessions for all scopes...
2026-01-24 18:43:51.348 [info] Got 1 sessions for ...
2026-01-24 18:43:51.348 [info] Getting sessions for all scopes...
2026-01-24 18:43:51.348 [info] Got 1 sessions for ...
2026-01-24 18:43:51.383 [info] Getting sessions for all scopes...
2026-01-24 18:43:51.383 [info] Got 1 sessions for ...
2026-01-24 18:43:51.498 [info] Getting sessions for read:user,repo,user:email,workflow...
2026-01-24 18:43:51.498 [info] Got 1 sessions for read:user,repo,user:email,workflow...
2026-01-24 18:43:53.689 [info] Getting sessions for all scopes...
2026-01-24 18:43:53.689 [info] Got 1 sessions for ...
2026-01-24 18:43:53.689 [info] Getting sessions for all scopes...
2026-01-24 18:43:53.689 [info] Got 1 sessions for ...
2026-01-24 18:43:54.043 [info] Getting sessions for read:user,repo,user:email,workflow...
2026-01-24 18:43:54.043 [info] Got 1 sessions for read:user,repo,user:email,workflow...
2026-01-24 18:43:54.291 [info] Getting sessions for all scopes...
2026-01-24 18:43:54.291 [info] Got 1 sessions for ...
2026-01-24 18:43:54.352 [info] Getting sessions for read:user,repo,user:email,workflow...
2026-01-24 18:43:54.352 [info] Got 1 sessions for read:user,repo,user:email,workflow...
2026-01-24 18:43:58.721 [info] Getting sessions for all scopes...
2026-01-24 18:43:58.721 [info] Got 1 sessions for ...
2026-01-24 18:43:58.744 [info] Getting sessions for read:user,repo,user:email,workflow...
2026-01-24 18:43:58.744 [info] Got 1 sessions for read:user,repo,user:email,workflow...
2026-01-24 18:45:27.932 [info] Getting sessions for all scopes...
2026-01-24 18:45:27.932 [info] Got 1 sessions for ...
2026-01-24 18:45:27.934 [info] Getting sessions for read:user,repo,user:email,workflow...
2026-01-24 18:45:27.934 [info] Got 1 sessions for read:user,repo,user:email,workflow...
